#######################
Slurm job id: 17497813_102
Running on machine: p46
Running cmd: /nfs/shared/static-builds/gurobi1003 SOFTMEMLIMIT=125 MIPFocus=1 Presolve=1 TimeLimit=300 seed=1 /nfs/models/miplib2010/k16x240.mps.bz2
#######################
Set parameter TimeLimit to value 300
Set parameter SoftMemLimit to value 125
Set parameter MIPFocus to value 1
Set parameter LogFile to value 1003-MIPFocus1-Presolve1-TimeLimit300-k16x240-1.log
Set parameter Presolve to value 1
Set parameter Seed to value 1
Using license file /opt/gurobi/gurobi.lic

Gurobi Optimizer version 10.0.3 build v10.0.3rc0 (linux64)
Copyright (c) 2023, Gurobi Optimization, LLC

Read MPS format model from file /nfs/models/miplib2010/k16x240.mps.bz2
Reading time = 0.00 seconds
k16x240: 256 rows, 480 columns, 960 nonzeros

CPU model: Intel(R) Xeon(R) E-2388G CPU @ 3.20GHz, instruction set [SSE2|AVX|AVX2|AVX512]
Thread count: 8 physical cores, 16 logical processors, using up to 16 threads

Optimize a model with 256 rows, 480 columns and 960 nonzeros
Model fingerprint: 0x4e80885f
Variable types: 240 continuous, 240 integer (240 binary)
Coefficient statistics:
  Matrix range     [1e+00, 1e+03]
  Objective range  [1e+00, 1e+03]
  Bounds range     [1e+00, 1e+03]
  RHS range        [4e+00, 4e+02]
Found heuristic solution: objective 18783.000000
Presolve time: 0.00s
Presolved: 256 rows, 480 columns, 960 nonzeros
Variable types: 240 continuous, 240 integer (240 binary)

Root relaxation: objective 2.769838e+03, 51 iterations, 0.00 seconds (0.00 work units)

    Nodes    |    Current Node    |     Objective Bounds      |     Work
 Expl Unexpl |  Obj  Depth IntInf | Incumbent    BestBd   Gap | It/Node Time

     0     0 2769.83800    0   14 18783.0000 2769.83800  85.3%     -    0s
H    0     0                    11359.000000 2769.83800  75.6%     -    0s
H    0     0                    11195.000000 2769.83800  75.3%     -    0s
H    0     0                    11074.000000 8084.69631  27.0%     -    0s
     0     0 8084.69631    0   26 11074.0000 8084.69631  27.0%     -    0s
H    0     0                    10916.000000 8084.69631  25.9%     -    0s
     0     0 8528.16906    0   24 10916.0000 8528.16906  21.9%     -    0s
     0     0 8539.15185    0   34 10916.0000 8539.15185  21.8%     -    0s
     0     0 8548.03675    0   29 10916.0000 8548.03675  21.7%     -    0s
H    0     0                    10896.000000 8548.03675  21.5%     -    0s
     0     0 8723.95774    0   32 10896.0000 8723.95774  19.9%     -    0s
H    0     0                    10804.000000 8723.95774  19.3%     -    0s
     0     0 8760.07488    0   26 10804.0000 8760.07488  18.9%     -    0s
     0     0 8809.36176    0   41 10804.0000 8809.36176  18.5%     -    0s
     0     0 8822.72607    0   28 10804.0000 8822.72607  18.3%     -    0s
     0     0 8825.19269    0   28 10804.0000 8825.19269  18.3%     -    0s
     0     0 8825.52527    0   33 10804.0000 8825.52527  18.3%     -    0s
     0     0 8899.33123    0   42 10804.0000 8899.33123  17.6%     -    0s
H    0     0                    10748.000000 8899.33123  17.2%     -    0s
     0     0 8938.97664    0   36 10748.0000 8938.97664  16.8%     -    0s
     0     0 8971.48560    0   41 10748.0000 8971.48560  16.5%     -    0s
     0     0 8982.85357    0   37 10748.0000 8982.85357  16.4%     -    0s
     0     0 9008.35844    0   39 10748.0000 9008.35844  16.2%     -    0s
     0     0 9014.02334    0   32 10748.0000 9014.02334  16.1%     -    0s
     0     0 9014.06286    0   35 10748.0000 9014.06286  16.1%     -    0s
     0     0 9069.80956    0   44 10748.0000 9069.80956  15.6%     -    0s
     0     2 9073.58016    0   44 10748.0000 9073.58016  15.6%     -    0s
H  249   203                    10746.000000 9193.56070  14.4%  24.2    0s
H  438   330                    10674.000000 9201.13548  13.8%  21.5    0s
 27933 14180 10084.1301   36   11 10674.0000 9837.28568  7.84%  19.7    5s
 78401 35134 10415.3124   32   15 10674.0000 9975.26952  6.55%  18.6   10s
 122417 49691 10471.9986   28   18 10674.0000 10038.6038  5.95%  18.1   15s
 177263 64844     cutoff   37      10674.0000 10092.6157  5.45%  17.6   20s
 222549 75545 10491.1801   34    4 10674.0000 10126.6101  5.13%  17.4   25s
 272666 85200     cutoff   27      10674.0000 10160.4234  4.81%  17.4   30s
 325293 94337 10614.2249   31   32 10674.0000 10191.2561  4.52%  17.2   35s
 373463 100778 10629.8125   55    4 10674.0000 10217.8254  4.27%  17.1   40s
 414503 104435 10591.0704   31   12 10674.0000 10233.7113  4.12%  16.9   45s
 466860 108892 10470.9003   33   14 10674.0000 10258.9565  3.89%  16.7   50s
 515257 111720 10319.4084   34   17 10674.0000 10280.8226  3.68%  16.6   55s
 557755 113213 10588.1559   52    4 10674.0000 10299.3794  3.51%  16.6   60s
 611073 113692 10542.8079   42    8 10674.0000 10321.8625  3.30%  16.6   65s
 658071 112386 10508.1386   38   16 10674.0000 10341.4221  3.12%  16.6   70s
 711432 108696 10476.3707   40   22 10674.0000 10364.2170  2.90%  16.5   75s
 763062 102712     cutoff   30      10674.0000 10386.7983  2.69%  16.3   80s
 817452 94132     cutoff   32      10674.0000 10410.8317  2.47%  16.2   85s
 870850 82095     cutoff   33      10674.0000 10438.0745  2.21%  16.1   90s
 928444 64324     cutoff   39      10674.0000 10471.4931  1.90%  15.9   95s
 985858 39919 10614.1327   46    8 10674.0000 10517.5968  1.47%  15.7  100s

Cutting planes:
  Gomory: 2
  Lift-and-project: 11
  Cover: 8
  Implied bound: 5
  MIR: 174
  Flow cover: 288
  Flow path: 53
  Inf proof: 4
  Zero half: 1
  Network: 56
  Relax-and-lift: 6

Explored 1044960 nodes (15973819 simplex iterations) in 103.51 seconds (101.04 work units)
Thread count was 16 (of 16 available processors)

Solution count 10: 10674 10746 10748 ... 18783

Optimal solution found (tolerance 1.00e-04)
Best objective 1.067400000000e+04, best bound 1.067400000000e+04, gap 0.0000%
