#######################
Slurm job id: 17497813_68
Running on machine: p29
Running cmd: /nfs/shared/static-builds/gurobi1003 SOFTMEMLIMIT=125 MIPFocus=2 Presolve=2 TimeLimit=500 seed=17 /nfs/models/miplib2010/k16x240.mps.bz2
#######################
Set parameter TimeLimit to value 500
Set parameter SoftMemLimit to value 125
Set parameter MIPFocus to value 2
Set parameter LogFile to value 1003-MIPFocus2-Presolve2-TimeLimit500-k16x240-7.log
Set parameter Presolve to value 2
Set parameter Seed to value 17
Using license file /opt/gurobi/gurobi.lic

Gurobi Optimizer version 10.0.3 build v10.0.3rc0 (linux64)
Copyright (c) 2023, Gurobi Optimization, LLC

Read MPS format model from file /nfs/models/miplib2010/k16x240.mps.bz2
Reading time = 0.00 seconds
k16x240: 256 rows, 480 columns, 960 nonzeros

CPU model: Intel(R) Xeon(R) E-2388G CPU @ 3.20GHz, instruction set [SSE2|AVX|AVX2|AVX512]
Thread count: 8 physical cores, 16 logical processors, using up to 16 threads

Optimize a model with 256 rows, 480 columns and 960 nonzeros
Model fingerprint: 0x4e80885f
Variable types: 240 continuous, 240 integer (240 binary)
Coefficient statistics:
  Matrix range     [1e+00, 1e+03]
  Objective range  [1e+00, 1e+03]
  Bounds range     [1e+00, 1e+03]
  RHS range        [4e+00, 4e+02]
Found heuristic solution: objective 21882.000000
Presolve time: 0.00s
Presolved: 256 rows, 480 columns, 960 nonzeros
Variable types: 240 continuous, 240 integer (240 binary)
Root relaxation presolve removed 241 rows and 240 columns
Root relaxation presolved: 15 rows, 240 columns, 450 nonzeros


Root relaxation: objective 2.769838e+03, 16 iterations, 0.00 seconds (0.00 work units)

    Nodes    |    Current Node    |     Objective Bounds      |     Work
 Expl Unexpl |  Obj  Depth IntInf | Incumbent    BestBd   Gap | It/Node Time

     0     0 2769.83800    0   14 21882.0000 2769.83800  87.3%     -    0s
H    0     0                    11359.000000 2769.83800  75.6%     -    0s
H    0     0                    11271.000000 2769.83800  75.4%     -    0s
H    0     0                    11261.000000 8116.87580  27.9%     -    0s
H    0     0                    11240.000000 8116.87580  27.8%     -    0s
H    0     0                    11164.000000 8116.87580  27.3%     -    0s
     0     0 8116.87580    0   26 11164.0000 8116.87580  27.3%     -    0s
H    0     0                    11077.000000 8116.87580  26.7%     -    0s
     0     0 8571.49855    0   28 11077.0000 8571.49855  22.6%     -    0s
     0     0 8595.10166    0   26 11077.0000 8595.10166  22.4%     -    0s
H    0     0                    11001.000000 8595.10166  21.9%     -    0s
     0     0 8728.09365    0   22 11001.0000 8728.09365  20.7%     -    0s
H    0     0                    10917.000000 8728.09365  20.1%     -    0s
H    0     0                    10807.000000 8786.97548  18.7%     -    0s
H    0     0                    10781.000000 8786.97548  18.5%     -    0s
     0     0 8786.97548    0   20 10781.0000 8786.97548  18.5%     -    0s
     0     0 8818.76343    0   35 10781.0000 8818.76343  18.2%     -    0s
     0     0 8819.35909    0   35 10781.0000 8819.35909  18.2%     -    0s
     0     0 8971.40880    0   36 10781.0000 8971.40880  16.8%     -    0s
     0     0 9005.84098    0   34 10781.0000 9005.84098  16.5%     -    0s
     0     0 9026.10511    0   34 10781.0000 9026.10511  16.3%     -    0s
     0     0 9042.52579    0   40 10781.0000 9042.52579  16.1%     -    0s
     0     0 9043.62336    0   37 10781.0000 9043.62336  16.1%     -    0s
     0     0 9107.32216    0   40 10781.0000 9107.32216  15.5%     -    0s
     0     0 9121.32001    0   38 10781.0000 9121.32001  15.4%     -    0s
     0     0 9122.05494    0   36 10781.0000 9122.05494  15.4%     -    0s
     0     0 9191.66635    0   45 10781.0000 9191.66635  14.7%     -    0s
     0     0 9191.66635    0   45 10781.0000 9191.66635  14.7%     -    0s
     0     2 9191.66635    0   45 10781.0000 9191.66635  14.7%     -    0s
H   63    72                    10779.000000 9302.46934  13.7%  51.3    0s
H   64    72                    10681.000000 9302.46934  12.9%  50.7    0s
H  190   196                    10674.000000 9302.46934  12.8%  33.2    0s
 21393  9413     cutoff   28      10674.0000 9970.75276  6.59%  29.2    5s
 63396 19486 10298.2792   40   13 10674.0000 10177.2179  4.65%  30.1   10s
 100621 21883 10503.4484   30   20 10674.0000 10293.5167  3.56%  30.6   15s
 137646 16502     cutoff   33      10674.0000 10413.3169  2.44%  30.9   20s

Cutting planes:
  Lift-and-project: 13
  Cover: 76
  Implied bound: 15
  MIR: 166
  Flow cover: 342
  Flow path: 48
  Inf proof: 4
  Zero half: 15
  Network: 47
  Relax-and-lift: 3

Explored 170597 nodes (5073238 simplex iterations) in 24.04 seconds (38.04 work units)
Thread count was 16 (of 16 available processors)

Solution count 10: 10674 10681 10779 ... 11240

Optimal solution found (tolerance 1.00e-04)
Best objective 1.067400000000e+04, best bound 1.067400000000e+04, gap 0.0000%
