#######################
Slurm job id: 17497813_108
Running on machine: p31
Running cmd: /nfs/shared/static-builds/gurobi1003 SOFTMEMLIMIT=125 MIPFocus=1 Presolve=1 TimeLimit=300 seed=7 /nfs/models/miplib2010/k16x240.mps.bz2
#######################
Set parameter TimeLimit to value 300
Set parameter SoftMemLimit to value 125
Set parameter MIPFocus to value 1
Set parameter LogFile to value 1003-MIPFocus1-Presolve1-TimeLimit300-k16x240-7.log
Set parameter Presolve to value 1
Set parameter Seed to value 7
Using license file /opt/gurobi/gurobi.lic

Gurobi Optimizer version 10.0.3 build v10.0.3rc0 (linux64)
Copyright (c) 2023, Gurobi Optimization, LLC

Read MPS format model from file /nfs/models/miplib2010/k16x240.mps.bz2
Reading time = 0.00 seconds
k16x240: 256 rows, 480 columns, 960 nonzeros

CPU model: Intel(R) Xeon(R) E-2388G CPU @ 3.20GHz, instruction set [SSE2|AVX|AVX2|AVX512]
Thread count: 8 physical cores, 16 logical processors, using up to 16 threads

Optimize a model with 256 rows, 480 columns and 960 nonzeros
Model fingerprint: 0x4e80885f
Variable types: 240 continuous, 240 integer (240 binary)
Coefficient statistics:
  Matrix range     [1e+00, 1e+03]
  Objective range  [1e+00, 1e+03]
  Bounds range     [1e+00, 1e+03]
  RHS range        [4e+00, 4e+02]
Found heuristic solution: objective 24303.000000
Presolve time: 0.00s
Presolved: 256 rows, 480 columns, 960 nonzeros
Variable types: 240 continuous, 240 integer (240 binary)

Root relaxation: objective 2.769838e+03, 51 iterations, 0.00 seconds (0.00 work units)

    Nodes    |    Current Node    |     Objective Bounds      |     Work
 Expl Unexpl |  Obj  Depth IntInf | Incumbent    BestBd   Gap | It/Node Time

     0     0 2769.83800    0   14 24303.0000 2769.83800  88.6%     -    0s
H    0     0                    11359.000000 2769.83800  75.6%     -    0s
H    0     0                    11195.000000 2769.83800  75.3%     -    0s
H    0     0                    11074.000000 8084.69631  27.0%     -    0s
     0     0 8084.69631    0   26 11074.0000 8084.69631  27.0%     -    0s
H    0     0                    10916.000000 8084.69631  25.9%     -    0s
     0     0 8528.16906    0   24 10916.0000 8528.16906  21.9%     -    0s
     0     0 8540.71383    0   29 10916.0000 8540.71383  21.8%     -    0s
     0     0 8548.03675    0   29 10916.0000 8548.03675  21.7%     -    0s
H    0     0                    10826.000000 8548.03675  21.0%     -    0s
     0     0 8750.03354    0   35 10826.0000 8750.03354  19.2%     -    0s
H    0     0                    10804.000000 8750.03354  19.0%     -    0s
     0     0 8806.24120    0   38 10804.0000 8806.24120  18.5%     -    0s
     0     0 8818.13729    0   28 10804.0000 8818.13729  18.4%     -    0s
     0     0 8825.19269    0   28 10804.0000 8825.19269  18.3%     -    0s
     0     0 8825.57292    0   35 10804.0000 8825.57292  18.3%     -    0s
     0     0 8900.49919    0   44 10804.0000 8900.49919  17.6%     -    0s
     0     0 8935.81483    0   42 10804.0000 8935.81483  17.3%     -    0s
     0     0 8974.44107    0   31 10804.0000 8974.44107  16.9%     -    0s
     0     0 8999.22289    0   43 10804.0000 8999.22289  16.7%     -    0s
     0     0 9009.33208    0   49 10804.0000 9009.33208  16.6%     -    0s
     0     0 9011.42695    0   43 10804.0000 9011.42695  16.6%     -    0s
     0     0 9011.51612    0   40 10804.0000 9011.51612  16.6%     -    0s
     0     0 9067.10850    0   42 10804.0000 9067.10850  16.1%     -    0s
     0     2 9068.69944    0   42 10804.0000 9068.69944  16.1%     -    0s
H    1     4                    10748.000000 9068.69944  15.6%   0.0    0s
H  119   144                    10746.000000 9133.10434  15.0%  31.3    0s
H  248   258                    10674.000000 9215.00377  13.7%  21.7    0s
 23559 12266 10629.2461   47    3 10674.0000 9819.90895  8.00%  19.3    5s
 69086 29724 10185.0260   28   28 10674.0000 9987.93583  6.43%  19.2   10s
 105590 44814 10590.3949   40    9 10674.0000 10059.7280  5.75%  18.8   15s
 164222 55362 10599.1389   30   20 10674.0000 10129.3751  5.10%  18.2   20s
 211762 64703 10462.3927   27   24 10674.0000 10175.9963  4.67%  18.0   25s
 265085 73008 10477.6384   46   17 10674.0000 10217.2287  4.28%  17.8   30s
 312753 78856     cutoff   36      10674.0000 10249.4713  3.98%  17.5   35s
 356574 82379 10515.4973   32   16 10674.0000 10275.3928  3.73%  17.3   40s
 411864 85096     cutoff   46      10674.0000 10306.5412  3.44%  17.1   45s
 463127 85306 10654.6732   33   22 10674.0000 10333.6305  3.19%  16.9   50s
 515703 83242 10470.0087   33   13 10674.0000 10361.8025  2.92%  16.8   55s
 567390 78873     cutoff   34      10674.0000 10389.2677  2.67%  16.8   60s
 617500 72069 10467.0503   53   18 10674.0000 10416.8074  2.41%  16.7   65s
 675988 58533 10594.4901   41   15 10674.0000 10454.5850  2.06%  16.4   70s
 732489 38270     cutoff   40      10674.0000 10501.6346  1.61%  16.2   75s

Cutting planes:
  Gomory: 5
  Lift-and-project: 22
  Cover: 10
  Implied bound: 1
  MIR: 152
  Flow cover: 283
  Flow path: 48
  Inf proof: 22
  Network: 64
  Relax-and-lift: 8

Explored 795125 nodes (12455985 simplex iterations) in 79.30 seconds (76.17 work units)
Thread count was 16 (of 16 available processors)

Solution count 10: 10674 10746 10748 ... 24303

Optimal solution found (tolerance 1.00e-04)
Best objective 1.067400000000e+04, best bound 1.067400000000e+04, gap 0.0000%
