#######################



#######################
Set parameter TimeLimit to value 500
Set parameter SoftMemLimit to value 125
Set parameter LogFile to value 1003-TimeLimit500-k16x240-3.log
Set parameter Seed to value 13
Using license file /opt/gurobi/gurobi.lic

Gurobi Optimizer version 10.0.3 build v10.0.3rc0 (linux64)
Copyright (c) 2023, Gurobi Optimization, LLC

Read MPS format model from file /miplib2010/k16x240.mps.bz2
Reading time = 0.00 seconds
k16x240: 256 rows, 480 columns, 960 nonzeros

CPU model: Intel(R) Xeon(R) E-2388G CPU @ 3.20GHz, instruction set [SSE2|AVX|AVX2|AVX512]
Thread count: 8 physical cores, 16 logical processors, using up to 16 threads

Optimize a model with 256 rows, 480 columns and 960 nonzeros
Model fingerprint: 0x4e80885f
Variable types: 240 continuous, 240 integer (240 binary)
Coefficient statistics:
  Matrix range     [1e+00, 1e+03]
  Objective range  [1e+00, 1e+03]
  Bounds range     [1e+00, 1e+03]
  RHS range        [4e+00, 4e+02]
Found heuristic solution: objective 25767.000000
Presolve time: 0.00s
Presolved: 256 rows, 480 columns, 960 nonzeros
Variable types: 240 continuous, 240 integer (240 binary)

Root relaxation: objective 2.769838e+03, 51 iterations, 0.00 seconds (0.00 work units)

    Nodes    |    Current Node    |     Objective Bounds      |     Work
 Expl Unexpl |  Obj  Depth IntInf | Incumbent    BestBd   Gap | It/Node Time

     0     0 2769.83800    0   14 25767.0000 2769.83800  89.3%     -    0s
H    0     0                    11359.000000 2769.83800  75.6%     -    0s
H    0     0                    11195.000000 2769.83800  75.3%     -    0s
H    0     0                    11074.000000 8084.69631  27.0%     -    0s
     0     0 8084.69631    0   26 11074.0000 8084.69631  27.0%     -    0s
H    0     0                    10916.000000 8084.69631  25.9%     -    0s
     0     0 8528.16906    0   24 10916.0000 8528.16906  21.9%     -    0s
H    0     0                    10896.000000 8539.15185  21.6%     -    0s
     0     0 8539.15185    0   34 10896.0000 8539.15185  21.6%     -    0s
     0     0 8548.03675    0   29 10896.0000 8548.03675  21.5%     -    0s
H    0     0                    10779.000000 8548.03675  20.7%     -    0s
     0     0 8733.37944    0   34 10779.0000 8733.37944  19.0%     -    0s
H    0     0                    10717.000000 8733.37944  18.5%     -    0s
     0     0 8793.89382    0   28 10717.0000 8793.89382  17.9%     -    0s
     0     0 8813.48501    0   28 10717.0000 8813.48501  17.8%     -    0s
     0     0 8817.87868    0   34 10717.0000 8817.87868  17.7%     -    0s
H    0     0                    10711.000000 8891.35764  17.0%     -    0s
     0     0 8891.35764    0   39 10711.0000 8891.35764  17.0%     -    0s
     0     0 8908.83298    0   29 10711.0000 8908.83298  16.8%     -    0s
     0     0 8916.65120    0   24 10711.0000 8916.65120  16.8%     -    0s
     0     0 8920.16249    0   33 10711.0000 8920.16249  16.7%     -    0s
     0     0 9028.58527    0   28 10711.0000 9028.58527  15.7%     -    0s
     0     0 9047.72099    0   29 10711.0000 9047.72099  15.5%     -    0s
     0     0 9055.63988    0   33 10711.0000 9055.63988  15.5%     -    0s
     0     0 9104.28711    0   34 10711.0000 9104.28711  15.0%     -    0s
     0     0 9104.28711    0   34 10711.0000 9104.28711  15.0%     -    0s
H    0     2                    10681.000000 9104.28711  14.8%     -    0s
     0     2 9104.28711    0   34 10681.0000 9104.28711  14.8%     -    0s
H   38    40                    10678.000000 9269.55056  13.2%  48.6    0s
H  400   387                    10674.000000 9284.46243  13.0%  18.7    0s
 34909 13566 10115.9918   25   25 10674.0000 10047.0485  5.87%  24.0    5s
 77177 20274 10447.9123   35   15 10674.0000 10229.1814  4.17%  25.3   10s
 117724 17569 10541.6064   36    7 10674.0000 10376.7964  2.78%  26.0   15s
 158381     0 10633.8032   39   10 10674.0000 10611.1478  0.59%  25.4   20s

Cutting planes:
  Gomory: 2
  Lift-and-project: 12
  Cover: 77
  Implied bound: 29
  MIR: 184
  Flow cover: 316
  Flow path: 56
  Inf proof: 3
  Zero half: 12
  Network: 59
  Relax-and-lift: 7

Explored 159596 nodes (4027645 simplex iterations) in 20.04 seconds (24.65 work units)
Thread count was 16 (of 16 available processors)

Solution count 10: 10674 10678 10681 ... 11195

Optimal solution found (tolerance 1.00e-04)
Best objective 1.067400000000e+04, best bound 1.067400000000e+04, gap 0.0000%
