#######################
Slurm job id: 17497813_101
Running on machine: p32
Running cmd: /nfs/shared/static-builds/gurobi1003 SOFTMEMLIMIT=125 MIPFocus=1 Presolve=1 TimeLimit=300 seed=0 /nfs/models/miplib2010/k16x240.mps.bz2
#######################
Set parameter TimeLimit to value 300
Set parameter SoftMemLimit to value 125
Set parameter MIPFocus to value 1
Set parameter LogFile to value 1003-MIPFocus1-Presolve1-TimeLimit300-k16x240-0.log
Set parameter Presolve to value 1
Using license file /opt/gurobi/gurobi.lic

Gurobi Optimizer version 10.0.3 build v10.0.3rc0 (linux64)
Copyright (c) 2023, Gurobi Optimization, LLC

Read MPS format model from file /nfs/models/miplib2010/k16x240.mps.bz2
Reading time = 0.00 seconds
k16x240: 256 rows, 480 columns, 960 nonzeros

CPU model: Intel(R) Xeon(R) E-2388G CPU @ 3.20GHz, instruction set [SSE2|AVX|AVX2|AVX512]
Thread count: 8 physical cores, 16 logical processors, using up to 16 threads

Optimize a model with 256 rows, 480 columns and 960 nonzeros
Model fingerprint: 0x4e80885f
Variable types: 240 continuous, 240 integer (240 binary)
Coefficient statistics:
  Matrix range     [1e+00, 1e+03]
  Objective range  [1e+00, 1e+03]
  Bounds range     [1e+00, 1e+03]
  RHS range        [4e+00, 4e+02]
Found heuristic solution: objective 23615.000000
Presolve time: 0.00s
Presolved: 256 rows, 480 columns, 960 nonzeros
Variable types: 240 continuous, 240 integer (240 binary)

Root relaxation: objective 2.769838e+03, 51 iterations, 0.00 seconds (0.00 work units)

    Nodes    |    Current Node    |     Objective Bounds      |     Work
 Expl Unexpl |  Obj  Depth IntInf | Incumbent    BestBd   Gap | It/Node Time

     0     0 2769.83800    0   14 23615.0000 2769.83800  88.3%     -    0s
H    0     0                    11359.000000 2769.83800  75.6%     -    0s
H    0     0                    11195.000000 2769.83800  75.3%     -    0s
H    0     0                    11074.000000 8084.69631  27.0%     -    0s
     0     0 8084.69631    0   26 11074.0000 8084.69631  27.0%     -    0s
H    0     0                    10916.000000 8084.69631  25.9%     -    0s
     0     0 8528.16906    0   24 10916.0000 8528.16906  21.9%     -    0s
     0     0 8540.71383    0   29 10916.0000 8540.71383  21.8%     -    0s
     0     0 8548.03675    0   29 10916.0000 8548.03675  21.7%     -    0s
H    0     0                    10826.000000 8548.03675  21.0%     -    0s
     0     0 8750.03354    0   35 10826.0000 8750.03354  19.2%     -    0s
H    0     0                    10804.000000 8750.03354  19.0%     -    0s
     0     0 8806.24120    0   38 10804.0000 8806.24120  18.5%     -    0s
     0     0 8818.13729    0   28 10804.0000 8818.13729  18.4%     -    0s
     0     0 8825.19269    0   28 10804.0000 8825.19269  18.3%     -    0s
     0     0 8825.57292    0   35 10804.0000 8825.57292  18.3%     -    0s
     0     0 8907.85498    0   41 10804.0000 8907.85498  17.6%     -    0s
     0     0 8943.59612    0   44 10804.0000 8943.59612  17.2%     -    0s
     0     0 8976.84516    0   37 10804.0000 8976.84516  16.9%     -    0s
     0     0 8999.68458    0   44 10804.0000 8999.68458  16.7%     -    0s
     0     0 9011.24460    0   43 10804.0000 9011.24460  16.6%     -    0s
     0     0 9013.26850    0   39 10804.0000 9013.26850  16.6%     -    0s
     0     0 9015.82436    0   48 10804.0000 9015.82436  16.6%     -    0s
     0     0 9015.94533    0   48 10804.0000 9015.94533  16.5%     -    0s
     0     0 9073.77007    0   37 10804.0000 9073.77007  16.0%     -    0s
     0     2 9075.82579    0   37 10804.0000 9075.82579  16.0%     -    0s
H    9    16                    10792.000000 9129.53246  15.4%  48.3    0s
H   28    32                    10748.000000 9193.72831  14.5%  56.2    0s
H  205   212                    10746.000000 9193.72831  14.4%  25.8    0s
H 1193   916                    10674.000000 9319.08786  12.7%  20.1    0s
 27497 13622 9986.46338   30   21 10674.0000 9864.87185  7.58%  23.0    5s
 74505 32579 10202.1750   36   25 10674.0000 9996.37589  6.35%  22.7   10s
 120972 47040 10593.8166   34    5 10674.0000 10062.5006  5.73%  22.3   15s
 170217 62468 10434.2516   30   21 10674.0000 10112.7446  5.26%  21.7   20s
 227172 73490 10205.7301   29   22 10674.0000 10155.7377  4.86%  21.1   25s
 272767 82514 10440.5403   31   12 10674.0000 10186.0671  4.57%  21.0   30s
 318155 89371 10636.5344   26    2 10674.0000 10211.5677  4.33%  20.9   35s
 363554 95541 10544.2079   34   18 10674.0000 10234.4979  4.12%  20.7   40s
 412957 100233 10584.6490   48   14 10674.0000 10258.9016  3.89%  20.4   45s
 462766 103639 10427.1210   40   23 10674.0000 10282.2370  3.67%  20.3   50s
 522707 106357 10586.4241   40   13 10674.0000 10307.7184  3.43%  20.0   55s
 578726 106835 10574.3140   39   18 10674.0000 10330.8401  3.21%  19.8   60s
 622074 105718 10552.1000   40    9 10674.0000 10348.0481  3.05%  19.6   65s
 679589 102295     cutoff   35      10674.0000 10371.6143  2.83%  19.5   70s
 734213 96748 10566.7305   36   20 10674.0000 10393.9634  2.62%  19.5   75s
 794167 86406 10521.9444   33   17 10674.0000 10422.1484  2.36%  19.3   80s
 855012 71270     cutoff   49      10674.0000 10455.2438  2.05%  19.1   85s
 912743 50034 10569.7337   45   10 10674.0000 10495.5007  1.67%  18.8   90s

Cutting planes:
  Gomory: 5
  Lift-and-project: 18
  Cover: 11
  Implied bound: 4
  MIR: 167
  Flow cover: 286
  Flow path: 67
  Inf proof: 1
  Zero half: 1
  Network: 63
  Relax-and-lift: 8

Explored 993540 nodes (18076929 simplex iterations) in 94.83 seconds (91.66 work units)
Thread count was 16 (of 16 available processors)

Solution count 10: 10674 10746 10748 ... 11359

Optimal solution found (tolerance 1.00e-04)
Best objective 1.067400000000e+04, best bound 1.067400000000e+04, gap 0.0000%
