#######################



#######################
Set parameter TimeLimit to value 300
Set parameter SoftMemLimit to value 125
Set parameter MIPFocus to value 1
Set parameter LogFile to value 1003-MIPFocus1-Presolve2-TimeLimit300-k16x240-4.log
Set parameter Presolve to value 2
Set parameter Seed to value 4
Using license file /opt/gurobi/gurobi.lic

Gurobi Optimizer version 10.0.3 build v10.0.3rc0 (linux64)
Copyright (c) 2023, Gurobi Optimization, LLC

Read MPS format model from file /miplib2010/k16x240.mps.bz2
Reading time = 0.00 seconds
k16x240: 256 rows, 480 columns, 960 nonzeros

CPU model: Intel(R) Xeon(R) E-2388G CPU @ 3.20GHz, instruction set [SSE2|AVX|AVX2|AVX512]
Thread count: 8 physical cores, 16 logical processors, using up to 16 threads

Optimize a model with 256 rows, 480 columns and 960 nonzeros
Model fingerprint: 0x4e80885f
Variable types: 240 continuous, 240 integer (240 binary)
Coefficient statistics:
  Matrix range     [1e+00, 1e+03]
  Objective range  [1e+00, 1e+03]
  Bounds range     [1e+00, 1e+03]
  RHS range        [4e+00, 4e+02]
Found heuristic solution: objective 20422.000000
Presolve time: 0.00s
Presolved: 256 rows, 480 columns, 960 nonzeros
Variable types: 240 continuous, 240 integer (240 binary)
Root relaxation presolve removed 241 rows and 240 columns
Root relaxation presolved: 15 rows, 240 columns, 450 nonzeros


Root relaxation: objective 2.769838e+03, 16 iterations, 0.00 seconds (0.00 work units)

    Nodes    |    Current Node    |     Objective Bounds      |     Work
 Expl Unexpl |  Obj  Depth IntInf | Incumbent    BestBd   Gap | It/Node Time

     0     0 2769.83800    0   14 20422.0000 2769.83800  86.4%     -    0s
H    0     0                    11359.000000 2769.83800  75.6%     -    0s
H    0     0                    11322.000000 8084.69631  28.6%     -    0s
     0     0 8084.69631    0   26 11322.0000 8084.69631  28.6%     -    0s
H    0     0                    11079.000000 8084.69631  27.0%     -    0s
     0     0 8528.16906    0   24 11079.0000 8528.16906  23.0%     -    0s
H    0     0                    11036.000000 8539.15185  22.6%     -    0s
     0     0 8539.15185    0   34 11036.0000 8539.15185  22.6%     -    0s
     0     0 8548.03675    0   29 11036.0000 8548.03675  22.5%     -    0s
     0     0 8708.27635    0   27 11036.0000 8708.27635  21.1%     -    0s
H    0     0                    10851.000000 8708.27635  19.7%     -    0s
     0     0 8759.96504    0   37 10851.0000 8759.96504  19.3%     -    0s
     0     0 8787.48898    0   35 10851.0000 8787.48898  19.0%     -    0s
     0     0 8801.82314    0   33 10851.0000 8801.82314  18.9%     -    0s
     0     0 8805.11325    0   34 10851.0000 8805.11325  18.9%     -    0s
     0     0 8887.47515    0   31 10851.0000 8887.47515  18.1%     -    0s
H    0     0                    10846.000000 8887.47515  18.1%     -    0s
     0     0 8898.11651    0   32 10846.0000 8898.11651  18.0%     -    0s
     0     0 8901.03683    0   31 10846.0000 8901.03683  17.9%     -    0s
     0     0 8901.35788    0   31 10846.0000 8901.35788  17.9%     -    0s
     0     0 8917.80566    0   32 10846.0000 8917.80566  17.8%     -    0s
H    0     0                    10792.000000 8918.65542  17.4%     -    0s
     0     2 8918.65542    0   32 10792.0000 8918.65542  17.4%     -    0s
H   66    80                    10732.000000 9150.40720  14.7%  36.1    0s
H   70    80                    10711.000000 9150.40720  14.6%  35.3    0s
H   76    80                    10678.000000 9150.40720  14.3%  34.1    0s
H 1043   828                    10674.000000 9263.76623  13.2%  16.8    0s
 29189 14896 10402.1713   42    5 10674.0000 9829.34362  7.91%  18.1    5s
 76404 34080 10415.1587   39   15 10674.0000 9947.38790  6.81%  17.6   10s
 127786 51448 10049.4530   35   12 10674.0000 10019.1647  6.13%  17.5   15s
 176341 65761 10472.0210   53    3 10674.0000 10065.0367  5.71%  17.1   20s
 220579 77141 10244.9759   47    8 10674.0000 10099.7015  5.38%  16.8   25s
 267603 87993     cutoff   37      10674.0000 10130.1789  5.09%  16.7   30s
 315927 97239 10336.5248   28    4 10674.0000 10158.9783  4.83%  16.7   35s
 363269 104553     cutoff   48      10674.0000 10184.3534  4.59%  16.6   40s
 410322 109550 10544.3599   47    8 10674.0000 10203.1465  4.41%  16.5   45s
 461060 115276 10495.9613   52   12 10674.0000 10226.5562  4.19%  16.3   50s
 509017 119502 10591.9914   38   28 10674.0000 10248.5556  3.99%  16.2   55s
 557370 122539 10360.7592   41   15 10674.0000 10268.7594  3.80%  16.1   60s
 613045 124154 10449.4672   38   22 10674.0000 10291.7498  3.58%  16.0   65s
 660298 123884 10654.4163   33   16 10674.0000 10311.2126  3.40%  16.0   70s
 700020 122474 10551.9534   46   15 10674.0000 10327.4024  3.25%  16.0   75s
 742582 120061 10549.2065   31    8 10674.0000 10345.0180  3.08%  16.1   80s
 792280 115416     cutoff   43      10674.0000 10365.8849  2.89%  16.1   85s
 843412 108386 10653.3206   41    4 10674.0000 10388.1218  2.68%  16.0   90s
 890149 99819 10464.1959   34   11 10674.0000 10409.6613  2.48%  15.9   95s
 938110 87995     cutoff   42      10674.0000 10434.0626  2.25%  15.8  100s
 991058 70427     cutoff   43      10674.0000 10464.9051  1.96%  15.7  105s
 1037403 49798 infeasible   43      10674.0000 10499.6070  1.63%  15.5  110s
 1094105 13459 10579.1139   48    6 10674.0000 10576.8684  0.91%  15.3  115s

Cutting planes:
  Gomory: 4
  Lift-and-project: 9
  Cover: 6
  Implied bound: 6
  MIR: 163
  Flow cover: 282
  Flow path: 62
  Inf proof: 17
  Network: 68
  Relax-and-lift: 7

Explored 1111445 nodes (16809412 simplex iterations) in 115.95 seconds (136.14 work units)
Thread count was 16 (of 16 available processors)

Solution count 10: 10674 10678 10711 ... 11322

Optimal solution found (tolerance 1.00e-04)
Best objective 1.067400000000e+04, best bound 1.067400000000e+04, gap 0.0000%
