#######################



#######################
Set parameter TimeLimit to value 500
Set parameter SoftMemLimit to value 125
Set parameter MIPFocus to value 1
Set parameter LogFile to value 1003-MIPFocus1-Presolve1-TimeLimit500-k16x240-4.log
Set parameter Presolve to value 1
Set parameter Seed to value 14
Using license file /opt/gurobi/gurobi.lic

Gurobi Optimizer version 10.0.3 build v10.0.3rc0 (linux64)
Copyright (c) 2023, Gurobi Optimization, LLC

Read MPS format model from file /miplib2010/k16x240.mps.bz2
Reading time = 0.00 seconds
k16x240: 256 rows, 480 columns, 960 nonzeros

CPU model: Intel(R) Xeon(R) E-2388G CPU @ 3.20GHz, instruction set [SSE2|AVX|AVX2|AVX512]
Thread count: 8 physical cores, 16 logical processors, using up to 16 threads

Optimize a model with 256 rows, 480 columns and 960 nonzeros
Model fingerprint: 0x4e80885f
Variable types: 240 continuous, 240 integer (240 binary)
Coefficient statistics:
  Matrix range     [1e+00, 1e+03]
  Objective range  [1e+00, 1e+03]
  Bounds range     [1e+00, 1e+03]
  RHS range        [4e+00, 4e+02]
Found heuristic solution: objective 19431.000000
Presolve time: 0.00s
Presolved: 256 rows, 480 columns, 960 nonzeros
Variable types: 240 continuous, 240 integer (240 binary)

Root relaxation: objective 2.769838e+03, 51 iterations, 0.00 seconds (0.00 work units)

    Nodes    |    Current Node    |     Objective Bounds      |     Work
 Expl Unexpl |  Obj  Depth IntInf | Incumbent    BestBd   Gap | It/Node Time

     0     0 2769.83800    0   14 19431.0000 2769.83800  85.7%     -    0s
H    0     0                    11359.000000 2769.83800  75.6%     -    0s
H    0     0                    11195.000000 2769.83800  75.3%     -    0s
H    0     0                    11074.000000 8084.69631  27.0%     -    0s
     0     0 8084.69631    0   26 11074.0000 8084.69631  27.0%     -    0s
H    0     0                    10944.000000 8084.69631  26.1%     -    0s
H    0     0                    10916.000000 8084.69631  25.9%     -    0s
     0     0 8528.16906    0   24 10916.0000 8528.16906  21.9%     -    0s
     0     0 8540.71383    0   29 10916.0000 8540.71383  21.8%     -    0s
     0     0 8548.03675    0   29 10916.0000 8548.03675  21.7%     -    0s
H    0     0                    10806.000000 8548.03675  20.9%     -    0s
     0     0 8707.60886    0   28 10806.0000 8707.60886  19.4%     -    0s
     0     0 8784.03798    0   34 10806.0000 8784.03798  18.7%     -    0s
     0     0 8814.36191    0   34 10806.0000 8814.36191  18.4%     -    0s
     0     0 8824.95831    0   35 10806.0000 8824.95831  18.3%     -    0s
     0     0 8825.19269    0   28 10806.0000 8825.19269  18.3%     -    0s
H    0     0                    10792.000000 8825.19269  18.2%     -    0s
     0     0 8893.83697    0   37 10792.0000 8893.83697  17.6%     -    0s
     0     0 8923.66247    0   25 10792.0000 8923.66247  17.3%     -    0s
     0     0 8938.13467    0   39 10792.0000 8938.13467  17.2%     -    0s
     0     0 8954.00411    0   39 10792.0000 8954.00411  17.0%     -    0s
     0     0 8954.97966    0   39 10792.0000 8954.97966  17.0%     -    0s
     0     0 9036.78014    0   36 10792.0000 9036.78014  16.3%     -    0s
H    0     0                    10681.000000 9036.78014  15.4%     -    0s
     0     2 9039.47777    0   36 10681.0000 9039.47777  15.4%     -    0s
H   23    32                    10678.000000 9085.60273  14.9%  50.0    0s
H  182   163                    10674.000000 9085.60273  14.9%  27.8    0s
 35582 17481 10363.7976   30    5 10674.0000 9875.56742  7.48%  20.9    5s
 83404 35684 10061.5752   35   11 10674.0000 9986.79281  6.44%  20.8   10s
 138684 53021     cutoff   37      10674.0000 10057.0953  5.78%  20.2   15s
 193752 67586 10510.8406   27   16 10674.0000 10105.6780  5.32%  19.8   20s
 253964 80769 10382.5267   34   20 10674.0000 10148.6813  4.92%  19.5   25s
 311231 91347 10443.5519   28   17 10674.0000 10182.8997  4.60%  19.5   30s
 356548 97633 10603.3842   56    8 10674.0000 10207.4276  4.37%  19.3   35s
 410129 104009 10627.6654   46   13 10674.0000 10234.5744  4.12%  19.1   40s
 469914 109150     cutoff   32      10674.0000 10262.3064  3.86%  18.9   45s
 523972 111690     cutoff   33      10674.0000 10286.2935  3.63%  18.8   50s
 580388 112696 10560.0809   37    2 10674.0000 10310.1257  3.41%  18.6   55s
 629059 112144 10536.1971   33   26 10674.0000 10330.2242  3.22%  18.5   60s
 684546 109372 10655.2321   38   19 10674.0000 10353.2457  3.01%  18.5   65s
 734304 104698 10533.7255   45   11 10674.0000 10374.0194  2.81%  18.4   70s
 793912 96312     cutoff   34      10674.0000 10400.5686  2.56%  18.2   75s
 853435 84188 10591.7937   29   10 10674.0000 10429.1507  2.29%  18.0   80s
 916752 66294     cutoff   40      10674.0000 10464.7367  1.96%  17.8   85s
 984679 37324     cutoff   43      10674.0000 10518.1762  1.46%  17.6   90s

Cutting planes:
  Learned: 1
  Gomory: 6
  Lift-and-project: 22
  Cover: 7
  Implied bound: 5
  MIR: 167
  Flow cover: 312
  Flow path: 63
  Inf proof: 1
  Zero half: 3
  Network: 66
  Relax-and-lift: 7

Explored 1039387 nodes (17785539 simplex iterations) in 93.45 seconds (92.25 work units)
Thread count was 16 (of 16 available processors)

Solution count 10: 10674 10678 10681 ... 11359

Optimal solution found (tolerance 1.00e-04)
Best objective 1.067400000000e+04, best bound 1.067400000000e+04, gap 0.0000%
