#######################



#######################
Set parameter TimeLimit to value 300
Set parameter SoftMemLimit to value 125
Set parameter MIPFocus to value 1
Set parameter LogFile to value 1003-MIPFocus1-Presolve2-TimeLimit300-k16x240-0.log
Set parameter Presolve to value 2
Using license file /opt/gurobi/gurobi.lic

Gurobi Optimizer version 10.0.3 build v10.0.3rc0 (linux64)
Copyright (c) 2023, Gurobi Optimization, LLC

Read MPS format model from file /miplib2010/k16x240.mps.bz2
Reading time = 0.00 seconds
k16x240: 256 rows, 480 columns, 960 nonzeros

CPU model: Intel(R) Xeon(R) E-2388G CPU @ 3.20GHz, instruction set [SSE2|AVX|AVX2|AVX512]
Thread count: 8 physical cores, 16 logical processors, using up to 16 threads

Optimize a model with 256 rows, 480 columns and 960 nonzeros
Model fingerprint: 0x4e80885f
Variable types: 240 continuous, 240 integer (240 binary)
Coefficient statistics:
  Matrix range     [1e+00, 1e+03]
  Objective range  [1e+00, 1e+03]
  Bounds range     [1e+00, 1e+03]
  RHS range        [4e+00, 4e+02]
Found heuristic solution: objective 23615.000000
Presolve time: 0.00s
Presolved: 256 rows, 480 columns, 960 nonzeros
Variable types: 240 continuous, 240 integer (240 binary)
Root relaxation presolve removed 241 rows and 240 columns
Root relaxation presolved: 15 rows, 240 columns, 450 nonzeros


Root relaxation: objective 2.769838e+03, 16 iterations, 0.00 seconds (0.00 work units)

    Nodes    |    Current Node    |     Objective Bounds      |     Work
 Expl Unexpl |  Obj  Depth IntInf | Incumbent    BestBd   Gap | It/Node Time

     0     0 2769.83800    0   14 23615.0000 2769.83800  88.3%     -    0s
H    0     0                    11359.000000 2769.83800  75.6%     -    0s
H    0     0                    11331.000000 8084.69631  28.6%     -    0s
     0     0 8084.69631    0   26 11331.0000 8084.69631  28.6%     -    0s
H    0     0                    10759.000000 8084.69631  24.9%     -    0s
     0     0 8528.16906    0   24 10759.0000 8528.16906  20.7%     -    0s
     0     0 8539.18062    0   32 10759.0000 8539.18062  20.6%     -    0s
     0     0 8548.03675    0   29 10759.0000 8548.03675  20.5%     -    0s
     0     0 8696.40570    0   27 10759.0000 8696.40570  19.2%     -    0s
     0     0 8746.91721    0   37 10759.0000 8746.91721  18.7%     -    0s
     0     0 8791.19272    0   32 10759.0000 8791.19272  18.3%     -    0s
     0     0 8802.10511    0   31 10759.0000 8802.10511  18.2%     -    0s
     0     0 8804.95322    0   34 10759.0000 8804.95322  18.2%     -    0s
     0     0 8879.81659    0   28 10759.0000 8879.81659  17.5%     -    0s
     0     0 8891.57067    0   37 10759.0000 8891.57067  17.4%     -    0s
     0     0 8892.26852    0   32 10759.0000 8892.26852  17.4%     -    0s
     0     0 8892.46013    0   32 10759.0000 8892.46013  17.3%     -    0s
     0     0 8978.32515    0   25 10759.0000 8978.32515  16.6%     -    0s
     0     2 8984.10388    0   25 10759.0000 8984.10388  16.5%     -    0s
H    2     4                    10674.000000 8993.31231  15.7%   8.5    0s
 30937 15555 9998.07760   34   27 10674.0000 9848.41547  7.73%  17.6    5s
 79252 35501 10243.0854   31   11 10674.0000 9970.92852  6.59%  17.3   10s
 119459 49852 10302.6890   30   16 10674.0000 10028.0530  6.05%  17.1   15s
 173612 65001 10545.4872   30   16 10674.0000 10082.4872  5.54%  16.5   20s
 224468 77560 10620.8717   34   15 10674.0000 10124.4297  5.15%  16.2   25s
 273751 87810 10253.4650   34   11 10674.0000 10158.0991  4.83%  16.2   30s
 320791 95939 10306.4628   32   25 10674.0000 10185.8970  4.57%  16.2   35s
 378050 103966 10488.4940   37   25 10674.0000 10216.3212  4.29%  16.0   40s
 433457 110875     cutoff   51      10674.0000 10242.2950  4.04%  15.8   45s
 485615 115747 10430.1499   37   17 10674.0000 10265.7767  3.82%  15.6   50s
 534069 118624 10420.2636   31   18 10674.0000 10286.3263  3.63%  15.5   55s
 587638 119707 10495.5412   26   21 10674.0000 10307.5168  3.43%  15.4   60s
 640987 119154     cutoff   34      10674.0000 10329.0424  3.23%  15.3   65s
 689239 116623 10515.0602   39   16 10674.0000 10348.8531  3.05%  15.4   70s
 740964 111469 10491.1470   40   16 10674.0000 10371.1972  2.84%  15.5   75s
 791187 104594 10543.1477   51    4 10674.0000 10393.2182  2.63%  15.4   80s
 851650 92536 10567.8636   35   11 10674.0000 10421.6448  2.36%  15.2   85s
 906642 77445     cutoff   61      10674.0000 10452.0276  2.08%  15.1   90s
 965592 53855     cutoff   42      10674.0000 10493.7838  1.69%  15.0   95s
 1026226 16784 10661.7728   45    3 10674.0000 10569.0110  0.98%  14.7  100s

Cutting planes:
  Gomory: 5
  Lift-and-project: 16
  Cover: 5
  Implied bound: 3
  MIR: 135
  Flow cover: 267
  Flow path: 52
  Inf proof: 8
  Network: 66
  Relax-and-lift: 10

Explored 1047503 nodes (15189892 simplex iterations) in 101.08 seconds (114.23 work units)
Thread count was 16 (of 16 available processors)

Solution count 5: 10674 10759 11331 ... 23615

Optimal solution found (tolerance 1.00e-04)
Best objective 1.067400000000e+04, best bound 1.067400000000e+04, gap 0.0000%
