#######################



#######################
Set parameter TimeLimit to value 500
Set parameter SoftMemLimit to value 125
Set parameter MIPFocus to value 1
Set parameter LogFile to value 1003-MIPFocus1-Presolve1-TimeLimit500-k16x240-9.log
Set parameter Presolve to value 1
Set parameter Seed to value 19
Using license file /opt/gurobi/gurobi.lic

Gurobi Optimizer version 10.0.3 build v10.0.3rc0 (linux64)
Copyright (c) 2023, Gurobi Optimization, LLC

Read MPS format model from file /miplib2010/k16x240.mps.bz2
Reading time = 0.00 seconds
k16x240: 256 rows, 480 columns, 960 nonzeros

CPU model: Intel(R) Xeon(R) E-2388G CPU @ 3.20GHz, instruction set [SSE2|AVX|AVX2|AVX512]
Thread count: 8 physical cores, 16 logical processors, using up to 16 threads

Optimize a model with 256 rows, 480 columns and 960 nonzeros
Model fingerprint: 0x4e80885f
Variable types: 240 continuous, 240 integer (240 binary)
Coefficient statistics:
  Matrix range     [1e+00, 1e+03]
  Objective range  [1e+00, 1e+03]
  Bounds range     [1e+00, 1e+03]
  RHS range        [4e+00, 4e+02]
Found heuristic solution: objective 17517.000000
Presolve time: 0.00s
Presolved: 256 rows, 480 columns, 960 nonzeros
Variable types: 240 continuous, 240 integer (240 binary)

Root relaxation: objective 2.769838e+03, 51 iterations, 0.00 seconds (0.00 work units)

    Nodes    |    Current Node    |     Objective Bounds      |     Work
 Expl Unexpl |  Obj  Depth IntInf | Incumbent    BestBd   Gap | It/Node Time

     0     0 2769.83800    0   14 17517.0000 2769.83800  84.2%     -    0s
H    0     0                    11359.000000 2769.83800  75.6%     -    0s
H    0     0                    11195.000000 2769.83800  75.3%     -    0s
H    0     0                    11074.000000 8084.69631  27.0%     -    0s
     0     0 8084.69631    0   26 11074.0000 8084.69631  27.0%     -    0s
H    0     0                    10916.000000 8084.69631  25.9%     -    0s
H    0     0                    10826.000000 8084.69631  25.3%     -    0s
     0     0 8528.16906    0   24 10826.0000 8528.16906  21.2%     -    0s
     0     0 8540.71383    0   29 10826.0000 8540.71383  21.1%     -    0s
     0     0 8548.03675    0   29 10826.0000 8548.03675  21.0%     -    0s
     0     0 8750.03354    0   35 10826.0000 8750.03354  19.2%     -    0s
H    0     0                    10804.000000 8750.03354  19.0%     -    0s
     0     0 8811.80692    0   36 10804.0000 8811.80692  18.4%     -    0s
     0     0 8821.01667    0   33 10804.0000 8821.01667  18.4%     -    0s
     0     0 8825.66719    0   34 10804.0000 8825.66719  18.3%     -    0s
     0     0 8825.71989    0   35 10804.0000 8825.71989  18.3%     -    0s
     0     0 8881.28393    0   37 10804.0000 8881.28393  17.8%     -    0s
     0     0 8910.83617    0   35 10804.0000 8910.83617  17.5%     -    0s
     0     0 8925.77923    0   36 10804.0000 8925.77923  17.4%     -    0s
     0     0 8962.39558    0   32 10804.0000 8962.39558  17.0%     -    0s
     0     0 8979.99568    0   45 10804.0000 8979.99568  16.9%     -    0s
     0     0 8988.07658    0   38 10804.0000 8988.07658  16.8%     -    0s
     0     0 8990.47853    0   37 10804.0000 8990.47853  16.8%     -    0s
     0     0 8990.69364    0   39 10804.0000 8990.69364  16.8%     -    0s
     0     0 9055.55233    0   30 10804.0000 9055.55233  16.2%     -    0s
     0     2 9064.02690    0   30 10804.0000 9064.02690  16.1%     -    0s
H    4     8                    10748.000000 9067.71245  15.6%  34.8    0s
H   64    80                    10746.000000 9133.84897  15.0%  48.8    0s
H  130   140                    10674.000000 9133.84897  14.4%  34.6    0s
 28143 14288 10308.4613   26    5 10674.0000 9865.04512  7.58%  20.3    5s
 73139 31692 10411.3532   39   10 10674.0000 10000.6196  6.31%  19.9   10s
 113829 44252 10454.1034   40    8 10674.0000 10064.1164  5.71%  19.8   15s
 163304 57750 10221.1440   30   12 10674.0000 10116.0101  5.23%  19.2   20s
 189822 66818     cutoff   35      10674.0000 10139.5310  5.01%  19.0   25s
 250754 75613 10560.3724   36   32 10674.0000 10181.3029  4.62%  18.6   30s
 301508 83899 10623.3584   39   13 10674.0000 10214.4190  4.31%  18.6   35s
 350027 90088 10403.9512   39    4 10674.0000 10242.7752  4.04%  18.4   40s
 396452 94632 10387.7396   37   18 10674.0000 10267.4971  3.81%  18.2   45s
 449071 97835 10388.8342   40   14 10674.0000 10293.4112  3.57%  18.0   50s
 493534 99160     cutoff   40      10674.0000 10314.9372  3.36%  17.8   55s
 538436 99473 10626.1992   33   25 10674.0000 10335.5249  3.17%  17.7   60s
 588015 97469     cutoff   51      10674.0000 10357.9361  2.96%  17.5   65s
 637468 93447 10667.9965   43   19 10674.0000 10380.5857  2.75%  17.4   70s
 687771 87168     cutoff   30      10674.0000 10404.2861  2.53%  17.3   75s
 731870 79124     cutoff   48      10674.0000 10427.4785  2.31%  17.3   80s
 781374 67093     cutoff   39      10674.0000 10455.4722  2.05%  17.2   85s
 837311 47160 10644.7692   31   24 10674.0000 10495.3587  1.67%  17.0   90s
 902696  8947     cutoff   41      10674.0000 10584.9572  0.83%  16.6   95s

Cutting planes:
  Gomory: 6
  Lift-and-project: 18
  Cover: 9
  Implied bound: 4
  MIR: 170
  Flow cover: 348
  Flow path: 56
  Inf proof: 1
  Network: 69
  Relax-and-lift: 7

Explored 914644 nodes (15025775 simplex iterations) in 95.47 seconds (95.83 work units)
Thread count was 16 (of 16 available processors)

Solution count 10: 10674 10746 10748 ... 17517

Optimal solution found (tolerance 1.00e-04)
Best objective 1.067400000000e+04, best bound 1.067400000000e+04, gap 0.0000%
