#######################
Slurm job id: 17497813_150
Running on machine: p31
Running cmd: /nfs/shared/static-builds/gurobi1003 SOFTMEMLIMIT=125 MIPFocus=1 Presolve=2 TimeLimit=300 seed=9 /nfs/models/miplib2010/k16x240.mps.bz2
#######################
Set parameter TimeLimit to value 300
Set parameter SoftMemLimit to value 125
Set parameter MIPFocus to value 1
Set parameter LogFile to value 1003-MIPFocus1-Presolve2-TimeLimit300-k16x240-9.log
Set parameter Presolve to value 2
Set parameter Seed to value 9
Using license file /opt/gurobi/gurobi.lic

Gurobi Optimizer version 10.0.3 build v10.0.3rc0 (linux64)
Copyright (c) 2023, Gurobi Optimization, LLC

Read MPS format model from file /nfs/models/miplib2010/k16x240.mps.bz2
Reading time = 0.00 seconds
k16x240: 256 rows, 480 columns, 960 nonzeros

CPU model: Intel(R) Xeon(R) E-2388G CPU @ 3.20GHz, instruction set [SSE2|AVX|AVX2|AVX512]
Thread count: 8 physical cores, 16 logical processors, using up to 16 threads

Optimize a model with 256 rows, 480 columns and 960 nonzeros
Model fingerprint: 0x4e80885f
Variable types: 240 continuous, 240 integer (240 binary)
Coefficient statistics:
  Matrix range     [1e+00, 1e+03]
  Objective range  [1e+00, 1e+03]
  Bounds range     [1e+00, 1e+03]
  RHS range        [4e+00, 4e+02]
Found heuristic solution: objective 21896.000000
Presolve time: 0.00s
Presolved: 256 rows, 480 columns, 960 nonzeros
Variable types: 240 continuous, 240 integer (240 binary)
Root relaxation presolve removed 241 rows and 240 columns
Root relaxation presolved: 15 rows, 240 columns, 450 nonzeros


Root relaxation: objective 2.769838e+03, 16 iterations, 0.00 seconds (0.00 work units)

    Nodes    |    Current Node    |     Objective Bounds      |     Work
 Expl Unexpl |  Obj  Depth IntInf | Incumbent    BestBd   Gap | It/Node Time

     0     0 2769.83800    0   14 21896.0000 2769.83800  87.4%     -    0s
H    0     0                    11359.000000 2769.83800  75.6%     -    0s
H    0     0                    11213.000000 8084.69631  27.9%     -    0s
     0     0 8084.69631    0   26 11213.0000 8084.69631  27.9%     -    0s
H    0     0                    11077.000000 8084.69631  27.0%     -    0s
     0     0 8528.16906    0   24 11077.0000 8528.16906  23.0%     -    0s
     0     0 8539.15185    0   34 11077.0000 8539.15185  22.9%     -    0s
     0     0 8548.03675    0   29 11077.0000 8548.03675  22.8%     -    0s
H    0     0                    11036.000000 8708.27635  21.1%     -    0s
     0     0 8708.27635    0   27 11036.0000 8708.27635  21.1%     -    0s
H    0     0                    10851.000000 8708.27635  19.7%     -    0s
     0     0 8759.96504    0   37 10851.0000 8759.96504  19.3%     -    0s
     0     0 8787.42865    0   35 10851.0000 8787.42865  19.0%     -    0s
     0     0 8801.70204    0   33 10851.0000 8801.70204  18.9%     -    0s
     0     0 8804.95322    0   34 10851.0000 8804.95322  18.9%     -    0s
     0     0 8887.16879    0   30 10851.0000 8887.16879  18.1%     -    0s
H    0     0                    10846.000000 8887.16879  18.1%     -    0s
H    0     0                    10717.000000 8887.16879  17.1%     -    0s
     0     0 8897.87337    0   31 10717.0000 8897.87337  17.0%     -    0s
     0     0 8900.86214    0   30 10717.0000 8900.86214  16.9%     -    0s
     0     0 8901.18330    0   30 10717.0000 8901.18330  16.9%     -    0s
     0     0 8996.97505    0   34 10717.0000 8996.97505  16.0%     -    0s
     0     2 8999.60721    0   34 10717.0000 8999.60721  16.0%     -    0s
H    2     4                    10681.000000 8999.60721  15.7%  11.5    0s
H   32    40                    10678.000000 9075.16879  15.0%  36.5    0s
H  163   153                    10674.000000 9075.16879  15.0%  20.3    0s
 25622 13584 10408.8172   55    4 10674.0000 9847.75473  7.74%  17.8    5s
 73258 32607 10249.0054   37    9 10674.0000 9988.76463  6.42%  17.4   10s
 120957 48904 10163.4413   23   35 10674.0000 10057.9000  5.77%  17.1   15s
 164647 60806 10217.4469   27    4 10674.0000 10103.4395  5.35%  16.7   20s
 211015 71606 10296.8240   20   17 10674.0000 10142.2505  4.98%  16.4   25s
 264526 81852 10302.1677   43   17 10674.0000 10174.5923  4.68%  16.3   30s
 314991 90223     cutoff   38      10674.0000 10206.4853  4.38%  16.4   35s
 361376 96570 10553.9306   28    8 10674.0000 10233.6168  4.13%  16.2   40s
 405253 101097 10482.2256   37   22 10674.0000 10256.7868  3.91%  16.1   45s
 454778 103296 10336.4760   34   21 10674.0000 10278.2056  3.71%  15.9   50s
 512339 105616 10395.4268   31   14 10674.0000 10305.9339  3.45%  15.8   55s
 562852 106056 10592.0064   32   18 10674.0000 10329.2678  3.23%  15.7   60s
 610730 104435 10576.3659   34   23 10674.0000 10351.1578  3.02%  15.6   65s
 655074 101242 10395.1756   41   14 10674.0000 10371.7658  2.83%  15.7   70s
 700374 96461     cutoff   30      10674.0000 10392.7800  2.63%  15.7   75s
 746877 89127     cutoff   48      10674.0000 10415.3270  2.42%  15.6   80s
 795216 78253 10583.0961   25   20 10674.0000 10441.5212  2.18%  15.5   85s
 848844 61772 10544.4149   35    9 10674.0000 10474.9178  1.87%  15.4   90s
 898032 40088     cutoff   43      10674.0000 10516.1437  1.48%  15.2   95s

Cutting planes:
  Gomory: 4
  Lift-and-project: 18
  Cover: 5
  Implied bound: 4
  MIR: 147
  Flow cover: 280
  Flow path: 53
  Inf proof: 5
  Network: 72
  Relax-and-lift: 8

Explored 957248 nodes (14135787 simplex iterations) in 99.29 seconds (115.21 work units)
Thread count was 16 (of 16 available processors)

Solution count 10: 10674 10678 10681 ... 11359

Optimal solution found (tolerance 1.00e-04)
Best objective 1.067400000000e+04, best bound 1.067400000000e+04, gap 0.0000%
