#######################
Slurm job id: 17497813_325
Running on machine: p16
Running cmd: /nfs/shared/static-builds/gurobi1202 SOFTMEMLIMIT=125 MIPFocus=1 Presolve=2 TimeLimit=300 seed=4 /nfs/models/miplib2010/k16x240.mps.bz2
#######################
Set parameter TimeLimit to value 300
Set parameter SoftMemLimit to value 125
Set parameter MIPFocus to value 1
Set parameter LogFile to value 1202-MIPFocus1-Presolve2-TimeLimit300-k16x240-4.log
Set parameter Presolve to value 2
Set parameter Seed to value 4
Using license file /opt/gurobi/gurobi.lic

Gurobi Optimizer version 12.0.2 build v12.0.2rc0 (linux64 - "Ubuntu 22.04.4 LTS")
Copyright (c) 2025, Gurobi Optimization, LLC

Read MPS format model from file /nfs/models/miplib2010/k16x240.mps.bz2
Reading time = 0.00 seconds
k16x240: 256 rows, 480 columns, 960 nonzeros

Using Gurobi shared library /nfs/shared/static-builds/gurobi1202

CPU model: Intel(R) Xeon(R) E-2388G CPU @ 3.20GHz, instruction set [SSE2|AVX|AVX2|AVX512]
Thread count: 8 physical cores, 16 logical processors, using up to 16 threads

Non-default parameters:
TimeLimit  300
SoftMemLimit  125
MIPFocus  1
Presolve  2
Seed  4

Optimize a model with 256 rows, 480 columns and 960 nonzeros
Model fingerprint: 0x4e80885f
Variable types: 240 continuous, 240 integer (240 binary)
Coefficient statistics:
  Matrix range     [1e+00, 1e+03]
  Objective range  [1e+00, 1e+03]
  Bounds range     [1e+00, 1e+03]
  RHS range        [4e+00, 4e+02]
Found heuristic solution: objective 20422.000000
Presolve time: 0.00s
Presolved: 256 rows, 480 columns, 960 nonzeros
Variable types: 240 continuous, 240 integer (240 binary)
Root relaxation presolve removed 241 rows and 240 columns
Root relaxation presolved: 15 rows, 240 columns, 450 nonzeros


Root relaxation: objective 2.769838e+03, 16 iterations, 0.00 seconds (0.00 work units)

    Nodes    |    Current Node    |     Objective Bounds      |     Work
 Expl Unexpl |  Obj  Depth IntInf | Incumbent    BestBd   Gap | It/Node Time

     0     0 2769.83800    0   14 20422.0000 2769.83800  86.4%     -    0s
H    0     0                    11359.000000 2769.83800  75.6%     -    0s
H    0     0                    11169.000000 2769.83800  75.2%     -    0s
     0     0 8083.82021    0   25 11169.0000 8083.82021  27.6%     -    0s
H    0     0                    11021.000000 8083.82021  26.7%     -    0s
H    0     0                    10944.000000 8084.69631  26.1%     -    0s
     0     0 8084.69631    0   26 10944.0000 8084.69631  26.1%     -    0s
     0     0 8528.16906    0   21 10944.0000 8528.16906  22.1%     -    0s
     0     0 8534.19942    0   27 10944.0000 8534.19942  22.0%     -    0s
     0     0 8548.03675    0   29 10944.0000 8548.03675  21.9%     -    0s
     0     0 8733.50073    0   33 10944.0000 8733.50073  20.2%     -    0s
H    0     0                    10901.000000 8733.50073  19.9%     -    0s
H    0     0                    10863.000000 8733.50073  19.6%     -    0s
H    0     0                    10817.000000 8733.50073  19.3%     -    0s
H    0     0                    10763.000000 8733.50073  18.9%     -    0s
     0     0 8759.76562    0   34 10763.0000 8759.76562  18.6%     -    0s
     0     0 8804.46970    0   36 10763.0000 8804.46970  18.2%     -    0s
     0     0 8805.11325    0   34 10763.0000 8805.11325  18.2%     -    0s
     0     0 8889.40508    0   26 10763.0000 8889.40508  17.4%     -    0s
     0     0 8898.11851    0   33 10763.0000 8898.11851  17.3%     -    0s
     0     0 8899.89574    0   33 10763.0000 8899.89574  17.3%     -    0s
     0     0 8901.66967    0   32 10763.0000 8901.66967  17.3%     -    0s
     0     0 8901.67901    0   34 10763.0000 8901.67901  17.3%     -    0s
     0     0 9029.66363    0   31 10763.0000 9029.66363  16.1%     -    0s
H    0     0                    10678.000000 9029.87607  15.4%     -    0s
     0     2 9029.87607    0   31 10678.0000 9029.87607  15.4%     -    0s
H 1015   748                    10674.000000 9272.92837  13.1%  17.4    0s
 33154 16122     cutoff   37      10674.0000 9885.67029  7.39%  19.6    5s
 84400 34509 10256.7323   30   10 10674.0000 10007.7769  6.24%  19.4   10s
 135158 49700 10254.3118   31   18 10674.0000 10069.9409  5.66%  18.9   15s
 187394 62608     cutoff   27      10674.0000 10117.1084  5.22%  18.5   20s
 237919 72803     cutoff   37      10674.0000 10155.9728  4.85%  18.4   25s
 291495 81071     cutoff   37      10674.0000 10191.3726  4.52%  18.4   30s
 346872 88263 10412.2723   42   33 10674.0000 10222.4468  4.23%  18.2   35s
 399893 93044 10424.6997   36   12 10674.0000 10250.9966  3.96%  18.0   40s
 455097 95565 10440.0507   31   22 10674.0000 10280.3138  3.69%  17.8   45s
 512390 95716 10411.0503   39   10 10674.0000 10308.3736  3.43%  17.7   50s
 566644 93868 infeasible   40      10674.0000 10334.5380  3.18%  17.5   55s
 620517 89235 10622.2186   53   12 10674.0000 10360.8709  2.93%  17.6   60s
 673298 80838 10410.3285   47   16 10674.0000 10390.1114  2.66%  17.6   65s
 732040 67895     cutoff   42      10674.0000 10424.8365  2.33%  17.4   70s
 793197 46203     cutoff   47      10674.0000 10471.7307  1.89%  17.2   75s
 863316   714     cutoff   37      10674.0000 10620.8256  0.50%  16.7   80s

Cutting planes:
  Gomory: 5
  Lift-and-project: 18
  Cover: 6
  Implied bound: 1
  Dual implied bound: 43
  MIR: 152
  Flow cover: 255
  Flow path: 39
  Network: 63
  Relax-and-lift: 5

Explored 866429 nodes (14431821 simplex iterations) in 80.06 seconds (85.47 work units)
Thread count was 16 (of 16 available processors)

Solution count 10: 10674 10678 10763 ... 11359

Optimal solution found (tolerance 1.00e-04)
Best objective 1.067400000000e+04, best bound 1.067400000000e+04, gap 0.0000%
