#######################



#######################
Set parameter TimeLimit to value 300
Set parameter SoftMemLimit to value 125
Set parameter MIPFocus to value 1
Set parameter LogFile to value 1202-MIPFocus1-Presolve1-TimeLimit300-k16x240-2.log
Set parameter Presolve to value 1
Set parameter Seed to value 2
Using license file /opt/gurobi/gurobi.lic

Gurobi Optimizer version 12.0.2 build v12.0.2rc0 (linux64 - "Ubuntu 22.04.4 LTS")
Copyright (c) 2025, Gurobi Optimization, LLC

Read MPS format model from file /miplib2010/k16x240.mps.bz2
Reading time = 0.00 seconds
k16x240: 256 rows, 480 columns, 960 nonzeros

Using Gurobi shared library /nfs/shared/static-builds/gurobi1202

CPU model: Intel(R) Xeon(R) E-2388G CPU @ 3.20GHz, instruction set [SSE2|AVX|AVX2|AVX512]
Thread count: 8 physical cores, 16 logical processors, using up to 16 threads

Non-default parameters:
TimeLimit  300
SoftMemLimit  125
MIPFocus  1
Presolve  1
Seed  2

Optimize a model with 256 rows, 480 columns and 960 nonzeros
Model fingerprint: 0x4e80885f
Variable types: 240 continuous, 240 integer (240 binary)
Coefficient statistics:
  Matrix range     [1e+00, 1e+03]
  Objective range  [1e+00, 1e+03]
  Bounds range     [1e+00, 1e+03]
  RHS range        [4e+00, 4e+02]
Found heuristic solution: objective 20929.000000
Presolve time: 0.00s
Presolved: 256 rows, 480 columns, 960 nonzeros
Variable types: 240 continuous, 240 integer (240 binary)

Root relaxation: objective 2.769838e+03, 51 iterations, 0.00 seconds (0.00 work units)

    Nodes    |    Current Node    |     Objective Bounds      |     Work
 Expl Unexpl |  Obj  Depth IntInf | Incumbent    BestBd   Gap | It/Node Time

     0     0 2769.83800    0   14 20929.0000 2769.83800  86.8%     -    0s
H    0     0                    11359.000000 2769.83800  75.6%     -    0s
H    0     0                    11195.000000 2769.83800  75.3%     -    0s
H    0     0                    11088.000000 2769.83800  75.0%     -    0s
H    0     0                    11074.000000 8084.69631  27.0%     -    0s
     0     0 8084.69631    0   26 11074.0000 8084.69631  27.0%     -    0s
H    0     0                    10970.000000 8084.69631  26.3%     -    0s
H    0     0                    10916.000000 8084.69631  25.9%     -    0s
     0     0 8528.16906    0   24 10916.0000 8528.16906  21.9%     -    0s
     0     0 8539.49533    0   34 10916.0000 8539.49533  21.8%     -    0s
     0     0 8548.03675    0   29 10916.0000 8548.03675  21.7%     -    0s
H    0     0                    10806.000000 8548.03675  20.9%     -    0s
     0     0 8786.85987    0   39 10806.0000 8786.85987  18.7%     -    0s
H    0     0                    10804.000000 8786.85987  18.7%     -    0s
H    0     0                    10756.000000 8786.85987  18.3%     -    0s
H    0     0                    10732.000000 8786.85987  18.1%     -    0s
     0     0 8810.57068    0   33 10732.0000 8810.57068  17.9%     -    0s
     0     0 8823.64493    0   36 10732.0000 8823.64493  17.8%     -    0s
     0     0 8825.19269    0   28 10732.0000 8825.19269  17.8%     -    0s
     0     0 8825.36632    0   33 10732.0000 8825.36632  17.8%     -    0s
     0     0 8890.13317    0   42 10732.0000 8890.13317  17.2%     -    0s
     0     0 8930.74265    0   41 10732.0000 8930.74265  16.8%     -    0s
     0     0 8982.70247    0   45 10732.0000 8982.70247  16.3%     -    0s
     0     0 9005.06493    0   37 10732.0000 9005.06493  16.1%     -    0s
     0     0 9014.87168    0   35 10732.0000 9014.87168  16.0%     -    0s
     0     0 9023.21972    0   38 10732.0000 9023.21972  15.9%     -    0s
     0     0 9024.82111    0   38 10732.0000 9024.82111  15.9%     -    0s
     0     0 9024.83637    0   32 10732.0000 9024.83637  15.9%     -    0s
     0     0 9062.95511    0   34 10732.0000 9062.95511  15.6%     -    0s
     0     2 9063.13856    0   34 10732.0000 9063.13856  15.6%     -    0s
H   61    81                    10711.000000 9203.11993  14.1%  37.0    0s
H 1065   781                    10678.000000 9353.53455  12.4%  17.3    0s
H 1154   810                    10674.000000 9353.53455  12.4%  17.5    0s
 33451 16264 10211.8369   30   27 10674.0000 9896.16886  7.29%  19.8    5s
 80636 32611 10088.1510   34   19 10674.0000 10016.9698  6.16%  19.7   10s
 129332 45582     cutoff   40      10674.0000 10088.4572  5.49%  19.2   15s
 179209 56688     cutoff   46      10674.0000 10140.5754  5.00%  18.8   20s
 226930 64652 10547.4764   40   10 10674.0000 10180.8036  4.62%  18.8   25s
 276106 70940 10290.6596   36   16 10674.0000 10217.8544  4.27%  18.6   30s
 325162 74836 10535.8772   43   17 10674.0000 10251.9264  3.95%  18.4   35s
 379464 77214 10403.2791   38   28 10674.0000 10287.7345  3.62%  18.1   40s
 430784 76915     cutoff   45      10674.0000 10320.0819  3.32%  17.9   45s
 486627 73085 10542.9611   42   12 10674.0000 10354.7914  2.99%  17.7   50s
 538749 66411     cutoff   43      10674.0000 10388.7751  2.67%  17.6   55s
 589688 55024 10591.7640   33   32 10674.0000 10426.9826  2.31%  17.6   60s
 643821 35561     cutoff   34      10674.0000 10480.3415  1.81%  17.3   65s

Cutting planes:
  Gomory: 4
  Lift-and-project: 23
  Cover: 7
  Implied bound: 6
  Dual implied bound: 41
  MIR: 155
  Flow cover: 269
  Flow path: 61
  Inf proof: 10
  Zero half: 2
  Mod-K: 1
  Network: 70
  Relax-and-lift: 3

Explored 698673 nodes (11727485 simplex iterations) in 68.78 seconds (76.44 work units)
Thread count was 16 (of 16 available processors)

Solution count 10: 10674 10678 10711 ... 11074

Optimal solution found (tolerance 1.00e-04)
Best objective 1.067400000000e+04, best bound 1.067400000000e+04, gap 0.0000%
