#######################



#######################
Set parameter TimeLimit to value 500
Set parameter SoftMemLimit to value 125
Set parameter MIPFocus to value 1
Set parameter LogFile to value 1202-MIPFocus1-Presolve1-TimeLimit500-k16x240-6.log
Set parameter Presolve to value 1
Set parameter Seed to value 16
Using license file /opt/gurobi/gurobi.lic

Gurobi Optimizer version 12.0.2 build v12.0.2rc0 (linux64 - "Ubuntu 22.04.4 LTS")
Copyright (c) 2025, Gurobi Optimization, LLC

Read MPS format model from file /miplib2010/k16x240.mps.bz2
Reading time = 0.00 seconds
k16x240: 256 rows, 480 columns, 960 nonzeros

Using Gurobi shared library /nfs/shared/static-builds/gurobi1202

CPU model: Intel(R) Xeon(R) E-2388G CPU @ 3.20GHz, instruction set [SSE2|AVX|AVX2|AVX512]
Thread count: 8 physical cores, 16 logical processors, using up to 16 threads

Non-default parameters:
TimeLimit  500
SoftMemLimit  125
MIPFocus  1
Presolve  1
Seed  16

Optimize a model with 256 rows, 480 columns and 960 nonzeros
Model fingerprint: 0x4e80885f
Variable types: 240 continuous, 240 integer (240 binary)
Coefficient statistics:
  Matrix range     [1e+00, 1e+03]
  Objective range  [1e+00, 1e+03]
  Bounds range     [1e+00, 1e+03]
  RHS range        [4e+00, 4e+02]
Found heuristic solution: objective 20319.000000
Presolve time: 0.00s
Presolved: 256 rows, 480 columns, 960 nonzeros
Variable types: 240 continuous, 240 integer (240 binary)

Root relaxation: objective 2.769838e+03, 51 iterations, 0.00 seconds (0.00 work units)

    Nodes    |    Current Node    |     Objective Bounds      |     Work
 Expl Unexpl |  Obj  Depth IntInf | Incumbent    BestBd   Gap | It/Node Time

     0     0 2769.83800    0   14 20319.0000 2769.83800  86.4%     -    0s
H    0     0                    11359.000000 2769.83800  75.6%     -    0s
H    0     0                    11195.000000 2769.83800  75.3%     -    0s
H    0     0                    11088.000000 8084.69631  27.1%     -    0s
H    0     0                    11074.000000 8084.69631  27.0%     -    0s
     0     0 8084.69631    0   26 11074.0000 8084.69631  27.0%     -    0s
H    0     0                    10913.000000 8084.69631  25.9%     -    0s
H    0     0                    10748.000000 8084.69631  24.8%     -    0s
     0     0 8528.16906    0   24 10748.0000 8528.16906  20.7%     -    0s
     0     0 8539.49533    0   34 10748.0000 8539.49533  20.5%     -    0s
     0     0 8548.03675    0   29 10748.0000 8548.03675  20.5%     -    0s
     0     0 8740.13341    0   34 10748.0000 8740.13341  18.7%     -    0s
H    0     0                    10681.000000 8740.13341  18.2%     -    0s
     0     0 8799.32355    0   31 10681.0000 8799.32355  17.6%     -    0s
     0     0 8816.21038    0   33 10681.0000 8816.21038  17.5%     -    0s
     0     0 8825.22179    0   33 10681.0000 8825.22179  17.4%     -    0s
     0     0 8825.71985    0   36 10681.0000 8825.71985  17.4%     -    0s
     0     0 8889.95267    0   38 10681.0000 8889.95267  16.8%     -    0s
     0     0 8938.00940    0   39 10681.0000 8938.00940  16.3%     -    0s
     0     0 8969.88380    0   34 10681.0000 8969.88380  16.0%     -    0s
     0     0 8996.72188    0   46 10681.0000 8996.72188  15.8%     -    0s
     0     0 9008.03812    0   41 10681.0000 9008.03812  15.7%     -    0s
     0     0 9011.27406    0   43 10681.0000 9011.27406  15.6%     -    0s
     0     0 9011.43347    0   44 10681.0000 9011.43347  15.6%     -    0s
     0     0 9085.24855    0   40 10681.0000 9085.24855  14.9%     -    0s
     0     2 9085.25020    0   40 10681.0000 9085.25020  14.9%     -    0s
H   44    51                    10678.000000 9131.44622  14.5%  41.2    0s
H 1056   758                    10674.000000 9358.13978  12.3%  20.7    0s
 27674 13466 10388.5345   29   16 10674.0000 9874.26528  7.49%  20.6    5s
 77190 30533 10302.4016   37   10 10674.0000 10019.9259  6.13%  20.5   10s
 129969 43762 10241.2341   25   29 10674.0000 10099.8082  5.38%  19.6   15s
 173968 52728 10432.0779   28   17 10674.0000 10146.9653  4.94%  19.1   20s
 225353 61803     cutoff   42      10674.0000 10192.1374  4.51%  19.0   25s
 277345 67313     cutoff   31      10674.0000 10232.7194  4.13%  18.7   30s
 330558 70870 10490.0658   27    5 10674.0000 10270.0540  3.78%  18.3   35s
 385051 72038 10375.4380   34   10 10674.0000 10304.0247  3.47%  18.1   40s
 438459 70531     cutoff   35      10674.0000 10337.1563  3.16%  17.8   45s
 485219 65942 10555.2493   38   11 10674.0000 10368.5917  2.86%  17.6   50s
 533900 58172     cutoff   33      10674.0000 10402.8438  2.54%  17.7   55s
 593412 42114     cutoff   40      10674.0000 10453.0492  2.07%  17.3   60s
 655279 10422 10618.8254   36   14 10674.0000 10554.7353  1.12%  16.9   65s

Cutting planes:
  Learned: 1
  Gomory: 4
  Lift-and-project: 19
  Cover: 10
  Implied bound: 5
  Dual implied bound: 44
  MIR: 167
  Flow cover: 274
  Flow path: 50
  Inf proof: 1
  Zero half: 1
  Network: 61
  RLT: 1
  Relax-and-lift: 2

Explored 669083 nodes (11170759 simplex iterations) in 65.67 seconds (72.12 work units)
Thread count was 16 (of 16 available processors)

Solution count 10: 10674 10678 10681 ... 20319

Optimal solution found (tolerance 1.00e-04)
Best objective 1.067400000000e+04, best bound 1.067400000000e+04, gap 0.0000%
