#######################
Slurm job id: 17497813_284
Running on machine: p29
Running cmd: /nfs/shared/static-builds/gurobi1202 SOFTMEMLIMIT=125 MIPFocus=1 Presolve=1 TimeLimit=300 seed=3 /nfs/models/miplib2010/k16x240.mps.bz2
#######################
Set parameter TimeLimit to value 300
Set parameter SoftMemLimit to value 125
Set parameter MIPFocus to value 1
Set parameter LogFile to value 1202-MIPFocus1-Presolve1-TimeLimit300-k16x240-3.log
Set parameter Presolve to value 1
Set parameter Seed to value 3
Using license file /opt/gurobi/gurobi.lic

Gurobi Optimizer version 12.0.2 build v12.0.2rc0 (linux64 - "Ubuntu 22.04.4 LTS")
Copyright (c) 2025, Gurobi Optimization, LLC

Read MPS format model from file /nfs/models/miplib2010/k16x240.mps.bz2
Reading time = 0.00 seconds
k16x240: 256 rows, 480 columns, 960 nonzeros

Using Gurobi shared library /nfs/shared/static-builds/gurobi1202

CPU model: Intel(R) Xeon(R) E-2388G CPU @ 3.20GHz, instruction set [SSE2|AVX|AVX2|AVX512]
Thread count: 8 physical cores, 16 logical processors, using up to 16 threads

Non-default parameters:
TimeLimit  300
SoftMemLimit  125
MIPFocus  1
Presolve  1
Seed  3

Optimize a model with 256 rows, 480 columns and 960 nonzeros
Model fingerprint: 0x4e80885f
Variable types: 240 continuous, 240 integer (240 binary)
Coefficient statistics:
  Matrix range     [1e+00, 1e+03]
  Objective range  [1e+00, 1e+03]
  Bounds range     [1e+00, 1e+03]
  RHS range        [4e+00, 4e+02]
Found heuristic solution: objective 20220.000000
Presolve time: 0.00s
Presolved: 256 rows, 480 columns, 960 nonzeros
Variable types: 240 continuous, 240 integer (240 binary)

Root relaxation: objective 2.769838e+03, 51 iterations, 0.00 seconds (0.00 work units)

    Nodes    |    Current Node    |     Objective Bounds      |     Work
 Expl Unexpl |  Obj  Depth IntInf | Incumbent    BestBd   Gap | It/Node Time

     0     0 2769.83800    0   14 20220.0000 2769.83800  86.3%     -    0s
H    0     0                    11359.000000 2769.83800  75.6%     -    0s
H    0     0                    11195.000000 2769.83800  75.3%     -    0s
H    0     0                    11088.000000 2769.83800  75.0%     -    0s
H    0     0                    11074.000000 8084.69631  27.0%     -    0s
     0     0 8084.69631    0   26 11074.0000 8084.69631  27.0%     -    0s
H    0     0                    11044.000000 8084.69631  26.8%     -    0s
H    0     0                    10748.000000 8084.69631  24.8%     -    0s
     0     0 8528.16906    0   24 10748.0000 8528.16906  20.7%     -    0s
     0     0 8539.49533    0   34 10748.0000 8539.49533  20.5%     -    0s
     0     0 8548.03675    0   29 10748.0000 8548.03675  20.5%     -    0s
     0     0 8791.91230    0   37 10748.0000 8791.91230  18.2%     -    0s
H    0     0                    10681.000000 8791.91230  17.7%     -    0s
     0     0 8806.23343    0   34 10681.0000 8806.23343  17.6%     -    0s
     0     0 8820.37136    0   30 10681.0000 8820.37136  17.4%     -    0s
     0     0 8825.31804    0   31 10681.0000 8825.31804  17.4%     -    0s
     0     0 8825.81525    0   37 10681.0000 8825.81525  17.4%     -    0s
     0     0 8919.93048    0   20 10681.0000 8919.93048  16.5%     -    0s
     0     0 8930.53136    0   39 10681.0000 8930.53136  16.4%     -    0s
     0     0 8936.54754    0   31 10681.0000 8936.54754  16.3%     -    0s
     0     0 8937.10099    0   32 10681.0000 8937.10099  16.3%     -    0s
     0     0 9005.27916    0   26 10681.0000 9005.27916  15.7%     -    0s
     0     2 9009.25597    0   26 10681.0000 9009.25597  15.7%     -    0s
H  169   149                    10678.000000 9152.00906  14.3%  31.2    0s
H  171   149                    10674.000000 9152.00906  14.3%  31.7    0s
 32769 14197 10037.3181   25   15 10674.0000 9883.87407  7.40%  21.3    5s
 84207 32692 10135.7707   25   14 10674.0000 10023.2887  6.10%  20.8   10s
 140382 46855     cutoff   33      10674.0000 10099.1117  5.39%  19.9   15s
 194663 58237 10274.8280   35   12 10674.0000 10151.5468  4.89%  19.6   20s
 253391 67253 10326.9736   38   21 10674.0000 10197.7021  4.46%  19.3   25s
 315726 73221 10361.1386   32   11 10674.0000 10240.8225  4.06%  18.9   30s
 371699 76281     cutoff   28      10674.0000 10275.3985  3.73%  18.6   35s
 430006 76144 10465.1078   39   26 10674.0000 10311.8538  3.39%  18.4   40s
 489939 72626 10516.3357   32   10 10674.0000 10349.6574  3.04%  18.2   45s
 548704 64408 10424.3549   47    9 10674.0000 10388.5250  2.67%  18.1   50s
 620746 45972 10626.8626   46   13 10674.0000 10447.2486  2.12%  17.7   55s
 693774  6327     cutoff   49      10674.0000 10570.0019  0.97%  17.2   60s

Cutting planes:
  Learned: 3
  Gomory: 5
  Lift-and-project: 13
  Cover: 10
  Implied bound: 3
  Dual implied bound: 37
  MIR: 149
  Flow cover: 267
  Flow path: 48
  Inf proof: 4
  Zero half: 1
  Network: 71
  Relax-and-lift: 4

Explored 702601 nodes (11950837 simplex iterations) in 60.32 seconds (63.99 work units)
Thread count was 16 (of 16 available processors)

Solution count 10: 10674 10678 10681 ... 20220

Optimal solution found (tolerance 1.00e-04)
Best objective 1.067400000000e+04, best bound 1.067400000000e+04, gap 0.0000%
