#######################



#######################
Set parameter TimeLimit to value 500
Set parameter SoftMemLimit to value 125
Set parameter MIPFocus to value 1
Set parameter LogFile to value 1202-MIPFocus1-Presolve2-TimeLimit500-k16x240-1.log
Set parameter Presolve to value 2
Set parameter Seed to value 11
Using license file /opt/gurobi/gurobi.lic

Gurobi Optimizer version 12.0.2 build v12.0.2rc0 (linux64 - "Ubuntu 22.04.4 LTS")
Copyright (c) 2025, Gurobi Optimization, LLC

Read MPS format model from file /miplib2010/k16x240.mps.bz2
Reading time = 0.00 seconds
k16x240: 256 rows, 480 columns, 960 nonzeros

Using Gurobi shared library /nfs/shared/static-builds/gurobi1202

CPU model: Intel(R) Xeon(R) E-2388G CPU @ 3.20GHz, instruction set [SSE2|AVX|AVX2|AVX512]
Thread count: 8 physical cores, 16 logical processors, using up to 16 threads

Non-default parameters:
TimeLimit  500
SoftMemLimit  125
MIPFocus  1
Presolve  2
Seed  11

Optimize a model with 256 rows, 480 columns and 960 nonzeros
Model fingerprint: 0x4e80885f
Variable types: 240 continuous, 240 integer (240 binary)
Coefficient statistics:
  Matrix range     [1e+00, 1e+03]
  Objective range  [1e+00, 1e+03]
  Bounds range     [1e+00, 1e+03]
  RHS range        [4e+00, 4e+02]
Found heuristic solution: objective 24175.000000
Presolve time: 0.00s
Presolved: 256 rows, 480 columns, 960 nonzeros
Variable types: 240 continuous, 240 integer (240 binary)
Root relaxation presolve removed 241 rows and 240 columns
Root relaxation presolved: 15 rows, 240 columns, 450 nonzeros


Root relaxation: objective 2.769838e+03, 16 iterations, 0.00 seconds (0.00 work units)

    Nodes    |    Current Node    |     Objective Bounds      |     Work
 Expl Unexpl |  Obj  Depth IntInf | Incumbent    BestBd   Gap | It/Node Time

     0     0 2769.83800    0   14 24175.0000 2769.83800  88.5%     -    0s
H    0     0                    11359.000000 2769.83800  75.6%     -    0s
H    0     0                    11248.000000 2769.83800  75.4%     -    0s
H    0     0                    11094.000000 8084.69631  27.1%     -    0s
H    0     0                    10975.000000 8084.69631  26.3%     -    0s
     0     0 8084.69631    0   26 10975.0000 8084.69631  26.3%     -    0s
     0     0 8528.16906    0   24 10975.0000 8528.16906  22.3%     -    0s
     0     0 8539.49533    0   34 10975.0000 8539.49533  22.2%     -    0s
     0     0 8548.03675    0   29 10975.0000 8548.03675  22.1%     -    0s
H    0     0                    10960.000000 8548.03675  22.0%     -    0s
H    0     0                    10949.000000 8548.03675  21.9%     -    0s
     0     0 8708.29261    0   27 10949.0000 8708.29261  20.5%     -    0s
H    0     0                    10909.000000 8708.29261  20.2%     -    0s
H    0     0                    10823.000000 8708.29261  19.5%     -    0s
     0     0 8764.23021    0   35 10823.0000 8764.23021  19.0%     -    0s
     0     0 8768.77783    0   35 10823.0000 8768.77783  19.0%     -    0s
     0     0 8789.04615    0   37 10823.0000 8789.04615  18.8%     -    0s
     0     0 8791.68315    0   38 10823.0000 8791.68315  18.8%     -    0s
     0     0 8797.19812    0   34 10823.0000 8797.19812  18.7%     -    0s
     0     0 8802.77400    0   32 10823.0000 8802.77400  18.7%     -    0s
     0     0 8804.96017    0   36 10823.0000 8804.96017  18.6%     -    0s
     0     0 8805.11325    0   34 10823.0000 8805.11325  18.6%     -    0s
H    0     0                    10779.000000 8805.11325  18.3%     -    0s
     0     0 8892.13489    0   28 10779.0000 8892.13489  17.5%     -    0s
     0     0 8898.09738    0   31 10779.0000 8898.09738  17.4%     -    0s
     0     0 8899.07715    0   31 10779.0000 8899.07715  17.4%     -    0s
     0     0 8902.09756    0   39 10779.0000 8902.09756  17.4%     -    0s
     0     0 8902.10772    0   41 10779.0000 8902.10772  17.4%     -    0s
     0     0 9005.91485    0   36 10779.0000 9005.91485  16.4%     -    0s
     0     2 9005.99660    0   36 10779.0000 9005.99660  16.4%     -    0s
H   35    60                    10711.000000 9080.17247  15.2%  42.2    0s
H   99   118                    10681.000000 9080.17247  15.0%  32.1    0s
H  111   118                    10678.000000 9080.17247  15.0%  29.9    0s
H  162   170                    10674.000000 9080.17247  14.9%  24.5    0s
 37724 17901 10311.8842   31   26 10674.0000 9907.66086  7.18%  19.1    5s
 92154 37225 10408.0670   37   39 10674.0000 10024.3219  6.09%  18.7   10s
 147608 53736 10420.8398   34   19 10674.0000 10089.2481  5.48%  18.1   15s
 205458 66599 10415.2590   42    7 10674.0000 10139.5502  5.01%  17.7   20s
 261633 76846     cutoff   45      10674.0000 10178.0562  4.65%  17.6   25s
 320806 85135 10308.3165   54    4 10674.0000 10212.8427  4.32%  17.4   30s
 379260 91359     cutoff   34      10674.0000 10243.8169  4.03%  17.1   35s
 438296 94845     cutoff   35      10674.0000 10273.1117  3.76%  16.9   40s
 497207 96544     cutoff   37      10674.0000 10301.2044  3.49%  16.7   45s
 556521 95843 10586.8343   34   17 10674.0000 10328.6985  3.23%  16.6   50s
 616271 91831     cutoff   48      10674.0000 10357.7583  2.96%  16.5   55s
 672197 84945 10426.3181   25   18 10674.0000 10386.3870  2.69%  16.5   60s
 734959 72200     cutoff   49      10674.0000 10421.6905  2.36%  16.3   65s
 795959 52533 10556.3832   35   13 10674.0000 10466.4025  1.94%  16.2   70s
 864649 13369     cutoff   37      10674.0000 10558.9394  1.08%  15.8   75s

Cutting planes:
  Gomory: 5
  Lift-and-project: 13
  Cover: 8
  Implied bound: 4
  Dual implied bound: 46
  MIR: 133
  Flow cover: 253
  Flow path: 48
  Network: 69
  Relax-and-lift: 4

Explored 881990 nodes (13797081 simplex iterations) in 75.88 seconds (80.51 work units)
Thread count was 16 (of 16 available processors)

Solution count 10: 10674 10678 10681 ... 10975

Optimal solution found (tolerance 1.00e-04)
Best objective 1.067400000000e+04, best bound 1.067400000000e+04, gap 0.0000%
