#######################
Slurm job id: 17497813_323
Running on machine: p29
Running cmd: /nfs/shared/static-builds/gurobi1202 SOFTMEMLIMIT=125 MIPFocus=1 Presolve=2 TimeLimit=300 seed=2 /nfs/models/miplib2010/k16x240.mps.bz2
#######################
Set parameter TimeLimit to value 300
Set parameter SoftMemLimit to value 125
Set parameter MIPFocus to value 1
Set parameter LogFile to value 1202-MIPFocus1-Presolve2-TimeLimit300-k16x240-2.log
Set parameter Presolve to value 2
Set parameter Seed to value 2
Using license file /opt/gurobi/gurobi.lic

Gurobi Optimizer version 12.0.2 build v12.0.2rc0 (linux64 - "Ubuntu 22.04.4 LTS")
Copyright (c) 2025, Gurobi Optimization, LLC

Read MPS format model from file /nfs/models/miplib2010/k16x240.mps.bz2
Reading time = 0.00 seconds
k16x240: 256 rows, 480 columns, 960 nonzeros

Using Gurobi shared library /nfs/shared/static-builds/gurobi1202

CPU model: Intel(R) Xeon(R) E-2388G CPU @ 3.20GHz, instruction set [SSE2|AVX|AVX2|AVX512]
Thread count: 8 physical cores, 16 logical processors, using up to 16 threads

Non-default parameters:
TimeLimit  300
SoftMemLimit  125
MIPFocus  1
Presolve  2
Seed  2

Optimize a model with 256 rows, 480 columns and 960 nonzeros
Model fingerprint: 0x4e80885f
Variable types: 240 continuous, 240 integer (240 binary)
Coefficient statistics:
  Matrix range     [1e+00, 1e+03]
  Objective range  [1e+00, 1e+03]
  Bounds range     [1e+00, 1e+03]
  RHS range        [4e+00, 4e+02]
Found heuristic solution: objective 20929.000000
Presolve time: 0.00s
Presolved: 256 rows, 480 columns, 960 nonzeros
Variable types: 240 continuous, 240 integer (240 binary)
Root relaxation presolve removed 241 rows and 240 columns
Root relaxation presolved: 15 rows, 240 columns, 450 nonzeros


Root relaxation: objective 2.769838e+03, 16 iterations, 0.00 seconds (0.00 work units)

    Nodes    |    Current Node    |     Objective Bounds      |     Work
 Expl Unexpl |  Obj  Depth IntInf | Incumbent    BestBd   Gap | It/Node Time

     0     0 2769.83800    0   14 20929.0000 2769.83800  86.8%     -    0s
H    0     0                    11359.000000 2769.83800  75.6%     -    0s
H    0     0                    11320.000000 2769.83800  75.5%     -    0s
H    0     0                    11287.000000 2769.83800  75.5%     -    0s
H    0     0                    11248.000000 2769.83800  75.4%     -    0s
H    0     0                    11245.000000 2769.83800  75.4%     -    0s
H    0     0                    11049.000000 8084.69631  26.8%     -    0s
     0     0 8084.69631    0   26 11049.0000 8084.69631  26.8%     -    0s
H    0     0                    11016.000000 8084.69631  26.6%     -    0s
H    0     0                    10990.000000 8084.69631  26.4%     -    0s
     0     0 8528.16906    0   24 10990.0000 8528.16906  22.4%     -    0s
     0     0 8539.49533    0   34 10990.0000 8539.49533  22.3%     -    0s
     0     0 8548.03675    0   29 10990.0000 8548.03675  22.2%     -    0s
     0     0 8708.29261    0   27 10990.0000 8708.29261  20.8%     -    0s
     0     0 8760.35676    0   37 10990.0000 8760.35676  20.3%     -    0s
H    0     0                    10982.000000 8786.91569  20.0%     -    0s
     0     0 8786.91569    0   36 10982.0000 8786.91569  20.0%     -    0s
H    0     0                    10956.000000 8801.70204  19.7%     -    0s
     0     0 8801.70204    0   33 10956.0000 8801.70204  19.7%     -    0s
H    0     0                    10917.000000 8804.95322  19.3%     -    0s
     0     0 8804.95322    0   34 10917.0000 8804.95322  19.3%     -    0s
H    0     0                    10902.000000 8804.95322  19.2%     -    0s
     0     0 8887.16879    0   30 10902.0000 8887.16879  18.5%     -    0s
H    0     0                    10846.000000 8887.16879  18.1%     -    0s
     0     0 8897.87337    0   31 10846.0000 8897.87337  18.0%     -    0s
     0     0 8900.92605    0   30 10846.0000 8900.92605  17.9%     -    0s
H    0     0                    10836.000000 8901.39469  17.9%     -    0s
     0     0 8901.39469    0   30 10836.0000 8901.39469  17.9%     -    0s
H    0     0                    10779.000000 8901.39469  17.4%     -    0s
     0     0 8982.64280    0   36 10779.0000 8982.64280  16.7%     -    0s
H    0     0                    10717.000000 8982.79644  16.2%     -    0s
H    0     0                    10681.000000 8982.79644  15.9%     -    0s
     0     2 8982.79644    0   36 10681.0000 8982.79644  15.9%     -    0s
H   37    61                    10678.000000 9055.99136  15.2%  41.6    0s
H 1977  1259                    10674.000000 9390.27674  12.0%  17.0    0s
 37648 17949 10072.0611   24   13 10674.0000 9889.57340  7.35%  17.1    5s
 88562 36919 10096.6830   39   23 10674.0000 10009.4851  6.23%  16.9   10s
 144449 53202     cutoff   35      10674.0000 10081.0443  5.56%  16.4   15s
 197867 65180 10435.7855   30   12 10674.0000 10130.6212  5.09%  16.1   20s
 248618 74482     cutoff   41      10674.0000 10169.0449  4.73%  16.3   25s
 300785 82037     cutoff   40      10674.0000 10203.4983  4.41%  16.1   30s
 355655 88790     cutoff   24      10674.0000 10234.8642  4.11%  15.9   35s
 407346 93011 10420.0828   30   18 10674.0000 10262.8427  3.85%  15.8   40s
 464907 95619 10412.8962   31    6 10674.0000 10291.2081  3.59%  15.7   45s
 516661 95569     cutoff   44      10674.0000 10317.6493  3.34%  15.6   50s
 562946 93638 10417.8341   37   19 10674.0000 10340.3144  3.13%  15.7   55s
 620660 88134 10510.1345   30    5 10674.0000 10369.5914  2.85%  15.6   60s
 678297 79248 10430.7362   34    8 10674.0000 10400.0966  2.57%  15.5   65s
 730222 67580     cutoff   38      10674.0000 10431.5034  2.27%  15.4   70s
 782565 49636     cutoff   34      10674.0000 10470.8764  1.90%  15.2   75s
 841134 18423 10670.2569   37   14 10674.0000 10545.0254  1.21%  15.0   80s

Cutting planes:
  Gomory: 5
  Lift-and-project: 16
  Cover: 7
  Implied bound: 4
  Dual implied bound: 40
  MIR: 136
  Flow cover: 287
  Flow path: 44
  Inf proof: 1
  Network: 75
  Relax-and-lift: 4

Explored 864846 nodes (12746214 simplex iterations) in 81.34 seconds (88.97 work units)
Thread count was 16 (of 16 available processors)

Solution count 10: 10674 10678 10681 ... 10956

Optimal solution found (tolerance 1.00e-04)
Best objective 1.067400000000e+04, best bound 1.067400000000e+04, gap 0.0000%
