#######################



#######################
Set parameter TimeLimit to value 300
Set parameter SoftMemLimit to value 125
Set parameter MIPFocus to value 1
Set parameter LogFile to value 1202-MIPFocus1-Presolve2-TimeLimit300-k16x240-6.log
Set parameter Presolve to value 2
Set parameter Seed to value 6
Using license file /opt/gurobi/gurobi.lic

Gurobi Optimizer version 12.0.2 build v12.0.2rc0 (linux64 - "Ubuntu 22.04.4 LTS")
Copyright (c) 2025, Gurobi Optimization, LLC

Read MPS format model from file /miplib2010/k16x240.mps.bz2
Reading time = 0.00 seconds
k16x240: 256 rows, 480 columns, 960 nonzeros

Using Gurobi shared library /nfs/shared/static-builds/gurobi1202

CPU model: Intel(R) Xeon(R) E-2388G CPU @ 3.20GHz, instruction set [SSE2|AVX|AVX2|AVX512]
Thread count: 8 physical cores, 16 logical processors, using up to 16 threads

Non-default parameters:
TimeLimit  300
SoftMemLimit  125
MIPFocus  1
Presolve  2
Seed  6

Optimize a model with 256 rows, 480 columns and 960 nonzeros
Model fingerprint: 0x4e80885f
Variable types: 240 continuous, 240 integer (240 binary)
Coefficient statistics:
  Matrix range     [1e+00, 1e+03]
  Objective range  [1e+00, 1e+03]
  Bounds range     [1e+00, 1e+03]
  RHS range        [4e+00, 4e+02]
Found heuristic solution: objective 19315.000000
Presolve time: 0.00s
Presolved: 256 rows, 480 columns, 960 nonzeros
Variable types: 240 continuous, 240 integer (240 binary)
Root relaxation presolve removed 241 rows and 240 columns
Root relaxation presolved: 15 rows, 240 columns, 450 nonzeros


Root relaxation: objective 2.769838e+03, 16 iterations, 0.00 seconds (0.00 work units)

    Nodes    |    Current Node    |     Objective Bounds      |     Work
 Expl Unexpl |  Obj  Depth IntInf | Incumbent    BestBd   Gap | It/Node Time

     0     0 2769.83800    0   14 19315.0000 2769.83800  85.7%     -    0s
H    0     0                    11359.000000 2769.83800  75.6%     -    0s
H    0     0                    11262.000000 2769.83800  75.4%     -    0s
H    0     0                    11244.000000 2769.83800  75.4%     -    0s
H    0     0                    11147.000000 2769.83800  75.2%     -    0s
H    0     0                    11065.000000 8084.69631  26.9%     -    0s
     0     0 8084.69631    0   26 11065.0000 8084.69631  26.9%     -    0s
H    0     0                    11007.000000 8084.69631  26.5%     -    0s
     0     0 8528.16906    0   24 11007.0000 8528.16906  22.5%     -    0s
     0     0 8539.49533    0   34 11007.0000 8539.49533  22.4%     -    0s
     0     0 8548.03675    0   29 11007.0000 8548.03675  22.3%     -    0s
H    0     0                    11002.000000 8707.77726  20.9%     -    0s
     0     0 8707.77726    0   27 11002.0000 8707.77726  20.9%     -    0s
H    0     0                    10968.000000 8707.77726  20.6%     -    0s
H    0     0                    10930.000000 8707.77726  20.3%     -    0s
H    0     0                    10855.000000 8707.77726  19.8%     -    0s
H    0     0                    10823.000000 8707.77726  19.5%     -    0s
     0     0 8758.83317    0   39 10823.0000 8758.83317  19.1%     -    0s
     0     0 8787.35679    0   34 10823.0000 8787.35679  18.8%     -    0s
     0     0 8802.00637    0   31 10823.0000 8802.00637  18.7%     -    0s
     0     0 8804.95322    0   34 10823.0000 8804.95322  18.6%     -    0s
     0     0 8887.16879    0   30 10823.0000 8887.16879  17.9%     -    0s
H    0     0                    10779.000000 8897.80064  17.5%     -    0s
     0     0 8897.80064    0   30 10779.0000 8897.80064  17.5%     -    0s
     0     0 8898.85252    0   30 10779.0000 8898.85252  17.4%     -    0s
     0     0 8901.60215    0   33 10779.0000 8901.60215  17.4%     -    0s
     0     0 8901.65415    0   33 10779.0000 8901.65415  17.4%     -    0s
     0     0 9034.93072    0   27 10779.0000 9034.93072  16.2%     -    0s
H    0     0                    10678.000000 9035.12327  15.4%     -    0s
H    0     2                    10674.000000 9035.12327  15.4%     -    0s
     0     2 9035.12327    0   27 10674.0000 9035.12327  15.4%     -    0s
 34793 16768 10202.9692   38   18 10674.0000 9892.32934  7.32%  18.8    5s
 84216 35015     cutoff   31      10674.0000 10010.8358  6.21%  18.5   10s
 132630 49438 10406.1397   42   14 10674.0000 10075.3642  5.61%  18.1   15s
 182360 61054 10406.6524   28   14 10674.0000 10124.4903  5.15%  17.7   20s
 232887 70776     cutoff   47      10674.0000 10165.1747  4.77%  17.5   25s
 279862 77659     cutoff   35      10674.0000 10198.0583  4.46%  17.5   30s
 334138 84064 10603.1105   36    8 10674.0000 10232.0026  4.14%  17.3   35s
 386425 88178     cutoff   38      10674.0000 10261.7597  3.86%  17.1   40s
 437961 90170 10495.7472   46   10 10674.0000 10289.4096  3.60%  16.9   45s
 491554 90478 10533.4946   45    3 10674.0000 10316.0453  3.35%  16.7   50s
 548114 87879 10593.5440   42   11 10674.0000 10345.9662  3.07%  16.5   55s
 600213 82225 10586.3235   44   14 10674.0000 10373.7520  2.81%  16.5   60s
 646851 74312     cutoff   38      10674.0000 10400.7649  2.56%  16.5   65s
 700182 60836 10642.7429   44   15 10674.0000 10436.3309  2.23%  16.4   70s
 753374 39984     cutoff   37      10674.0000 10483.3622  1.79%  16.2   75s

Cutting planes:
  Gomory: 6
  Lift-and-project: 12
  Cover: 8
  Implied bound: 4
  Dual implied bound: 40
  MIR: 133
  Flow cover: 274
  Flow path: 48
  Inf proof: 3
  Network: 69
  Relax-and-lift: 5

Explored 814879 nodes (12813604 simplex iterations) in 79.77 seconds (88.16 work units)
Thread count was 16 (of 16 available processors)

Solution count 10: 10674 10678 10779 ... 11065

Optimal solution found (tolerance 1.00e-04)
Best objective 1.067400000000e+04, best bound 1.067400000000e+04, gap 0.0000%
