#######################



#######################
Set parameter TimeLimit to value 300
Set parameter SoftMemLimit to value 125
Set parameter MIPFocus to value 1
Set parameter LogFile to value 1202-MIPFocus1-Presolve2-TimeLimit300-k16x240-7.log
Set parameter Presolve to value 2
Set parameter Seed to value 7
Using license file /opt/gurobi/gurobi.lic

Gurobi Optimizer version 12.0.2 build v12.0.2rc0 (linux64 - "Ubuntu 22.04.4 LTS")
Copyright (c) 2025, Gurobi Optimization, LLC

Read MPS format model from file /miplib2010/k16x240.mps.bz2
Reading time = 0.00 seconds
k16x240: 256 rows, 480 columns, 960 nonzeros

Using Gurobi shared library /nfs/shared/static-builds/gurobi1202

CPU model: Intel(R) Xeon(R) E-2388G CPU @ 3.20GHz, instruction set [SSE2|AVX|AVX2|AVX512]
Thread count: 8 physical cores, 16 logical processors, using up to 16 threads

Non-default parameters:
TimeLimit  300
SoftMemLimit  125
MIPFocus  1
Presolve  2
Seed  7

Optimize a model with 256 rows, 480 columns and 960 nonzeros
Model fingerprint: 0x4e80885f
Variable types: 240 continuous, 240 integer (240 binary)
Coefficient statistics:
  Matrix range     [1e+00, 1e+03]
  Objective range  [1e+00, 1e+03]
  Bounds range     [1e+00, 1e+03]
  RHS range        [4e+00, 4e+02]
Found heuristic solution: objective 24303.000000
Presolve time: 0.00s
Presolved: 256 rows, 480 columns, 960 nonzeros
Variable types: 240 continuous, 240 integer (240 binary)
Root relaxation presolve removed 241 rows and 240 columns
Root relaxation presolved: 15 rows, 240 columns, 450 nonzeros


Root relaxation: objective 2.769838e+03, 16 iterations, 0.00 seconds (0.00 work units)

    Nodes    |    Current Node    |     Objective Bounds      |     Work
 Expl Unexpl |  Obj  Depth IntInf | Incumbent    BestBd   Gap | It/Node Time

     0     0 2769.83800    0   14 24303.0000 2769.83800  88.6%     -    0s
H    0     0                    11359.000000 2769.83800  75.6%     -    0s
H    0     0                    11248.000000 2769.83800  75.4%     -    0s
     0     0 8084.69631    0   26 11248.0000 8084.69631  28.1%     -    0s
H    0     0                    10852.000000 8084.69631  25.5%     -    0s
H    0     0                    10826.000000 8084.69631  25.3%     -    0s
H    0     0                    10748.000000 8084.69631  24.8%     -    0s
H    0     0                    10746.000000 8084.69631  24.8%     -    0s
     0     0 8528.16906    0   24 10746.0000 8528.16906  20.6%     -    0s
     0     0 8539.52379    0   32 10746.0000 8539.52379  20.5%     -    0s
     0     0 8548.03675    0   29 10746.0000 8548.03675  20.5%     -    0s
     0     0 8707.77726    0   27 10746.0000 8707.77726  19.0%     -    0s
     0     0 8746.34452    0   35 10746.0000 8746.34452  18.6%     -    0s
     0     0 8757.08904    0   35 10746.0000 8757.08904  18.5%     -    0s
     0     0 8786.38733    0   33 10746.0000 8786.38733  18.2%     -    0s
     0     0 8791.67464    0   38 10746.0000 8791.67464  18.2%     -    0s
     0     0 8797.19812    0   34 10746.0000 8797.19812  18.1%     -    0s
     0     0 8802.77400    0   32 10746.0000 8802.77400  18.1%     -    0s
     0     0 8805.11325    0   34 10746.0000 8805.11325  18.1%     -    0s
     0     0 8887.47515    0   31 10746.0000 8887.47515  17.3%     -    0s
     0     0 8898.37761    0   33 10746.0000 8898.37761  17.2%     -    0s
     0     0 8901.50951    0   34 10746.0000 8901.50951  17.2%     -    0s
     0     0 8902.11890    0   34 10746.0000 8902.11890  17.2%     -    0s
     0     0 8920.46852    0   38 10746.0000 8920.46852  17.0%     -    0s
     0     2 8921.55428    0   38 10746.0000 8921.55428  17.0%     -    0s
H    1     4                    10674.000000 8921.55428  16.4%   0.0    0s
 30646 14660 10641.2001   39    7 10674.0000 9887.13619  7.37%  18.0    5s
 81747 33868 10131.0458   33   28 10674.0000 10013.6876  6.19%  17.7   10s
 133088 49394 10262.2774   25   28 10674.0000 10083.0767  5.54%  17.5   15s
 183764 62081 10230.8674   30   26 10674.0000 10131.2610  5.08%  17.1   20s
 238359 73133 10288.7619   41   19 10674.0000 10173.0375  4.69%  16.8   25s
 289098 80937 10559.2720   45   17 10674.0000 10206.4324  4.38%  16.8   30s
 338873 86385 10397.0739   41    5 10674.0000 10237.7195  4.09%  16.8   35s
 392249 89760 10515.0577   38   16 10674.0000 10268.5928  3.80%  16.7   40s
 444691 91108     cutoff   46      10674.0000 10297.8174  3.52%  16.6   45s
 498246 90051     cutoff   30      10674.0000 10327.1618  3.25%  16.4   50s
 551244 86649 10554.3846   47   14 10674.0000 10356.6871  2.97%  16.3   55s
 606646 79063     cutoff   31      10674.0000 10388.9548  2.67%  16.2   60s
 657995 68088     cutoff   30      10674.0000 10421.2671  2.37%  16.1   65s
 703185 53521 10655.8275   25    9 10674.0000 10456.7407  2.04%  16.2   70s
 767150 21885     cutoff   50      10674.0000 10531.1543  1.34%  15.9   75s

Cutting planes:
  Gomory: 4
  Lift-and-project: 14
  Cover: 7
  Implied bound: 4
  Dual implied bound: 40
  MIR: 133
  Flow cover: 262
  Flow path: 49
  Inf proof: 4
  Network: 66
  Relax-and-lift: 3

Explored 796100 nodes (12455014 simplex iterations) in 76.64 seconds (84.97 work units)
Thread count was 16 (of 16 available processors)

Solution count 8: 10674 10746 10748 ... 24303

Optimal solution found (tolerance 1.00e-04)
Best objective 1.067400000000e+04, best bound 1.067400000000e+04, gap 0.0000%
