#######################
Slurm job id: 17497813_307
Running on machine: p46
Running cmd: /nfs/shared/static-builds/gurobi1202 SOFTMEMLIMIT=125 MIPFocus=3 Presolve=1 TimeLimit=300 seed=6 /nfs/models/miplib2010/k16x240.mps.bz2
#######################
Set parameter TimeLimit to value 300
Set parameter SoftMemLimit to value 125
Set parameter MIPFocus to value 3
Set parameter LogFile to value 1202-MIPFocus3-Presolve1-TimeLimit300-k16x240-6.log
Set parameter Presolve to value 1
Set parameter Seed to value 6
Using license file /opt/gurobi/gurobi.lic

Gurobi Optimizer version 12.0.2 build v12.0.2rc0 (linux64 - "Ubuntu 22.04.4 LTS")
Copyright (c) 2025, Gurobi Optimization, LLC

Read MPS format model from file /nfs/models/miplib2010/k16x240.mps.bz2
Reading time = 0.00 seconds
k16x240: 256 rows, 480 columns, 960 nonzeros

Using Gurobi shared library /nfs/shared/static-builds/gurobi1202

CPU model: Intel(R) Xeon(R) E-2388G CPU @ 3.20GHz, instruction set [SSE2|AVX|AVX2|AVX512]
Thread count: 8 physical cores, 16 logical processors, using up to 16 threads

Non-default parameters:
TimeLimit  300
SoftMemLimit  125
MIPFocus  3
Presolve  1
Seed  6

Optimize a model with 256 rows, 480 columns and 960 nonzeros
Model fingerprint: 0x4e80885f
Variable types: 240 continuous, 240 integer (240 binary)
Coefficient statistics:
  Matrix range     [1e+00, 1e+03]
  Objective range  [1e+00, 1e+03]
  Bounds range     [1e+00, 1e+03]
  RHS range        [4e+00, 4e+02]
Found heuristic solution: objective 19315.000000
Presolve time: 0.00s
Presolved: 256 rows, 480 columns, 960 nonzeros
Variable types: 240 continuous, 240 integer (240 binary)

Root relaxation: objective 2.769838e+03, 51 iterations, 0.00 seconds (0.00 work units)

    Nodes    |    Current Node    |     Objective Bounds      |     Work
 Expl Unexpl |  Obj  Depth IntInf | Incumbent    BestBd   Gap | It/Node Time

     0     0 2769.83800    0   14 19315.0000 2769.83800  85.7%     -    0s
H    0     0                    11359.000000 2769.83800  75.6%     -    0s
H    0     0                    11195.000000 2769.83800  75.3%     -    0s
H    0     0                    11088.000000 2769.83800  75.0%     -    0s
H    0     0                    11074.000000 2769.83800  75.0%     -    0s
H    0     0                    10916.000000 8116.87580  25.6%     -    0s
     0     0 8116.87580    0   26 10916.0000 8116.87580  25.6%     -    0s
H    0     0                    10838.000000 8182.85928  24.5%     -    0s
H    0     0                    10836.000000 8182.85928  24.5%     -    0s
H    0     0                    10826.000000 8182.85928  24.4%     -    0s
H    0     0                    10806.000000 8182.85928  24.3%     -    0s
     0     0 8738.72045    0   24 10806.0000 8738.72045  19.1%     -    0s
H    0     0                    10778.000000 8930.21850  17.1%     -    0s
     0     0 8955.29750    0   32 10778.0000 8955.29750  16.9%     -    0s
     0     0 9110.01024    0   37 10778.0000 9110.01024  15.5%     -    0s
     0     0 9116.28485    0   38 10778.0000 9116.28485  15.4%     -    0s
     0     0 9213.98887    0   31 10778.0000 9213.98887  14.5%     -    0s
     0     0 9247.00990    0   32 10778.0000 9247.00990  14.2%     -    0s
     0     0 9272.97350    0   27 10778.0000 9272.97350  14.0%     -    0s
     0     0 9289.91078    0   30 10778.0000 9289.91078  13.8%     -    0s
     0     0 9289.91078    0   30 10778.0000 9289.91078  13.8%     -    0s
H    0     0                    10732.000000 9289.91078  13.4%     -    0s
H    0     0                    10711.000000 9289.91078  13.3%     -    0s
     0     2 9289.91078    0   30 10711.0000 9289.91078  13.3%     -    0s
H   27    64                    10681.000000 9340.24913  12.6%  85.8    0s
H   47    64                    10678.000000 9345.76220  12.5%  65.7    0s
H 1056  1077                    10674.000000 9576.45498  10.3%  32.4    0s
  4562  3359 10501.6916   31   32 10674.0000 10215.7181  4.29%   107    5s
 15893  8919 10479.4496   30   16 10674.0000 10453.3153  2.07%  83.0   10s

Cutting planes:
  Lift-and-project: 5
  Cover: 3
  Implied bound: 7
  Dual implied bound: 7
  MIR: 140
  Mixing: 1
  Flow cover: 508
  Flow path: 26
  Zero half: 23
  Network: 22
  Relax-and-lift: 6

Explored 45100 nodes (2081274 simplex iterations) in 13.95 seconds (19.12 work units)
Thread count was 16 (of 16 available processors)

Solution count 10: 10674 10678 10681 ... 10838

Optimal solution found (tolerance 1.00e-04)
Best objective 1.067400000000e+04, best bound 1.067300000000e+04, gap 0.0094%
