#######################
Slurm job id: 17497813_195
Running on machine: p16
Running cmd: /nfs/shared/static-builds/gurobi1202 SOFTMEMLIMIT=125 MIPFocus=1 Presolve=1 TimeLimit=500 seed=14 /nfs/models/miplib2010/k16x240.mps.bz2
#######################
Set parameter TimeLimit to value 500
Set parameter SoftMemLimit to value 125
Set parameter MIPFocus to value 1
Set parameter LogFile to value 1202-MIPFocus1-Presolve1-TimeLimit500-k16x240-4.log
Set parameter Presolve to value 1
Set parameter Seed to value 14
Using license file /opt/gurobi/gurobi.lic

Gurobi Optimizer version 12.0.2 build v12.0.2rc0 (linux64 - "Ubuntu 22.04.4 LTS")
Copyright (c) 2025, Gurobi Optimization, LLC

Read MPS format model from file /nfs/models/miplib2010/k16x240.mps.bz2
Reading time = 0.00 seconds
k16x240: 256 rows, 480 columns, 960 nonzeros

Using Gurobi shared library /nfs/shared/static-builds/gurobi1202

CPU model: Intel(R) Xeon(R) E-2388G CPU @ 3.20GHz, instruction set [SSE2|AVX|AVX2|AVX512]
Thread count: 8 physical cores, 16 logical processors, using up to 16 threads

Non-default parameters:
TimeLimit  500
SoftMemLimit  125
MIPFocus  1
Presolve  1
Seed  14

Optimize a model with 256 rows, 480 columns and 960 nonzeros
Model fingerprint: 0x4e80885f
Variable types: 240 continuous, 240 integer (240 binary)
Coefficient statistics:
  Matrix range     [1e+00, 1e+03]
  Objective range  [1e+00, 1e+03]
  Bounds range     [1e+00, 1e+03]
  RHS range        [4e+00, 4e+02]
Found heuristic solution: objective 19431.000000
Presolve time: 0.00s
Presolved: 256 rows, 480 columns, 960 nonzeros
Variable types: 240 continuous, 240 integer (240 binary)

Root relaxation: objective 2.769838e+03, 51 iterations, 0.00 seconds (0.00 work units)

    Nodes    |    Current Node    |     Objective Bounds      |     Work
 Expl Unexpl |  Obj  Depth IntInf | Incumbent    BestBd   Gap | It/Node Time

     0     0 2769.83800    0   14 19431.0000 2769.83800  85.7%     -    0s
H    0     0                    11359.000000 2769.83800  75.6%     -    0s
H    0     0                    11342.000000 2769.83800  75.6%     -    0s
H    0     0                    11195.000000 2769.83800  75.3%     -    0s
H    0     0                    11088.000000 2769.83800  75.0%     -    0s
H    0     0                    11074.000000 2769.83800  75.0%     -    0s
     0     0 8084.69631    0   26 11074.0000 8084.69631  27.0%     -    0s
H    0     0                    10916.000000 8084.69631  25.9%     -    0s
     0     0 8528.16906    0   24 10916.0000 8528.16906  21.9%     -    0s
     0     0 8539.49533    0   34 10916.0000 8539.49533  21.8%     -    0s
     0     0 8548.03675    0   29 10916.0000 8548.03675  21.7%     -    0s
H    0     0                    10750.000000 8548.03675  20.5%     -    0s
     0     0 8791.91230    0   37 10750.0000 8791.91230  18.2%     -    0s
H    0     0                    10678.000000 8791.91230  17.7%     -    0s
     0     0 8806.23343    0   34 10678.0000 8806.23343  17.5%     -    0s
     0     0 8820.37136    0   30 10678.0000 8820.37136  17.4%     -    0s
     0     0 8825.31804    0   31 10678.0000 8825.31804  17.4%     -    0s
     0     0 8825.81525    0   37 10678.0000 8825.81525  17.3%     -    0s
     0     0 8891.42752    0   35 10678.0000 8891.42752  16.7%     -    0s
     0     0 8932.05456    0   44 10678.0000 8932.05456  16.4%     -    0s
     0     0 8936.65234    0   38 10678.0000 8936.65234  16.3%     -    0s
     0     0 8936.74783    0   37 10678.0000 8936.74783  16.3%     -    0s
     0     0 9042.26621    0   41 10678.0000 9042.26621  15.3%     -    0s
     0     2 9043.50133    0   41 10678.0000 9043.50133  15.3%     -    0s
H  175   168                    10674.000000 9122.27270  14.5%  31.2    0s
 31564 14837 10116.1956   32   25 10674.0000 9877.08668  7.47%  21.5    5s
 79580 31675 10129.6715   30   19 10674.0000 10007.6856  6.24%  21.5   10s
 131304 45916 10354.4903   44   14 10674.0000 10084.7471  5.52%  20.7   15s
 184089 57319 10527.5188   39   12 10674.0000 10139.2974  5.01%  20.3   20s
 234551 65849 10507.5174   31   27 10674.0000 10181.0066  4.62%  20.3   25s
 287979 72203 10323.9811   26   13 10674.0000 10218.6417  4.27%  19.8   30s
 342765 76722 10304.4830   32    6 10674.0000 10254.8084  3.93%  19.5   35s
 399989 78823     cutoff   34      10674.0000 10289.9019  3.60%  19.2   40s
 452797 77648 10374.3542   25   30 10674.0000 10322.1960  3.30%  19.0   45s
 504907 73887     cutoff   40      10674.0000 10352.9312  3.01%  18.9   50s
 565136 64870 10455.6244   33    4 10674.0000 10393.6711  2.63%  18.7   55s
 628543 48345 10625.9595   45   17 10674.0000 10444.3813  2.15%  18.5   60s
 694466 16382 10566.1341   67    3 10674.0000 10534.9977  1.30%  18.0   65s

Cutting planes:
  Learned: 2
  Gomory: 5
  Lift-and-project: 12
  Cover: 10
  Implied bound: 1
  Dual implied bound: 43
  MIR: 145
  Flow cover: 268
  Flow path: 61
  Zero half: 1
  Network: 68
  Relax-and-lift: 4

Explored 714905 nodes (12681435 simplex iterations) in 65.92 seconds (68.78 work units)
Thread count was 16 (of 16 available processors)

Solution count 10: 10674 10678 10750 ... 19431

Optimal solution found (tolerance 1.00e-04)
Best objective 1.067400000000e+04, best bound 1.067400000000e+04, gap 0.0000%
