
Gurobi 9.1.2 (linux64, gurobi_cl) logging started Fri Jul 30 13:52:34 2021

Using license file /opt/gurobi/gurobi.lic
Set parameter TimeLimit to value 600
Set parameter LogFile to value 912-Presolve1-glass4-2.log
Set parameter Presolve to value 1
Set parameter Seed to value 2

Gurobi Optimizer version 9.1.2 build v9.1.2rc0 (linux64)
Copyright (c) 2021, Gurobi Optimization, LLC

Read MPS format model from file /nfs/models/mip/glass4.mps.bz2
Reading time = 0.00 seconds
glass4: 396 rows, 322 columns, 1815 nonzeros
Thread count: 4 physical cores, 8 logical processors, using up to 8 threads
Optimize a model with 396 rows, 322 columns and 1815 nonzeros
Model fingerprint: 0x0a9d9037
Variable types: 20 continuous, 302 integer (0 binary)
Coefficient statistics:
  Matrix range     [1e+00, 8e+06]
  Objective range  [1e+00, 1e+06]
  Bounds range     [1e+00, 8e+02]
  RHS range        [1e+00, 8e+06]
Presolve removed 4 rows and 6 columns
Presolve time: 0.00s
Presolved: 392 rows, 316 columns, 1811 nonzeros
Variable types: 19 continuous, 297 integer (297 binary)
Found heuristic solution: objective 3.133356e+09

Root relaxation: objective 8.000024e+08, 72 iterations, 0.00 seconds

    Nodes    |    Current Node    |     Objective Bounds      |     Work
 Expl Unexpl |  Obj  Depth IntInf | Incumbent    BestBd   Gap | It/Node Time

     0     0 8.0000e+08    0   72 3.1334e+09 8.0000e+08  74.5%     -    0s
H    0     0                    2.350019e+09 8.0000e+08  66.0%     -    0s
H    0     0                    2.100019e+09 8.0000e+08  61.9%     -    0s
H    0     0                    2.100018e+09 8.0000e+08  61.9%     -    0s
     0     0 8.0000e+08    0   72 2.1000e+09 8.0000e+08  61.9%     -    0s
H    0     0                    2.100018e+09 8.0000e+08  61.9%     -    0s
     0     0 8.0000e+08    0   78 2.1000e+09 8.0000e+08  61.9%     -    0s
     0     0 8.0000e+08    0   77 2.1000e+09 8.0000e+08  61.9%     -    0s
H    0     2                    2.050018e+09 8.0000e+08  61.0%     -    0s
     0     2 8.0000e+08    0   76 2.0500e+09 8.0000e+08  61.0%     -    0s
H   38    60                    1.950017e+09 8.0000e+08  59.0%  13.8    0s
H 1214  1001                    1.900018e+09 8.0000e+08  57.9%   7.3    0s
* 1816  1315              78    1.900017e+09 8.0001e+08  57.9%  11.8    1s
* 1817  1266              77    1.900017e+09 8.0001e+08  57.9%  11.8    1s
H 1842  1182                    1.800015e+09 8.0001e+08  55.6%  11.8    1s
H 1877  1116                    1.750015e+09 8.0001e+08  54.3%  11.8    1s
H 2022  1081                    1.700015e+09 8.0001e+08  52.9%  13.5    1s
H 2031   992                    1.683348e+09 8.0001e+08  52.5%  13.6    1s
H 9053  5670                    1.666682e+09 8.0001e+08  52.0%  19.6    4s
 10271  7290 8.5001e+08   39   72 1.6667e+09 8.0001e+08  52.0%  20.4    5s
H12916  8155                    1.660015e+09 8.0001e+08  51.8%  19.2    6s
*13484  8489              59    1.650015e+09 8.0001e+08  51.5%  19.7    6s
*23972 14719              48    1.650013e+09 8.1018e+08  50.9%  20.5    9s
 25568 16596 1.5082e+09   44   39 1.6500e+09 8.1359e+08  50.7%  20.7   10s
H29787 17190                    1.633347e+09 8.5072e+08  47.9%  19.8   12s
H29797 16336                    1.633347e+09 8.5743e+08  47.5%  19.7   13s
H29822 15535                    1.600013e+09 8.6450e+08  46.0%  19.7   14s
H29822 14757                    1.600013e+09 8.6450e+08  46.0%  19.7   14s
 29844 14771 1.5000e+09   45   99 1.6000e+09 8.7840e+08  45.1%  19.7   15s
 29940 14835 1.2000e+09   38  118 1.6000e+09 8.9878e+08  43.8%  19.6   20s
 30002 14877 1.3000e+09   45   87 1.6000e+09 8.9882e+08  43.8%  19.6   25s
 30304 15046 1.0000e+09   43   62 1.6000e+09 9.0001e+08  43.8%  21.2   30s
H30405 14336                    1.587516e+09 9.0001e+08  43.3%  21.3   30s
 36169 16111 1.5750e+09   84   12 1.5875e+09 9.2464e+08  41.8%  25.4   35s
*38878 15416              63    1.500014e+09 9.6435e+08  35.7%  27.0   36s
*43024 15190              52    1.500013e+09 1.0000e+09  33.3%  30.2   38s
 45295 15472 1.0091e+09   43   78 1.5000e+09 1.0000e+09  33.3%  31.7   40s
*46606 14738              62    1.500013e+09 1.0000e+09  33.3%  32.5   40s
*50410 11430              70    1.450016e+09 1.0000e+09  31.0%  34.4   42s
*52250  9658              60    1.400013e+09 1.0000e+09  28.6%  35.5   43s
 54917  8769 1.3111e+09   49   52 1.4000e+09 1.0000e+09  28.6%  38.0   45s
*58897  7029              56    1.400013e+09 1.1000e+09  21.4%  41.2   47s
 62827  6473 infeasible   40      1.4000e+09 1.2000e+09  14.3%  42.8   50s
H66632  6901                    1.400013e+09 1.2000e+09  14.3%  44.5   51s
*68331  7065              57    1.400013e+09 1.2000e+09  14.3%  44.8   52s
*70761  4783              67    1.400004e+09 1.2000e+09  14.3%  45.0   53s
*71264  3606              61    1.300014e+09 1.2000e+09  7.69%  45.0   53s
*72502   439              68    1.200013e+09 1.2000e+09  0.00%  44.8   54s

Cutting planes:
  Gomory: 31
  Cover: 13
  Implied bound: 58
  Projected implied bound: 4
  MIR: 309
  StrongCG: 1
  Flow cover: 655
  GUB cover: 1
  Inf proof: 13
  RLT: 83
  Relax-and-lift: 181

Explored 73087 nodes (3268399 simplex iterations) in 54.41 seconds
Thread count was 8 (of 8 available processors)

Solution count 10: 1.20001e+09 1.30001e+09 1.4e+09 ... 1.50001e+09

Optimal solution found (tolerance 1.00e-04)
Best objective 1.200012600000e+09, best bound 1.200008500000e+09, gap 0.0003%
