
Gurobi 9.1.2 (linux64, gurobi_cl) logging started Fri Jul 30 13:52:14 2021

Using license file /opt/gurobi/gurobi.lic
Set parameter TimeLimit to value 600
Set parameter MIPFocus to value 3
Set parameter LogFile to value 912-MIPFocus3-Presolve2-glass4-2.log
Set parameter Presolve to value 2
Set parameter Seed to value 2

Gurobi Optimizer version 9.1.2 build v9.1.2rc0 (linux64)
Copyright (c) 2021, Gurobi Optimization, LLC

Read MPS format model from file /nfs/models/mip/glass4.mps.bz2
Reading time = 0.13 seconds
glass4: 396 rows, 322 columns, 1815 nonzeros
Thread count: 4 physical cores, 8 logical processors, using up to 8 threads
Optimize a model with 396 rows, 322 columns and 1815 nonzeros
Model fingerprint: 0x0a9d9037
Variable types: 20 continuous, 302 integer (0 binary)
Coefficient statistics:
  Matrix range     [1e+00, 8e+06]
  Objective range  [1e+00, 1e+06]
  Bounds range     [1e+00, 8e+02]
  RHS range        [1e+00, 8e+06]
Presolve removed 6 rows and 6 columns
Presolve time: 0.00s
Presolved: 390 rows, 316 columns, 1803 nonzeros
Variable types: 19 continuous, 297 integer (297 binary)
Found heuristic solution: objective 3.133356e+09
Presolved: 390 rows, 316 columns, 1803 nonzeros


Root relaxation: objective 8.000024e+08, 36 iterations, 0.00 seconds

    Nodes    |    Current Node    |     Objective Bounds      |     Work
 Expl Unexpl |  Obj  Depth IntInf | Incumbent    BestBd   Gap | It/Node Time

     0     0 8.0000e+08    0   72 3.1334e+09 8.0000e+08  74.5%     -    0s
H    0     0                    2.550016e+09 8.0000e+08  68.6%     -    0s
H    0     0                    2.500021e+09 8.0000e+08  68.0%     -    0s
H    0     0                    2.400022e+09 8.0000e+08  66.7%     -    0s
H    0     0                    2.400020e+09 8.0000e+08  66.7%     -    0s
     0     0 8.0000e+08    0   72 2.4000e+09 8.0000e+08  66.7%     -    0s
     0     0 8.0000e+08    0   72 2.4000e+09 8.0000e+08  66.7%     -    0s
H    0     0                    2.150017e+09 8.0000e+08  62.8%     -    0s
     0     2 8.0000e+08    0   72 2.1500e+09 8.0000e+08  62.8%     -    0s
H   29    32                    2.100017e+09 8.0000e+08  61.9%   156    0s
H   92   104                    2.050017e+09 8.0001e+08  61.0%   139    0s
H  101   104                    2.000014e+09 8.0001e+08  60.0%   134    0s
H  144   151                    2.000014e+09 8.0001e+08  60.0%   117    0s
H  187   188                    2.000014e+09 8.0001e+08  60.0%   107    0s
H  218   221                    2.000014e+09 8.0001e+08  60.0%   105    0s
H  247   250                    1.850015e+09 8.0705e+08  56.4%   101    0s
H 1129  1043                    1.800014e+09 9.0000e+08  50.0%  64.6    3s
H 1166  1016                    1.800013e+09 9.0001e+08  50.0%  70.0    3s
  1277  1088 9.0213e+08   24   93 1.8000e+09 9.0188e+08  49.9%  74.9    5s
  2063  1616 9.9141e+08   29   96 1.8000e+09 9.8301e+08  45.4%  88.4   10s
  3689  2777 1.1579e+09   37  105 1.8000e+09 1.0000e+09  44.4%  96.3   15s
H 5085  3872                    1.733348e+09 1.0000e+09  42.3%  97.0   19s
  5292  4051 1.6000e+09   23  108 1.7333e+09 1.0000e+09  42.3%  96.7   20s
  7852  6208 infeasible   40      1.7333e+09 1.0000e+09  42.3%  96.9   25s
H 8274  6529                    1.700015e+09 1.0057e+09  40.8%  97.0   27s
  8922  7142 1.0286e+09   35   74 1.7000e+09 1.0286e+09  39.5%   101   30s
H 8949  6933                    1.633347e+09 1.0304e+09  36.9%   101   30s
 11603  9431 1.2000e+09   46   62 1.6333e+09 1.0500e+09  35.7%  93.8   35s
 15208 11704 infeasible   53      1.6333e+09 1.0500e+09  35.7%  86.7   40s
 18124 14258 1.1105e+09   38  107 1.6333e+09 1.0923e+09  33.1%  86.2   45s
 20311 16276 1.3000e+09   30  122 1.6333e+09 1.1000e+09  32.7%  88.5   51s
H21916 16345                    1.566680e+09 1.1000e+09  29.8%  89.7   53s
 22535 17037 1.4000e+09   40   96 1.5667e+09 1.1000e+09  29.8%  89.9   55s
H22669 16714                    1.500014e+09 1.1000e+09  26.7%  89.8   56s
H22903 16864                    1.500013e+09 1.1000e+09  26.7%  90.0   56s
 25398 18612 1.1000e+09   43   79 1.5000e+09 1.1000e+09  26.7%  88.5   60s
H28523 17597                    1.400013e+09 1.1000e+09  21.4%  86.7   66s
 31249 17431 1.1000e+09   48   63 1.4000e+09 1.1000e+09  21.4%  85.5   70s
 35122 15829 1.4000e+09   33   61 1.4000e+09 1.1500e+09  17.9%  83.8   76s
 38984 15594 infeasible   34      1.4000e+09 1.2000e+09  14.3%  82.1   81s
*40846 16064              49    1.400013e+09 1.2000e+09  14.3%  81.9   84s
*40862  3236              54    1.200013e+09 1.2000e+09  0.00%  81.8   84s

Cutting planes:
  Gomory: 117
  Cover: 92
  Implied bound: 98
  Projected implied bound: 8
  Clique: 1
  MIR: 120
  Flow cover: 2376
  GUB cover: 2
  Inf proof: 1
  Zero half: 1
  RLT: 200
  Relax-and-lift: 1150

Explored 41863 nodes (3403062 simplex iterations) in 84.12 seconds
Thread count was 8 (of 8 available processors)

Solution count 10: 1.20001e+09 1.40001e+09 1.40001e+09 ... 1.80001e+09

Optimal solution found (tolerance 1.00e-04)
Best objective 1.200012600000e+09, best bound 1.200004291725e+09, gap 0.0007%
