
Gurobi 9.1.2 (linux64, gurobi_cl) logging started Fri Jul 30 13:53:38 2021

Using license file /opt/gurobi/gurobi.lic
Set parameter TimeLimit to value 600
Set parameter MIPFocus to value 3
Set parameter LogFile to value 912-MIPFocus3-glass4-1.log
Set parameter Seed to value 1

Gurobi Optimizer version 9.1.2 build v9.1.2rc0 (linux64)
Copyright (c) 2021, Gurobi Optimization, LLC

Read MPS format model from file /nfs/models/mip/glass4.mps.bz2
Reading time = 0.01 seconds
glass4: 396 rows, 322 columns, 1815 nonzeros
Thread count: 4 physical cores, 8 logical processors, using up to 8 threads
Optimize a model with 396 rows, 322 columns and 1815 nonzeros
Model fingerprint: 0x0a9d9037
Variable types: 20 continuous, 302 integer (0 binary)
Coefficient statistics:
  Matrix range     [1e+00, 8e+06]
  Objective range  [1e+00, 1e+06]
  Bounds range     [1e+00, 8e+02]
  RHS range        [1e+00, 8e+06]
Presolve removed 6 rows and 6 columns
Presolve time: 0.00s
Presolved: 390 rows, 316 columns, 1803 nonzeros
Variable types: 19 continuous, 297 integer (297 binary)
Found heuristic solution: objective 3.133356e+09
Presolved: 390 rows, 316 columns, 1803 nonzeros


Root relaxation: objective 8.000024e+08, 36 iterations, 0.00 seconds

    Nodes    |    Current Node    |     Objective Bounds      |     Work
 Expl Unexpl |  Obj  Depth IntInf | Incumbent    BestBd   Gap | It/Node Time

     0     0 8.0000e+08    0   72 3.1334e+09 8.0000e+08  74.5%     -    0s
H    0     0                    2.550020e+09 8.0000e+08  68.6%     -    0s
H    0     0                    2.100018e+09 8.0000e+08  61.9%     -    0s
     0     0 8.0000e+08    0   72 2.1000e+09 8.0000e+08  61.9%     -    0s
     0     0 8.0000e+08    0   72 2.1000e+09 8.0000e+08  61.9%     -    0s
     0     2 8.0000e+08    0   72 2.1000e+09 8.0000e+08  61.9%     -    0s
H   30    32                    2.050017e+09 8.0001e+08  61.0%   162    0s
H   30    32                    2.000017e+09 8.0001e+08  60.0%   162    0s
H  171   191                    1.950017e+09 8.0001e+08  59.0%  97.5    0s
H  216   248                    1.937517e+09 8.0001e+08  58.7%  91.2    0s
H  541   539                    1.887518e+09 8.0001e+08  57.6%  67.2    1s
  1249  1161 9.5366e+08   25  100 1.8875e+09 9.0001e+08  52.3%  73.8    5s
H 1255  1108                    1.825018e+09 9.0001e+08  50.7%  74.6    5s
H 1415  1167                    1.825018e+09 9.1251e+08  50.0%  88.9    8s
H 1420  1118                    1.800018e+09 9.1251e+08  49.3%  89.0    8s
  1879  1422 9.3334e+08   27   89 1.8000e+09 9.3334e+08  48.1%  86.5   10s
H 2077  1515                    1.800016e+09 9.4546e+08  47.5%  86.0   11s
H 2101  1472                    1.733351e+09 9.4761e+08  45.3%  86.1   11s
  3312  2306 1.0000e+09   30  121 1.7334e+09 1.0000e+09  42.3%  87.4   15s
H 3622  2493                    1.733348e+09 1.0000e+09  42.3%  88.7   16s
  4795  3718 1.0000e+09   34  130 1.7333e+09 1.0000e+09  42.3%  89.3   20s
H 5321  4032                    1.670014e+09 1.0000e+09  40.1%  90.1   22s
H 5344  3932                    1.567515e+09 1.0000e+09  36.2%  90.4   22s
  6520  4948 infeasible   33      1.5675e+09 1.0000e+09  36.2%  93.0   26s
H 6685  4574                    1.491681e+09 1.0000e+09  33.0%  92.9   26s
H 8068  4764                    1.491681e+09 1.0069e+09  32.5%  94.5   32s
H 8070  4766                    1.490014e+09 1.0095e+09  32.3%  94.5   32s
  8921  5096 infeasible   41      1.4900e+09 1.0500e+09  29.5%  94.9   35s
 10332  5989 1.2000e+09   34   79 1.4900e+09 1.1000e+09  26.2%  96.9   40s
 12352  7016 infeasible   36      1.4900e+09 1.1000e+09  26.2%  94.5   45s
 14698  7900 1.1000e+09   40   78 1.4900e+09 1.1000e+09  26.2%  92.1   51s
 17152  8541 infeasible   36      1.4900e+09 1.1000e+09  26.2%  89.8   55s
 20401  9631 1.1500e+09   33   95 1.4900e+09 1.1500e+09  22.8%  87.1   61s
H22820 10561                    1.483347e+09 1.1556e+09  22.1%  84.6   66s
H22831 10567                    1.483347e+09 1.1565e+09  22.0%  84.6   66s
 23622 10765 1.3000e+09   33   66 1.4833e+09 1.1667e+09  21.3%  83.9   70s
 26963 11867 infeasible   31      1.4833e+09 1.2000e+09  19.1%  82.4   77s
H28277 12198                    1.466679e+09 1.2000e+09  18.2%  81.2   77s
 29628 12799 infeasible   34      1.4667e+09 1.2000e+09  18.2%  81.3   82s
 31530 13650 1.2000e+09   29   83 1.4667e+09 1.2000e+09  18.2%  80.5   85s
H35338 14597                    1.450012e+09 1.2000e+09  17.2%  77.5   89s
 36370 15100 1.2000e+09   35   55 1.4500e+09 1.2000e+09  17.2%  76.6   92s
 40377 16418 infeasible   50      1.4500e+09 1.2000e+09  17.2%  72.5   96s
 43632 17646 1.2000e+09   52   24 1.4500e+09 1.2000e+09  17.2%  69.4  100s
*49605  1403              45    1.200013e+09 1.2000e+09  0.00%  64.4  104s

Cutting planes:
  Gomory: 114
  Cover: 76
  Implied bound: 100
  Projected implied bound: 3
  MIR: 153
  Flow cover: 2361
  Zero half: 1
  RLT: 219
  Relax-and-lift: 1138

Explored 50508 nodes (3219049 simplex iterations) in 104.57 seconds
Thread count was 8 (of 8 available processors)

Solution count 10: 1.20001e+09 1.45001e+09 1.46668e+09 ... 1.67001e+09

Optimal solution found (tolerance 1.00e-04)
Best objective 1.200012600000e+09, best bound 1.200010022057e+09, gap 0.0002%
