
Gurobi 9.1.2 (linux64, gurobi_cl) logging started Fri Jul 30 13:54:48 2021

Using license file /opt/gurobi/gurobi.lic
Set parameter TimeLimit to value 600
Set parameter Heuristics to value 0.1
Set parameter Cuts to value 0
Set parameter LogFile to value 912-Cuts0-Heuristics0.1-glass4-1.log
Set parameter Seed to value 1

Gurobi Optimizer version 9.1.2 build v9.1.2rc0 (linux64)
Copyright (c) 2021, Gurobi Optimization, LLC

Read MPS format model from file /nfs/models/mip/glass4.mps.bz2
Reading time = 0.00 seconds
glass4: 396 rows, 322 columns, 1815 nonzeros
Thread count: 4 physical cores, 8 logical processors, using up to 8 threads
Optimize a model with 396 rows, 322 columns and 1815 nonzeros
Model fingerprint: 0x0a9d9037
Variable types: 20 continuous, 302 integer (0 binary)
Coefficient statistics:
  Matrix range     [1e+00, 8e+06]
  Objective range  [1e+00, 1e+06]
  Bounds range     [1e+00, 8e+02]
  RHS range        [1e+00, 8e+06]
Presolve removed 6 rows and 6 columns
Presolve time: 0.00s
Presolved: 390 rows, 316 columns, 1803 nonzeros
Variable types: 19 continuous, 297 integer (297 binary)
Found heuristic solution: objective 3.133356e+09

Root relaxation: objective 8.000024e+08, 72 iterations, 0.00 seconds

    Nodes    |    Current Node    |     Objective Bounds      |     Work
 Expl Unexpl |  Obj  Depth IntInf | Incumbent    BestBd   Gap | It/Node Time

     0     0 8.0000e+08    0   72 3.1334e+09 8.0000e+08  74.5%     -    0s
H    0     0                    2.250018e+09 8.0000e+08  64.4%     -    0s
H    0     0                    2.150017e+09 8.0000e+08  62.8%     -    0s
     0     0 8.0000e+08    0   72 2.1500e+09 8.0000e+08  62.8%     -    0s
H    0     0                    2.000017e+09 8.0000e+08  60.0%     -    0s
     0     2 8.0000e+08    0   72 2.0000e+09 8.0000e+08  60.0%     -    0s
H   45    60                    1.944461e+09 8.0000e+08  58.9%   2.5    0s
H  134   171                    1.866683e+09 8.0000e+08  57.1%   2.1    0s
H  188   563                    1.800016e+09 8.0000e+08  55.6%   2.2    0s
H  190   563                    1.800016e+09 8.0000e+08  55.6%   2.2    0s
H 1768  1466                    1.750016e+09 8.0000e+08  54.3%   2.7    0s
H 1834  1463                    1.700015e+09 8.0000e+08  52.9%   2.7    0s
H 8308  5028                    1.600014e+09 8.0000e+08  50.0%   3.5    1s
H 9266  4653                    1.533347e+09 8.0000e+08  47.8%   3.4    1s
H 9308  4653                    1.533346e+09 8.0000e+08  47.8%   3.5    1s
H12285  6667                    1.533346e+09 8.0000e+08  47.8%   3.5    2s
H26357 15989                    1.500012e+09 8.0000e+08  46.7%   3.5    3s
 38446 23368 infeasible   64      1.5000e+09 8.0000e+08  46.7%   3.7    5s
 71440 42452 1.0800e+09   51   36 1.5000e+09 8.0000e+08  46.7%   4.0   10s
 106546 63319 1.5000e+09   80   18 1.5000e+09 8.0000e+08  46.7%   4.1   15s
 134879 80558 8.0001e+08   57   48 1.5000e+09 8.0000e+08  46.7%   4.2   20s
 170077 99334 1.2000e+09   76   34 1.5000e+09 8.0000e+08  46.7%   4.2   25s
 200603 117721 1.5000e+09   47   36 1.5000e+09 8.0000e+08  46.7%   4.3   30s
 225991 126041 1.2000e+09   60   41 1.5000e+09 8.0000e+08  46.7%   4.4   35s
 256457 141613 1.2000e+09   58   40 1.5000e+09 8.0001e+08  46.7%   4.5   40s
 286533 154879 1.2000e+09   60   48 1.5000e+09 8.0001e+08  46.7%   4.6   45s
 315208 168249 infeasible   72      1.5000e+09 8.0001e+08  46.7%   4.6   50s
 341152 179698 1.0500e+09   43   44 1.5000e+09 8.0001e+08  46.7%   4.6   55s
 365696 190817 1.3000e+09   45   44 1.5000e+09 8.0001e+08  46.7%   4.7   60s
 395474 204330 infeasible   59      1.5000e+09 8.0001e+08  46.7%   4.7   65s
 425240 217128 1.3000e+09   57   44 1.5000e+09 8.0001e+08  46.7%   4.8   70s
 449953 226812 1.0500e+09   59   36 1.5000e+09 8.0001e+08  46.7%   4.8   75s
 477273 237584 infeasible   57      1.5000e+09 8.0001e+08  46.7%   4.8   80s
 502853 250354 1.0667e+09   68   36 1.5000e+09 8.0001e+08  46.7%   4.8   85s
 532830 260713 1.1000e+09   51   44 1.5000e+09 8.0001e+08  46.7%   4.9   90s
 572077 273323 infeasible   63      1.5000e+09 8.0001e+08  46.7%   4.9   95s
 587122 278225 infeasible   66      1.5000e+09 8.0001e+08  46.7%   4.9  100s
 614248 286452 9.0001e+08   53   32 1.5000e+09 8.0001e+08  46.7%   5.0  105s
 635388 293755 1.5000e+09   59   26 1.5000e+09 8.0001e+08  46.7%   5.0  110s
 660657 300694 1.5000e+09   60   34 1.5000e+09 8.2800e+08  44.8%   5.0  115s
 748014 338440 1.1667e+09   76   33 1.5000e+09 8.5001e+08  43.3%   5.0  120s
 843844 380333 1.5000e+09   54   28 1.5000e+09 9.0000e+08  40.0%   4.9  125s
 979430 440416 1.3000e+09   62   41 1.5000e+09 9.0001e+08  40.0%   4.8  130s
 1102014 488833 infeasible   63      1.5000e+09 9.0001e+08  40.0%   4.7  135s
 1213721 532673 infeasible   60      1.5000e+09 9.0001e+08  40.0%   4.7  140s
 1313390 572388 infeasible   57      1.5000e+09 9.0001e+08  40.0%   4.6  145s
 1426406 610091 infeasible   53      1.5000e+09 9.0001e+08  40.0%   4.6  150s
 1522120 644475 1.2667e+09   65   41 1.5000e+09 9.0001e+08  40.0%   4.6  155s
 1616404 670603 infeasible   84      1.5000e+09 9.0001e+08  40.0%   4.6  160s
 1712302 699131 1.2250e+09   88   34 1.5000e+09 9.2501e+08  38.3%   4.6  165s
 1810591 733748 1.1000e+09   57   36 1.5000e+09 9.3334e+08  37.8%   4.5  170s
 1901200 761797 1.1000e+09   56   40 1.5000e+09 9.5001e+08  36.7%   4.5  175s
 1994874 791585 1.3000e+09   47   38 1.5000e+09 9.5001e+08  36.7%   4.5  180s
 2087017 819812 1.2750e+09   75   36 1.5000e+09 9.6667e+08  35.6%   4.5  185s
 2184041 848966 1.4500e+09  103   18 1.5000e+09 9.7501e+08  35.0%   4.5  190s
 2277363 874917 infeasible   59      1.5000e+09 1.0000e+09  33.3%   4.5  195s
 2371405 902595 1.1667e+09   47   36 1.5000e+09 1.0000e+09  33.3%   4.5  200s
 2487236 951047 infeasible   51      1.5000e+09 1.0000e+09  33.3%   4.4  205s
 2598804 995285 1.3000e+09   53   40 1.5000e+09 1.0000e+09  33.3%   4.4  210s
 2710361 1036741 infeasible   75      1.5000e+09 1.0000e+09  33.3%   4.4  215s
 2811064 1072141 1.3667e+09   53   32 1.5000e+09 1.0000e+09  33.3%   4.4  220s
 2919166 1108603 infeasible   60      1.5000e+09 1.0000e+09  33.3%   4.3  225s
 3027609 1144781 1.3417e+09   91   26 1.5000e+09 1.0000e+09  33.3%   4.3  230s
 3131546 1179229 1.3000e+09   40   36 1.5000e+09 1.0000e+09  33.3%   4.3  235s
 3234436 1209237 infeasible   55      1.5000e+09 1.0000e+09  33.3%   4.3  240s
 3336599 1239240 infeasible   61      1.5000e+09 1.0000e+09  33.3%   4.3  245s
 3434434 1269717 1.2000e+09   44   36 1.5000e+09 1.0000e+09  33.3%   4.3  250s
 3536856 1297624 1.3000e+09   61   38 1.5000e+09 1.0000e+09  33.3%   4.3  255s
 3638532 1324875 infeasible   61      1.5000e+09 1.0000e+09  33.3%   4.3  260s
 3732085 1350054 infeasible   61      1.5000e+09 1.0000e+09  33.3%   4.3  265s
 3830273 1375421 infeasible   99      1.5000e+09 1.0000e+09  33.3%   4.3  270s
 3928042 1400046 1.1667e+09   74   44 1.5000e+09 1.0000e+09  33.3%   4.3  275s
 4022355 1421926 infeasible   63      1.5000e+09 1.0000e+09  33.3%   4.2  280s
 4114501 1444898 1.3000e+09   53   32 1.5000e+09 1.0000e+09  33.3%   4.2  285s
 4203916 1463855 infeasible   59      1.5000e+09 1.0000e+09  33.3%   4.2  290s
 4303359 1481586 1.4250e+09   94   29 1.5000e+09 1.0000e+09  33.3%   4.2  295s
 4394251 1498333 infeasible   85      1.5000e+09 1.0000e+09  33.3%   4.2  300s
 4483388 1512687 1.3667e+09   63   30 1.5000e+09 1.0000e+09  33.3%   4.2  305s
 4564883 1523345 1.2000e+09   68   34 1.5000e+09 1.0125e+09  32.5%   4.2  310s
 4662370 1549419 1.5000e+09   69   28 1.5000e+09 1.0250e+09  31.7%   4.2  315s
 4745017 1574723 1.1000e+09   58   46 1.5000e+09 1.0286e+09  31.4%   4.2  320s
 4844007 1599219 infeasible   45      1.5000e+09 1.0333e+09  31.1%   4.2  325s
 4934500 1619677 1.0800e+09   55   49 1.5000e+09 1.0500e+09  30.0%   4.2  330s
 5029718 1648429 1.5000e+09   54   28 1.5000e+09 1.0500e+09  30.0%   4.2  335s
 5123984 1672012 infeasible   75      1.5000e+09 1.0500e+09  30.0%   4.2  340s
*5207573 1445324              81    1.466680e+09 1.0500e+09  28.4%   4.2  345s
 5280305 1455329 infeasible   54      1.4667e+09 1.0667e+09  27.3%   4.2  350s
 5358388 1462146 infeasible   78      1.4667e+09 1.0667e+09  27.3%   4.2  355s
 5437278 1467126 infeasible   58      1.4667e+09 1.0750e+09  26.7%   4.2  360s
 5502352 1469776 1.3000e+09   57   40 1.4667e+09 1.0857e+09  26.0%   4.2  365s
 5586031 1482287 infeasible   53      1.4667e+09 1.1000e+09  25.0%   4.2  370s
H5612237 1367582                    1.400013e+09 1.1000e+09  21.4%   4.2  372s
 5649717 1374461 1.2000e+09   42   42 1.4000e+09 1.1000e+09  21.4%   4.2  375s
 5737764 1390896 1.4000e+09   52   46 1.4000e+09 1.1000e+09  21.4%   4.2  380s
 5827564 1403645 infeasible   59      1.4000e+09 1.1000e+09  21.4%   4.2  385s
 5903839 1411963 1.4000e+09   54   28 1.4000e+09 1.1000e+09  21.4%   4.2  390s
 5984238 1417354 infeasible   53      1.4000e+09 1.1000e+09  21.4%   4.2  395s
 6065958 1420629 infeasible   74      1.4000e+09 1.1000e+09  21.4%   4.2  400s
 6152450 1420882 1.1000e+09   59   35 1.4000e+09 1.1000e+09  21.4%   4.2  405s
 6222639 1418303 1.4000e+09   55   25 1.4000e+09 1.1000e+09  21.4%   4.2  410s
 6302836 1414511 1.2000e+09   66   37 1.4000e+09 1.1000e+09  21.4%   4.2  415s
 6375705 1409241 1.1000e+09   83   25 1.4000e+09 1.1000e+09  21.4%   4.2  420s
 6452057 1401529 infeasible   60      1.4000e+09 1.1000e+09  21.4%   4.2  425s
 6520592 1391269 1.2500e+09   71   24 1.4000e+09 1.1000e+09  21.4%   4.2  430s
 6585956 1379813 1.1000e+09   52   36 1.4000e+09 1.1000e+09  21.4%   4.2  435s
 6654996 1361769 infeasible   43      1.4000e+09 1.1000e+09  21.4%   4.2  440s
 6725093 1351817 infeasible   61      1.4000e+09 1.1167e+09  20.2%   4.2  445s
 6791186 1350602 1.3000e+09   51   40 1.4000e+09 1.1250e+09  19.6%   4.2  450s
 6864377 1345306 1.1333e+09   57   43 1.4000e+09 1.1333e+09  19.0%   4.2  455s
 6927302 1332590 1.1500e+09   65   42 1.4000e+09 1.1500e+09  17.9%   4.3  460s
 6997054 1322076 infeasible   65      1.4000e+09 1.1500e+09  17.9%   4.3  465s
 7064665 1306690 infeasible   74      1.4000e+09 1.1667e+09  16.7%   4.2  470s
 7130666 1302500 infeasible   61      1.4000e+09 1.1667e+09  16.7%   4.3  475s
 7193766 1280468 infeasible   68      1.4000e+09 1.1889e+09  15.1%   4.3  480s
 7263462 1288524 1.2000e+09   57   46 1.4000e+09 1.2000e+09  14.3%   4.3  485s
 7337444 1306561 1.4000e+09   44   28 1.4000e+09 1.2000e+09  14.3%   4.2  490s
*7339906 435601              81    1.280022e+09 1.2000e+09  6.25%   4.2  491s
*7365893 266301              47    1.200013e+09 1.2000e+09  0.00%   4.2  493s

Explored 7366752 nodes (31247563 simplex iterations) in 493.71 seconds
Thread count was 8 (of 8 available processors)

Solution count 10: 1.20001e+09 1.28002e+09 1.40001e+09 ... 1.70002e+09

Optimal solution found (tolerance 1.00e-04)
Best objective 1.200012600000e+09, best bound 1.200006400000e+09, gap 0.0005%
