
Gurobi 9.1.2 (linux64, gurobi_cl) logging started Fri Jul 30 13:53:32 2021

Using license file /opt/gurobi/gurobi.lic
Set parameter TimeLimit to value 600
Set parameter MIPFocus to value 3
Set parameter LogFile to value 912-MIPFocus3-glass4-0.log

Gurobi Optimizer version 9.1.2 build v9.1.2rc0 (linux64)
Copyright (c) 2021, Gurobi Optimization, LLC

Read MPS format model from file /nfs/models/mip/glass4.mps.bz2
Reading time = 0.01 seconds
glass4: 396 rows, 322 columns, 1815 nonzeros
Thread count: 4 physical cores, 8 logical processors, using up to 8 threads
Optimize a model with 396 rows, 322 columns and 1815 nonzeros
Model fingerprint: 0x0a9d9037
Variable types: 20 continuous, 302 integer (0 binary)
Coefficient statistics:
  Matrix range     [1e+00, 8e+06]
  Objective range  [1e+00, 1e+06]
  Bounds range     [1e+00, 8e+02]
  RHS range        [1e+00, 8e+06]
Presolve removed 6 rows and 6 columns
Presolve time: 0.00s
Presolved: 390 rows, 316 columns, 1803 nonzeros
Variable types: 19 continuous, 297 integer (297 binary)
Found heuristic solution: objective 3.133356e+09
Presolved: 390 rows, 316 columns, 1803 nonzeros


Root relaxation: objective 8.000024e+08, 36 iterations, 0.00 seconds

    Nodes    |    Current Node    |     Objective Bounds      |     Work
 Expl Unexpl |  Obj  Depth IntInf | Incumbent    BestBd   Gap | It/Node Time

     0     0 8.0000e+08    0   72 3.1334e+09 8.0000e+08  74.5%     -    0s
H    0     0                    2.300019e+09 8.0000e+08  65.2%     -    0s
H    0     0                    2.100018e+09 8.0000e+08  61.9%     -    0s
     0     0 8.0000e+08    0   72 2.1000e+09 8.0000e+08  61.9%     -    0s
     0     0 8.0000e+08    0   72 2.1000e+09 8.0000e+08  61.9%     -    0s
     0     1 8.0000e+08    0   72 2.1000e+09 8.0000e+08  61.9%     -    0s
H   84   102                    2.050017e+09 8.0001e+08  61.0%  89.6    0s
H  150   164                    2.000017e+09 8.0001e+08  60.0%  83.4    0s
H  173   204                    1.950017e+09 8.0001e+08  59.0%  81.5    0s
H  360   402                    1.937517e+09 8.0001e+08  58.7%  75.8    0s
H  412   405                    1.900016e+09 8.0001e+08  57.9%  71.0    0s
H  460   451                    1.900016e+09 8.0001e+08  57.9%  72.5    1s
H  471   456                    1.900016e+09 8.0001e+08  57.9%  73.6    1s
H  497   525                    1.900016e+09 8.0001e+08  57.9%  71.7    1s
  1312  1209 9.0787e+08   26   96 1.9000e+09 9.0619e+08  52.3%  70.5    5s
  3029  2320 1.1209e+09   28   74 1.9000e+09 1.0000e+09  47.4%  84.8   12s
H 3032  2265                    1.833348e+09 1.0000e+09  45.5%  84.8   12s
  3786  2828 1.0000e+09   21  124 1.8333e+09 1.0000e+09  45.5%  85.7   15s
  6889  5667 1.0000e+09   34   81 1.8333e+09 1.0000e+09  45.5%  79.4   20s
H 8411  6917                    1.773350e+09 1.0077e+09  43.2%  79.9   23s
H 8425  6873                    1.700014e+09 1.0077e+09  40.7%  79.9   23s
H 8442  6695                    1.600015e+09 1.0077e+09  37.0%  80.0   23s
  9376  7529 1.0429e+09   44   82 1.6000e+09 1.0429e+09  34.8%  82.1   25s
 11895  9614 infeasible   56      1.6000e+09 1.0714e+09  33.0%  83.7   30s
 14339 11539 1.3222e+09   30   70 1.6000e+09 1.1000e+09  31.3%  84.8   35s
 15796 12928 1.1000e+09   38  104 1.6000e+09 1.1000e+09  31.3%  87.5   40s
 19610 16164 1.1000e+09   28   80 1.6000e+09 1.1000e+09  31.3%  87.8   47s
 22369 18468 1.1000e+09   37   74 1.6000e+09 1.1000e+09  31.3%  87.6   53s
 22600 18689 1.3000e+09   37   83 1.6000e+09 1.1000e+09  31.3%  87.8   55s
 25230 20733 1.1000e+09   31   63 1.6000e+09 1.1000e+09  31.3%  88.1   60s
 28760 23309 1.1007e+09   46   68 1.6000e+09 1.1000e+09  31.2%  89.0   66s
 31336 25251 1.1300e+09   47   81 1.6000e+09 1.1300e+09  29.4%  89.1   70s
 33531 26810 1.3200e+09   41  102 1.6000e+09 1.1500e+09  28.1%  89.8   75s
 36730 29741 1.1667e+09   61   51 1.6000e+09 1.1667e+09  27.1%  88.9   81s
 40714 32513 1.2000e+09   37   84 1.6000e+09 1.1719e+09  26.8%  86.4   85s
 43028 34498 1.4000e+09   47   52 1.6000e+09 1.2000e+09  25.0%  87.1   90s
 47127 38052 1.2000e+09   42   74 1.6000e+09 1.2000e+09  25.0%  85.8   96s
 49974 40718 1.2000e+09   40   78 1.6000e+09 1.2000e+09  25.0%  85.5  101s
H50544 41207                    1.600014e+09 1.2000e+09  25.0%  85.2  103s
 51428 42142 1.2000e+09   40   86 1.6000e+09 1.2000e+09  25.0%  85.3  105s
H51704 36454                    1.566681e+09 1.2000e+09  23.4%  85.3  105s
 54701 38737 infeasible   41      1.5667e+09 1.2000e+09  23.4%  85.3  111s
 57157 40668 infeasible   58      1.5667e+09 1.2000e+09  23.4%  85.1  115s
H59373 40737                    1.533346e+09 1.2000e+09  21.7%  84.5  117s
H61063 40808                    1.500013e+09 1.2000e+09  20.0%  84.2  119s
 61342 40930 1.4000e+09   33   68 1.5000e+09 1.2000e+09  20.0%  84.2  121s
H62669 41888                    1.500013e+09 1.2000e+09  20.0%  83.9  123s
 63956 43064 1.4000e+09   53   42 1.5000e+09 1.2000e+09  20.0%  83.3  125s
 67925 45897 infeasible   39      1.5000e+09 1.2000e+09  20.0%  81.7  130s
H71203  5219                    1.200013e+09 1.2000e+09  0.00%  80.5  133s

Cutting planes:
  Gomory: 54
  Cover: 57
  Implied bound: 89
  Projected implied bound: 6
  MIR: 105
  Flow cover: 2354
  RLT: 195
  Relax-and-lift: 1309

Explored 71926 nodes (5766725 simplex iterations) in 133.80 seconds
Thread count was 8 (of 8 available processors)

Solution count 10: 1.20001e+09 1.50001e+09 1.50001e+09 ... 1.83335e+09

Optimal solution found (tolerance 1.00e-04)
Best objective 1.200012600000e+09, best bound 1.200008147689e+09, gap 0.0004%
