
Gurobi 9.1.2 (linux64, gurobi_cl) logging started Fri Jul 30 13:55:39 2021

Using license file /opt/gurobi/gurobi.lic
Set parameter TimeLimit to value 600
Set parameter Heuristics to value 0
Set parameter Cuts to value 2
Set parameter LogFile to value 912-Cuts2-Heuristics0-glass4-0.log

Gurobi Optimizer version 9.1.2 build v9.1.2rc0 (linux64)
Copyright (c) 2021, Gurobi Optimization, LLC

Read MPS format model from file /nfs/models/mip/glass4.mps.bz2
Reading time = 0.01 seconds
glass4: 396 rows, 322 columns, 1815 nonzeros
Thread count: 4 physical cores, 8 logical processors, using up to 8 threads
Optimize a model with 396 rows, 322 columns and 1815 nonzeros
Model fingerprint: 0x0a9d9037
Variable types: 20 continuous, 302 integer (0 binary)
Coefficient statistics:
  Matrix range     [1e+00, 8e+06]
  Objective range  [1e+00, 1e+06]
  Bounds range     [1e+00, 8e+02]
  RHS range        [1e+00, 8e+06]
Presolve removed 6 rows and 6 columns
Presolve time: 0.00s
Presolved: 390 rows, 316 columns, 1803 nonzeros
Variable types: 19 continuous, 297 integer (297 binary)

Root relaxation: objective 8.000024e+08, 72 iterations, 0.00 seconds

    Nodes    |    Current Node    |     Objective Bounds      |     Work
 Expl Unexpl |  Obj  Depth IntInf | Incumbent    BestBd   Gap | It/Node Time

     0     0 8.0000e+08    0   72          - 8.0000e+08      -     -    0s
     0     0 8.0000e+08    0   72          - 8.0000e+08      -     -    0s
     0     0 8.0000e+08    0   79          - 8.0000e+08      -     -    0s
     0     0 8.0000e+08    0   77          - 8.0000e+08      -     -    0s
     0     2 8.0000e+08    0   77          - 8.0000e+08      -     -    0s
*  515   770             167    2.433353e+09 8.0000e+08  67.1%   6.5    0s
*  970   895             154    2.200021e+09 8.0000e+08  63.6%   6.5    0s
* 2101  1613              80    2.133352e+09 8.0000e+08  62.5%  10.3    0s
* 2103  1560              81    2.133352e+09 8.0000e+08  62.5%  10.3    0s
* 2602  1687             132    2.075021e+09 8.0000e+08  61.4%  10.1    0s
* 2613  1637             137    2.065021e+09 8.0000e+08  61.3%  10.0    0s
* 3104  1768             110    2.050022e+09 8.0000e+08  61.0%  10.1    0s
* 3802  1947              86    2.033352e+09 8.0000e+08  60.7%  10.4    0s
* 4556  2326             100    1.800016e+09 8.0000e+08  55.6%  10.4    0s
* 4558  2326              99    1.800016e+09 8.0000e+08  55.6%  10.4    0s
* 4568  2323             101    1.800016e+09 8.0000e+08  55.6%  10.4    0s
* 8447  5138              85    1.766684e+09 8.0001e+08  54.7%  13.3    1s
* 8456  5138              85    1.766684e+09 8.0001e+08  54.7%  13.3    1s
*10877  6487              73    1.750018e+09 8.0001e+08  54.3%  14.4    1s
*10973  6691              65    1.750016e+09 8.0001e+08  54.3%  14.5    1s
*11215  6470              89    1.700018e+09 8.0001e+08  52.9%  14.7    1s
*14145  8730              98    1.700016e+09 8.0001e+08  52.9%  15.6    2s
*14880  9273              77    1.700016e+09 8.0001e+08  52.9%  15.8    2s
*20855 13295              69    1.700014e+09 8.0001e+08  52.9%  17.2    3s
*21049 12687              65    1.666681e+09 8.0001e+08  52.0%  17.3    3s
*25010 15397              69    1.666680e+09 8.0001e+08  52.0%  18.1    4s
*26217 15711              75    1.650015e+09 8.0001e+08  51.5%  18.3    4s
 28291 17223 1.3000e+09   36   82 1.6500e+09 8.0001e+08  51.5%  18.4    5s
*30648 18477              51    1.650015e+09 8.0001e+08  51.5%  18.5    5s
*36642 22427              65    1.650014e+09 8.0001e+08  51.5%  18.7    6s
*43803 26031              61    1.633349e+09 8.0001e+08  51.0%  18.6    8s
*51249 30027              52    1.600016e+09 8.0001e+08  50.0%  18.3    9s
 53868 31650 9.7501e+08   39   58 1.6000e+09 8.0227e+08  49.9%  18.2   10s
*53902 29276              69    1.583349e+09 8.0227e+08  49.3%  18.2   10s
*58829 31653              73    1.583349e+09 8.2070e+08  48.2%  18.9   11s
 70112 37761 infeasible   31      1.5833e+09 8.3924e+08  47.0%  20.0   15s
*81629 43287              63    1.575015e+09 8.5001e+08  46.0%  20.7   18s
 87209 45931 1.3000e+09   20   68 1.5750e+09 8.5455e+08  45.7%  21.0   20s
*99434 50126              67    1.550016e+09 9.0000e+08  41.9%  22.0   24s
 99945 50538 1.5000e+09   45   55 1.5500e+09 9.0000e+08  41.9%  22.0   25s
*103158 50643              84    1.533348e+09 9.0000e+08  41.3%  22.3   26s
*105238 50189              53    1.500016e+09 9.0001e+08  40.0%  22.5   27s
 111812 53095 infeasible   28      1.5000e+09 9.0001e+08  40.0%  23.2   30s
 123053 57480 9.0001e+08   21   76 1.5000e+09 9.0001e+08  40.0%  24.2   35s
*126459 58317              55    1.500015e+09 9.0001e+08  40.0%  24.5   36s
 134043 61420 1.4445e+09   44   16 1.5000e+09 9.0001e+08  40.0%  25.1   40s
 145788 65326 1.2375e+09   31   63 1.5000e+09 9.0001e+08  40.0%  25.7   45s
 156352 68509 infeasible   44      1.5000e+09 9.0001e+08  40.0%  26.1   50s
*156806 68486              56    1.500015e+09 9.0001e+08  40.0%  26.1   50s
 167693 71717 9.6667e+08   28   51 1.5000e+09 9.0001e+08  40.0%  26.6   55s
*175721 63415              63    1.498607e+09 9.0001e+08  39.9%  26.8   58s
*175722 62659              63    1.466682e+09 9.0001e+08  38.6%  26.8   58s
 178169 62900 infeasible   43      1.4667e+09 9.0001e+08  38.6%  27.0   60s
*185944 60166              59    1.400015e+09 9.0558e+08  35.3%  27.9   64s
 186804 60058 1.1000e+09   41   57 1.4000e+09 9.0667e+08  35.2%  28.0   65s
 194746 59071 infeasible   56      1.4000e+09 9.3637e+08  33.1%  29.1   70s
 202539 58103 infeasible   33      1.4000e+09 9.7501e+08  30.4%  30.0   75s
*203514 57806              47    1.400014e+09 9.8001e+08  30.0%  30.1   75s
*203515 57804              47    1.400014e+09 9.8001e+08  30.0%  30.1   75s
*203519 57797              47    1.400014e+09 9.8001e+08  30.0%  30.1   75s
 208930 57735 infeasible   38      1.4000e+09 1.0000e+09  28.6%  30.8   80s
 216365 57860 infeasible   43      1.4000e+09 1.0000e+09  28.6%  31.9   85s
 223542 57702 infeasible   35      1.4000e+09 1.0000e+09  28.6%  32.7   90s
 229872 57273 1.2370e+09   33   75 1.4000e+09 1.0000e+09  28.6%  33.3   95s
 238912 55892 infeasible   36      1.4000e+09 1.0000e+09  28.6%  34.0  100s
*247857 54253              39    1.400013e+09 1.0000e+09  28.6%  34.5  104s
 248992 53779 1.2000e+09   55   55 1.4000e+09 1.0008e+09  28.5%  34.6  105s
 257666 52143 infeasible   31      1.4000e+09 1.0500e+09  25.0%  35.2  110s
 266490 50870 1.1000e+09   45   70 1.4000e+09 1.1000e+09  21.4%  35.7  115s
 273883 50492 infeasible   46      1.4000e+09 1.1000e+09  21.4%  36.4  120s
 281220 50830 infeasible   33      1.4000e+09 1.1000e+09  21.4%  36.8  125s
*287864 50715              47    1.400013e+09 1.1000e+09  21.4%  37.0  129s
 288445 50630 1.4000e+09   52   61 1.4000e+09 1.1000e+09  21.4%  37.1  130s
 299024 49630 1.4000e+09   41   31 1.4000e+09 1.1000e+09  21.4%  37.2  135s
 308285 47689 infeasible   45      1.4000e+09 1.1000e+09  21.4%  37.3  140s
 320012 44125 1.2508e+09   35   34 1.4000e+09 1.1500e+09  17.9%  37.4  145s
*320465 44112              51    1.400013e+09 1.1500e+09  17.9%  37.4  145s
*320470 44068              51    1.400013e+09 1.1500e+09  17.9%  37.4  145s
 330245 41725 1.2000e+09   30   56 1.4000e+09 1.2000e+09  14.3%  37.5  150s
 337628 41935 1.2000e+09   30   56 1.4000e+09 1.2000e+09  14.3%  37.8  155s
 342891 41915 1.2333e+09   39   58 1.4000e+09 1.2000e+09  14.3%  38.2  160s
 351151 42308 infeasible   39      1.4000e+09 1.2000e+09  14.3%  38.4  165s
 359536 42449 1.2353e+09   43   61 1.4000e+09 1.2000e+09  14.3%  38.5  170s
 368988 42134     cutoff   33      1.4000e+09 1.2000e+09  14.3%  38.5  175s
 380251 41578 1.4000e+09   46   39 1.4000e+09 1.2000e+09  14.3%  38.4  180s
 391080 40598 infeasible   31      1.4000e+09 1.2000e+09  14.3%  38.2  185s
*393738 12089              60    1.280022e+09 1.2000e+09  6.25%  38.2  186s
*398267  2813              44    1.200013e+09 1.2000e+09  0.00%  37.9  187s

Cutting planes:
  Gomory: 109
  Cover: 2135
  Implied bound: 137
  Projected implied bound: 7
  MIR: 49
  Flow cover: 559
  GUB cover: 1
  Inf proof: 205
  RLT: 68
  Relax-and-lift: 150

Explored 398958 nodes (15103054 simplex iterations) in 187.22 seconds
Thread count was 8 (of 8 available processors)

Solution count 10: 1.20001e+09 1.28002e+09 1.40001e+09 ... 1.40001e+09

Optimal solution found (tolerance 1.00e-04)
Best objective 1.200012600000e+09, best bound 1.200009238963e+09, gap 0.0003%
