
Gurobi 9.1.2 (linux64, gurobi_cl) logging started Fri Jul 30 13:55:31 2021

Using license file /opt/gurobi/gurobi.lic
Set parameter TimeLimit to value 600
Set parameter Heuristics to value 0
Set parameter Cuts to value 1
Set parameter LogFile to value 912-Cuts1-Heuristics0-glass4-1.log
Set parameter Seed to value 1

Gurobi Optimizer version 9.1.2 build v9.1.2rc0 (linux64)
Copyright (c) 2021, Gurobi Optimization, LLC

Read MPS format model from file /nfs/models/mip/glass4.mps.bz2
Reading time = 0.01 seconds
glass4: 396 rows, 322 columns, 1815 nonzeros
Thread count: 4 physical cores, 8 logical processors, using up to 8 threads
Optimize a model with 396 rows, 322 columns and 1815 nonzeros
Model fingerprint: 0x0a9d9037
Variable types: 20 continuous, 302 integer (0 binary)
Coefficient statistics:
  Matrix range     [1e+00, 8e+06]
  Objective range  [1e+00, 1e+06]
  Bounds range     [1e+00, 8e+02]
  RHS range        [1e+00, 8e+06]
Presolve removed 6 rows and 6 columns
Presolve time: 0.00s
Presolved: 390 rows, 316 columns, 1803 nonzeros
Variable types: 19 continuous, 297 integer (297 binary)

Root relaxation: objective 8.000024e+08, 72 iterations, 0.00 seconds

    Nodes    |    Current Node    |     Objective Bounds      |     Work
 Expl Unexpl |  Obj  Depth IntInf | Incumbent    BestBd   Gap | It/Node Time

     0     0 8.0000e+08    0   72          - 8.0000e+08      -     -    0s
     0     0 8.0000e+08    0   72          - 8.0000e+08      -     -    0s
     0     0 8.0000e+08    0   73          - 8.0000e+08      -     -    0s
     0     0 8.0000e+08    0   73          - 8.0000e+08      -     -    0s
     0     2 8.0000e+08    0   73          - 8.0000e+08      -     -    0s
*  994   987             171    2.625025e+09 8.0000e+08  69.5%   4.6    0s
* 1912  1612             100    2.575020e+09 8.0000e+08  68.9%   8.8    0s
* 1915  1548             101    2.450020e+09 8.0000e+08  67.3%   8.8    0s
* 2357  1736              53    2.400021e+09 8.0000e+08  66.7%   9.2    0s
* 2575  1850             134    2.250024e+09 8.0000e+08  64.4%   9.1    0s
* 2585  1793             136    2.233358e+09 8.0000e+08  64.2%   9.1    0s
* 2961  1916              99    2.200018e+09 8.0000e+08  63.6%   9.0    0s
* 2971  1864              97    2.200018e+09 8.0000e+08  63.6%   9.0    0s
* 3538  1991             111    2.185735e+09 8.0000e+08  63.4%   8.8    0s
* 3551  1943             145    2.180021e+09 8.0000e+08  63.3%   8.8    0s
* 3750  1922              89    2.133352e+09 8.0000e+08  62.5%   8.8    0s
* 3989  2126             152    2.116687e+09 8.0000e+08  62.2%   8.9    0s
* 3995  2123             150    2.100020e+09 8.0000e+08  61.9%   8.9    0s
* 4435  2616             107    2.050019e+09 8.0000e+08  61.0%   9.3    0s
* 4439  2568             106    2.000018e+09 8.0000e+08  60.0%   9.2    0s
* 4784  2744             122    2.000016e+09 8.0000e+08  60.0%   9.4    0s
* 5340  3100              87    1.900019e+09 8.0000e+08  57.9%   9.5    0s
* 7439  4626             106    1.850016e+09 8.0001e+08  56.8%   9.3    0s
* 9786  6573             142    1.800016e+09 8.0001e+08  55.6%   9.2    1s
*12055  8183              95    1.800016e+09 8.0001e+08  55.6%   9.3    1s
*14117  9971             100    1.766683e+09 8.0001e+08  54.7%   9.3    1s
*15843 12836              74    1.700015e+09 8.0001e+08  52.9%   9.4    1s
*22906 16471              81    1.700015e+09 8.0001e+08  52.9%  10.0    2s
*32063 22366              94    1.700015e+09 8.0001e+08  52.9%  10.4    3s
 45107 34293 1.5000e+09   53   22 1.7000e+09 8.0001e+08  52.9%  10.5    5s
*45108 33002              53    1.675014e+09 8.0001e+08  52.2%  10.5    5s
*70367 46567              46    1.650015e+09 8.0001e+08  51.5%  10.8    7s
*70368 46563              46    1.650015e+09 8.0001e+08  51.5%  10.8    7s
*86280 56870              69    1.650015e+09 8.0001e+08  51.5%  11.0    9s
 86454 57949 1.5000e+09   64   41 1.6500e+09 8.0001e+08  51.5%  11.1   10s
*90013 59243              53    1.650015e+09 8.0001e+08  51.5%  11.1   10s
*90015 59232              54    1.650015e+09 8.0001e+08  51.5%  11.1   10s
 127191 84146 1.5000e+09   46   20 1.6500e+09 8.0001e+08  51.5%  11.3   15s
 167053 114177 1.1000e+09   52   46 1.6500e+09 8.0001e+08  51.5%  11.3   20s
 210996 139853 infeasible   95      1.6500e+09 8.0001e+08  51.5%  11.3   25s
*215238 141500              75    1.633350e+09 8.0001e+08  51.0%  11.3   25s
*215241 140142              75    1.600016e+09 8.0001e+08  50.0%  11.3   25s
*230075 143821              75    1.571444e+09 8.0001e+08  49.1%  11.4   27s
 246953 154699 9.5001e+08   51   52 1.5714e+09 8.0001e+08  49.1%  11.5   30s
 284685 177930 8.0001e+08   58   52 1.5714e+09 8.0001e+08  49.1%  11.7   35s
*294496 182441              76    1.550016e+09 8.0001e+08  48.4%  11.7   36s
*294497 179948              76    1.540015e+09 8.0001e+08  48.1%  11.7   36s
 318178 196598 8.6001e+08   63   48 1.5400e+09 8.0001e+08  48.1%  11.9   40s
*344869 203441              72    1.500013e+09 8.0001e+08  46.7%  12.0   43s
 350654 209885 1.5000e+09   56   40 1.5000e+09 8.0001e+08  46.7%  12.1   45s
 387427 228204 infeasible   50      1.5000e+09 8.0001e+08  46.7%  12.1   50s
 416945 245016 8.0001e+08   50   57 1.5000e+09 8.0001e+08  46.7%  12.4   55s
 449668 263127 8.0001e+08   51   67 1.5000e+09 8.0001e+08  46.7%  12.5   60s
 483076 281055 8.2084e+08   50   59 1.5000e+09 8.0001e+08  46.7%  12.6   65s
 515982 299346 infeasible   71      1.5000e+09 8.0001e+08  46.7%  12.7   70s
 551816 319483 1.0333e+09   43   49 1.5000e+09 8.0001e+08  46.7%  12.7   75s
 580432 335208 1.1000e+09   43   44 1.5000e+09 8.0001e+08  46.7%  12.9   80s
 613559 353605 8.8121e+08   60   56 1.5000e+09 8.0001e+08  46.7%  12.9   85s
 647494 371128 9.0001e+08   37   48 1.5000e+09 8.0001e+08  46.7%  13.0   90s
 681066 389596 1.3667e+09   46   32 1.5000e+09 8.0001e+08  46.7%  13.0   95s
*696316 395438              60    1.500013e+09 8.0001e+08  46.7%  13.0   97s
*696317 395345              60    1.500013e+09 8.0001e+08  46.7%  13.0   97s
 713956 406552 infeasible   66      1.5000e+09 8.0001e+08  46.7%  13.0  100s
 744182 421364 1.1000e+09   72   39 1.5000e+09 8.0001e+08  46.7%  13.1  105s
 779250 439494 1.5000e+09   62   44 1.5000e+09 8.0001e+08  46.7%  13.1  110s
 808741 454409 9.0001e+08   59   35 1.5000e+09 8.0001e+08  46.7%  13.2  115s
 842785 471525 1.1000e+09   76   40 1.5000e+09 8.0001e+08  46.7%  13.2  120s
 873436 487015 1.1000e+09   66   36 1.5000e+09 8.0001e+08  46.7%  13.3  125s
 904299 503526 infeasible   44      1.5000e+09 8.0001e+08  46.7%  13.3  130s
 939159 520375 1.5000e+09   52   32 1.5000e+09 8.0001e+08  46.7%  13.3  135s
*942859 462259              63    1.450012e+09 8.0001e+08  44.8%  13.3  135s
 964263 469822 8.4546e+08   65   57 1.4500e+09 8.0001e+08  44.8%  13.4  140s
 992550 479848 9.0001e+08   41   41 1.4500e+09 8.0001e+08  44.8%  13.5  145s
 1015816 488211 infeasible   58      1.4500e+09 8.0001e+08  44.8%  13.6  150s
 1044669 499123 1.0000e+09   63   53 1.4500e+09 8.0001e+08  44.8%  13.7  155s
 1071687 509265 1.1000e+09   43   43 1.4500e+09 8.0001e+08  44.8%  13.7  160s
 1100729 520297 9.3685e+08   56   40 1.4500e+09 8.0001e+08  44.8%  13.8  165s
 1123430 527657 infeasible   80      1.4500e+09 8.0001e+08  44.8%  13.9  170s
*1141255 535296              61    1.450012e+09 8.0001e+08  44.8%  13.9  173s
 1149264 537249 1.0000e+09   52   66 1.4500e+09 8.0001e+08  44.8%  14.0  175s
 1176474 546259 infeasible   44      1.4500e+09 8.0001e+08  44.8%  14.0  180s
 1199550 556317 1.0000e+09   48   44 1.4500e+09 8.0001e+08  44.8%  14.1  185s
 1227601 562699 infeasible   85      1.4500e+09 8.0001e+08  44.8%  14.2  190s
 1251566 570131 8.9256e+08   48   55 1.4500e+09 8.0001e+08  44.8%  14.2  195s
 1273989 579620 8.0001e+08   62   46 1.4500e+09 8.0001e+08  44.8%  14.3  200s
*1283437 579529              64    1.450012e+09 8.0001e+08  44.8%  14.3  201s
 1301925 586163 1.0333e+09   44   46 1.4500e+09 8.0001e+08  44.8%  14.4  205s
 1330485 594675 infeasible   58      1.4500e+09 8.0001e+08  44.8%  14.4  210s
 1359353 603881 8.0001e+08   58   53 1.4500e+09 8.0001e+08  44.8%  14.4  215s
 1384097 610666 infeasible   58      1.4500e+09 8.0001e+08  44.8%  14.5  220s
 1412340 620806 1.0105e+09   75   32 1.4500e+09 8.0001e+08  44.8%  14.5  225s
 1438800 626960 1.2000e+09   63   34 1.4500e+09 8.0001e+08  44.8%  14.5  230s
 1466793 632832 infeasible   74      1.4500e+09 8.0001e+08  44.8%  14.6  235s
 1495926 639510 infeasible   70      1.4500e+09 8.0001e+08  44.8%  14.6  240s
 1522456 646840 1.1500e+09   51   38 1.4500e+09 8.2001e+08  43.4%  14.6  245s
 1554192 658530 1.4000e+09   49   31 1.4500e+09 8.3334e+08  42.5%  14.6  250s
 1578677 669348 1.4000e+09   37   38 1.4500e+09 8.3334e+08  42.5%  14.6  255s
 1608038 677779 1.0500e+09   57   30 1.4500e+09 8.5001e+08  41.4%  14.6  260s
 1638779 690637 1.2000e+09   39   32 1.4500e+09 8.5001e+08  41.4%  14.6  265s
 1669807 700801 1.1000e+09   31   44 1.4500e+09 8.5001e+08  41.4%  14.6  270s
 1700815 709133 9.2858e+08   43   56 1.4500e+09 8.5715e+08  40.9%  14.6  275s
 1729223 719551 infeasible   50      1.4500e+09 8.6667e+08  40.2%  14.6  280s
 1756140 729469 1.2000e+09   51   26 1.4500e+09 8.6667e+08  40.2%  14.6  285s
 1786065 737905 infeasible   51      1.4500e+09 8.7144e+08  39.9%  14.6  290s
 1814612 746781 1.2955e+09   75   45 1.4500e+09 8.8001e+08  39.3%  14.6  295s
 1839319 752866 infeasible   51      1.4500e+09 9.0000e+08  37.9%  14.7  300s
 1872862 770042 1.0833e+09   50   45 1.4500e+09 9.0000e+08  37.9%  14.6  305s
 1904711 787887 1.0000e+09   45   68 1.4500e+09 9.0001e+08  37.9%  14.6  310s
 1936672 806690 9.0001e+08   41   45 1.4500e+09 9.0001e+08  37.9%  14.6  315s
 1968663 825394 infeasible   46      1.4500e+09 9.0001e+08  37.9%  14.6  320s
 2001290 843868 infeasible   67      1.4500e+09 9.0001e+08  37.9%  14.6  325s
 2029909 860974 9.0001e+08   43   50 1.4500e+09 9.0001e+08  37.9%  14.6  330s
*2038365 757408              68    1.366682e+09 9.0001e+08  34.1%  14.6  331s
 2056708 765552 infeasible   51      1.3667e+09 9.0001e+08  34.1%  14.6  335s
 2082571 776522 infeasible   45      1.3667e+09 9.0001e+08  34.1%  14.6  340s
 2107279 787707 infeasible   44      1.3667e+09 9.0001e+08  34.1%  14.6  345s
 2133556 799428 1.3000e+09   57   51 1.3667e+09 9.0001e+08  34.1%  14.7  350s
 2159848 809514 1.3500e+09   41   11 1.3667e+09 9.0001e+08  34.1%  14.7  355s
 2184335 819236 9.0001e+08   44   61 1.3667e+09 9.0001e+08  34.1%  14.7  360s
 2209382 830063 1.2000e+09   40   41 1.3667e+09 9.0001e+08  34.1%  14.7  365s
*2224765 834678              49    1.366680e+09 9.0001e+08  34.1%  14.7  367s
*2224767 790978              50    1.300014e+09 9.0001e+08  30.8%  14.7  367s
*2224768 638981              51    1.200013e+09 9.0001e+08  25.0%  14.7  367s
 2230109 634610 infeasible   37      1.2000e+09 9.0001e+08  25.0%  14.8  370s
 2246638 620236 infeasible   47      1.2000e+09 9.0001e+08  25.0%  14.9  375s
 2264820 603168 infeasible   46      1.2000e+09 9.0001e+08  25.0%  14.9  380s
 2301730 573517 infeasible   38      1.2000e+09 9.2001e+08  23.3%  14.9  385s
 2347846 529744 infeasible   29      1.2000e+09 1.0000e+09  16.7%  14.8  390s
 2372007 508596 infeasible   46      1.2000e+09 1.0000e+09  16.7%  14.9  395s
 2411159 472550 infeasible   68      1.2000e+09 1.0000e+09  16.7%  14.9  400s
 2471289 416480 infeasible   75      1.2000e+09 1.0000e+09  16.7%  14.7  405s
 2549033 348874 infeasible   51      1.2000e+09 1.0941e+09  8.82%  14.4  410s
 2597808 298385 infeasible   60      1.2000e+09 1.1000e+09  8.33%  14.4  415s
 2697441 202721 infeasible  104      1.2000e+09 1.1000e+09  8.33%  14.0  420s

Cutting planes:
  Gomory: 128
  Cover: 4
  Implied bound: 25
  MIR: 21
  Flow cover: 221
  GUB cover: 1
  Inf proof: 8
  RLT: 142
  Relax-and-lift: 106

Explored 2773426 nodes (37822317 simplex iterations) in 423.22 seconds
Thread count was 8 (of 8 available processors)

Solution count 10: 1.20001e+09 1.30001e+09 1.36668e+09 ... 1.50001e+09

Optimal solution found (tolerance 1.00e-04)
Best objective 1.200012600000e+09, best bound 1.199911422145e+09, gap 0.0084%
