
Gurobi 9.1.2 (linux64, gurobi_cl) logging started Fri Jul 30 13:53:44 2021

Using license file /opt/gurobi/gurobi.lic
Set parameter TimeLimit to value 600
Set parameter MIPFocus to value 3
Set parameter LogFile to value 912-MIPFocus3-glass4-2.log
Set parameter Seed to value 2

Gurobi Optimizer version 9.1.2 build v9.1.2rc0 (linux64)
Copyright (c) 2021, Gurobi Optimization, LLC

Read MPS format model from file /nfs/models/mip/glass4.mps.bz2
Reading time = 0.00 seconds
glass4: 396 rows, 322 columns, 1815 nonzeros
Thread count: 4 physical cores, 8 logical processors, using up to 8 threads
Optimize a model with 396 rows, 322 columns and 1815 nonzeros
Model fingerprint: 0x0a9d9037
Variable types: 20 continuous, 302 integer (0 binary)
Coefficient statistics:
  Matrix range     [1e+00, 8e+06]
  Objective range  [1e+00, 1e+06]
  Bounds range     [1e+00, 8e+02]
  RHS range        [1e+00, 8e+06]
Presolve removed 6 rows and 6 columns
Presolve time: 0.00s
Presolved: 390 rows, 316 columns, 1803 nonzeros
Variable types: 19 continuous, 297 integer (297 binary)
Found heuristic solution: objective 3.133356e+09
Presolved: 390 rows, 316 columns, 1803 nonzeros


Root relaxation: objective 8.000024e+08, 36 iterations, 0.00 seconds

    Nodes    |    Current Node    |     Objective Bounds      |     Work
 Expl Unexpl |  Obj  Depth IntInf | Incumbent    BestBd   Gap | It/Node Time

     0     0 8.0000e+08    0   72 3.1334e+09 8.0000e+08  74.5%     -    0s
H    0     0                    2.550016e+09 8.0000e+08  68.6%     -    0s
H    0     0                    2.500021e+09 8.0000e+08  68.0%     -    0s
H    0     0                    2.400022e+09 8.0000e+08  66.7%     -    0s
H    0     0                    2.400020e+09 8.0000e+08  66.7%     -    0s
     0     0 8.0000e+08    0   72 2.4000e+09 8.0000e+08  66.7%     -    0s
     0     0 8.0000e+08    0   72 2.4000e+09 8.0000e+08  66.7%     -    0s
H    0     0                    2.150017e+09 8.0000e+08  62.8%     -    0s
     0     2 8.0000e+08    0   72 2.1500e+09 8.0000e+08  62.8%     -    0s
H   29    32                    2.100017e+09 8.0000e+08  61.9%   156    0s
H   92   104                    2.050017e+09 8.0001e+08  61.0%   139    0s
H  101   104                    2.000014e+09 8.0001e+08  60.0%   134    0s
H  144   151                    2.000014e+09 8.0001e+08  60.0%   117    0s
H  187   188                    2.000014e+09 8.0001e+08  60.0%   107    0s
H  218   221                    2.000014e+09 8.0001e+08  60.0%   105    0s
H  247   250                    1.850015e+09 8.0705e+08  56.4%   101    0s
H 1167  1071                    1.766681e+09 9.0000e+08  49.1%  62.4    1s
H 1202  1046                    1.766681e+09 9.0000e+08  49.1%  65.7    3s
H 1277  1046                    1.733349e+09 9.0001e+08  48.1%  74.7    4s
H 1282   995                    1.700015e+09 9.0001e+08  47.1%  75.0    4s
H 1284   955                    1.700014e+09 9.0001e+08  47.1%  75.3    5s
H 1311   929                    1.650015e+09 9.0029e+08  45.4%  77.4    5s
  1555  1090 9.0672e+08   33  108 1.6500e+09 9.0499e+08  45.2%  81.0   10s
  3122  2040 1.0000e+09   26   87 1.6500e+09 9.9999e+08  39.4%  94.3   16s
  4563  3258 1.0055e+09   32  109 1.6500e+09 1.0000e+09  39.4%   110   20s
H 5134  3767                    1.600014e+09 1.0000e+09  37.5%   112   21s
  6514  5082 1.4333e+09   27   60 1.6000e+09 1.0000e+09  37.5%   109   25s
H 7759  6068                    1.600014e+09 1.0000e+09  37.5%   106   27s
  8716  6802 infeasible   31      1.6000e+09 1.0028e+09  37.3%   105   30s
H 9261  7064                    1.566680e+09 1.0173e+09  35.1%   105   32s
H 9326  7041                    1.533346e+09 1.0187e+09  33.6%   105   32s
 10875  8025 infeasible   40      1.5333e+09 1.0500e+09  31.5%   102   35s
*12576  8935              33    1.500016e+09 1.1000e+09  26.7%   100   39s
 13380  9589 1.1000e+09   25   92 1.5000e+09 1.1000e+09  26.7%   100   41s
 15180 10951 1.4000e+09   40   89 1.5000e+09 1.1000e+09  26.7%   101   45s
H16409 11789                    1.500016e+09 1.1000e+09  26.7%   101   49s
 16481 11951 1.2500e+09   28   53 1.5000e+09 1.1000e+09  26.7%   101   51s
 19441 13968 1.1000e+09   26   59 1.5000e+09 1.1000e+09  26.7%  97.4   56s
 22544 15828 1.5000e+09   36   44 1.5000e+09 1.1000e+09  26.7%  92.5   61s
 25289 17489 1.1575e+09   31   61 1.5000e+09 1.1000e+09  26.7%  89.6   66s
 28155 18836 infeasible   54      1.5000e+09 1.1000e+09  26.7%  86.7   70s
 30849 19856 1.3000e+09   56   31 1.5000e+09 1.1000e+09  26.7%  84.6   76s
 30894 19409 1.1014e+09   42   66 1.5000e+09 1.1014e+09  26.6%  84.6   85s
 37633 23480 1.2435e+09   37   59 1.5000e+09 1.1500e+09  23.3%  82.6   92s
 40414 24496 infeasible   31      1.5000e+09 1.1500e+09  23.3%  81.6   96s
 43233 25800 1.1667e+09   35   75 1.5000e+09 1.1667e+09  22.2%  80.9  101s
 46370 27022 infeasible   45      1.5000e+09 1.1667e+09  22.2%  79.4  106s
 48971 28197 1.3000e+09   47   46 1.5000e+09 1.1857e+09  21.0%  79.1  110s
 50614 29074 infeasible   48      1.5000e+09 1.2000e+09  20.0%  79.7  115s
 53088 30602 1.2000e+09   35   85 1.5000e+09 1.2000e+09  20.0%  80.2  121s
H53639 30874                    1.500015e+09 1.2000e+09  20.0%  79.9  121s
 56608 32744 1.3000e+09   38   45 1.5000e+09 1.2000e+09  20.0%  78.9  126s
 58663 33981 1.2000e+09   28  115 1.5000e+09 1.2000e+09  20.0%  79.6  131s
 60946 35384 1.2000e+09   32   81 1.5000e+09 1.2000e+09  20.0%  80.1  137s
 62353 36143 1.2000e+09   35   45 1.5000e+09 1.2000e+09  20.0%  80.3  140s
H62455 36177                    1.500015e+09 1.2000e+09  20.0%  80.4  140s
 65028 37677 1.4000e+09   35   71 1.5000e+09 1.2000e+09  20.0%  80.5  146s
 68053 39450 1.5000e+09   41   57 1.5000e+09 1.2000e+09  20.0%  80.5  152s
 69559 40354 1.5000e+09   47   68 1.5000e+09 1.2000e+09  20.0%  80.4  155s
*71991 40999              75    1.500013e+09 1.2000e+09  20.0%  80.0  158s
 73149 41711 1.2000e+09   46   52 1.5000e+09 1.2000e+09  20.0%  79.5  161s
 76503 43684 1.2000e+09   38   61 1.5000e+09 1.2000e+09  20.0%  78.7  167s
 79970 45623 infeasible   44      1.5000e+09 1.2000e+09  20.0%  77.7  171s
 82699 47206 1.2250e+09   46   75 1.5000e+09 1.2000e+09  20.0%  76.9  175s
 86668 49386 infeasible   38      1.5000e+09 1.2000e+09  20.0%  76.0  181s
 89562 50890 1.4000e+09   37   48 1.5000e+09 1.2000e+09  20.0%  75.3  185s
 93058 52740 infeasible   34      1.5000e+09 1.2000e+09  20.0%  74.4  190s
*94024  6218              66    1.200013e+09 1.2000e+09  0.00%  74.2  190s

Cutting planes:
  Gomory: 136
  Cover: 61
  Implied bound: 103
  Projected implied bound: 6
  MIR: 151
  Flow cover: 2361
  RLT: 198
  Relax-and-lift: 1149

Explored 94315 nodes (6994337 simplex iterations) in 190.78 seconds
Thread count was 8 (of 8 available processors)

Solution count 10: 1.20001e+09 1.50001e+09 1.50001e+09 ... 1.60001e+09

Optimal solution found (tolerance 1.00e-04)
Best objective 1.200012600000e+09, best bound 1.200008669193e+09, gap 0.0003%
