
Gurobi 9.1.2 (linux64, gurobi_cl) logging started Fri Jul 30 13:53:10 2021

Using license file /opt/gurobi/gurobi.lic
Set parameter TimeLimit to value 600
Set parameter MIPFocus to value 2
Set parameter LogFile to value 912-MIPFocus2-glass4-0.log

Gurobi Optimizer version 9.1.2 build v9.1.2rc0 (linux64)
Copyright (c) 2021, Gurobi Optimization, LLC

Read MPS format model from file /nfs/models/mip/glass4.mps.bz2
Reading time = 0.00 seconds
glass4: 396 rows, 322 columns, 1815 nonzeros
Thread count: 4 physical cores, 8 logical processors, using up to 8 threads
Optimize a model with 396 rows, 322 columns and 1815 nonzeros
Model fingerprint: 0x0a9d9037
Variable types: 20 continuous, 302 integer (0 binary)
Coefficient statistics:
  Matrix range     [1e+00, 8e+06]
  Objective range  [1e+00, 1e+06]
  Bounds range     [1e+00, 8e+02]
  RHS range        [1e+00, 8e+06]
Presolve removed 6 rows and 6 columns
Presolve time: 0.00s
Presolved: 390 rows, 316 columns, 1803 nonzeros
Variable types: 19 continuous, 297 integer (297 binary)
Found heuristic solution: objective 3.133356e+09
Presolved: 390 rows, 316 columns, 1803 nonzeros


Root relaxation: objective 8.000024e+08, 36 iterations, 0.00 seconds

    Nodes    |    Current Node    |     Objective Bounds      |     Work
 Expl Unexpl |  Obj  Depth IntInf | Incumbent    BestBd   Gap | It/Node Time

     0     0 8.0000e+08    0   72 3.1334e+09 8.0000e+08  74.5%     -    0s
H    0     0                    2.300019e+09 8.0000e+08  65.2%     -    0s
H    0     0                    2.100018e+09 8.0000e+08  61.9%     -    0s
     0     0 8.0000e+08    0   72 2.1000e+09 8.0000e+08  61.9%     -    0s
H    0     0                    2.100016e+09 8.0000e+08  61.9%     -    0s
     0     0 8.0000e+08    0   80 2.1000e+09 8.0000e+08  61.9%     -    0s
H    0     0                    2.000016e+09 8.0000e+08  60.0%     -    0s
     0     0 8.0000e+08    0   80 2.0000e+09 8.0000e+08  60.0%     -    0s
H    0     0                    1.900015e+09 8.0000e+08  57.9%     -    0s
     0     2 8.0000e+08    0   79 1.9000e+09 8.0000e+08  57.9%     -    0s
H  127   247                    1.848500e+09 8.0000e+08  56.7%  13.8    0s
H  247   340                    1.845470e+09 8.0000e+08  56.7%   9.8    0s
H  295   340                    1.833349e+09 8.0000e+08  56.4%   9.0    0s
H  531   503                    1.800015e+09 8.0000e+08  55.6%   9.1    0s
*  867   744              76    1.800014e+09 8.0000e+08  55.6%  10.8    0s
H 1224   964                    1.786125e+09 8.0001e+08  55.2%  14.8    1s
H 1290   961                    1.777792e+09 8.0001e+08  55.0%  15.6    1s
H 1295   917                    1.758347e+09 8.0001e+08  54.5%  15.6    1s
* 1621  1053              81    1.733349e+09 8.0001e+08  53.8%  16.1    1s
H 1625  1015                    1.700015e+09 8.0001e+08  52.9%  16.0    1s
H 4917  2837                    1.683348e+09 8.0001e+08  52.5%  21.4    3s
  7227  4417 8.3001e+08   28   94 1.6833e+09 8.0001e+08  52.5%  23.5    5s
* 8255  4879              47    1.650015e+09 8.0119e+08  51.4%  23.7    5s
*10276  6198              66    1.650014e+09 8.2756e+08  49.8%  24.0    6s
H18989 12030                    1.644457e+09 8.7778e+08  46.6%  22.7    8s
 25809 16953 1.5000e+09   57   27 1.6445e+09 9.0000e+08  45.3%  22.6   10s
*27952 17016              66    1.625014e+09 9.0001e+08  44.6%  22.4   10s
*28088 16671              54    1.600014e+09 9.0001e+08  43.8%  22.4   10s
*28091 16618              55    1.600014e+09 9.0001e+08  43.8%  22.4   10s
*28348 16489              42    1.600013e+09 9.0001e+08  43.8%  22.5   10s
*28749 15232              90    1.566683e+09 9.0001e+08  42.6%  22.6   10s
*28750 14126              90    1.500016e+09 9.0001e+08  40.0%  22.6   10s
*28751 14125              89    1.500016e+09 9.0001e+08  40.0%  22.6   10s
*36602 18162              53    1.500015e+09 9.0001e+08  40.0%  23.4   12s
*39330 19320              55    1.500015e+09 9.0001e+08  40.0%  23.3   13s
 44579 22498 1.2000e+09   39   50 1.5000e+09 9.0455e+08  39.7%  23.5   15s
*48576 24048              68    1.500015e+09 9.0770e+08  39.5%  23.3   15s
*48798 18657              75    1.460015e+09 9.0808e+08  37.8%  23.3   16s
*49720 18655              50    1.450012e+09 9.0965e+08  37.3%  23.6   16s
*49723 18655              50    1.450012e+09 9.0965e+08  37.3%  23.6   16s
*50065 18687              50    1.450012e+09 9.1112e+08  37.2%  23.7   16s
 59232 21501 infeasible   29      1.4500e+09 1.0000e+09  31.0%  25.4   20s
*62852 20457              67    1.400013e+09 1.0000e+09  28.6%  26.7   21s
H64634 20670                    1.400013e+09 1.0000e+09  28.6%  27.5   23s
 67464 21513 1.0071e+09   32   85 1.4000e+09 1.0000e+09  28.6%  28.4   25s
H67537 21493                    1.400013e+09 1.0000e+09  28.6%  28.4   25s
*73184 18478              63    1.366682e+09 1.0000e+09  26.8%  29.5   28s
*73409 17850              67    1.350013e+09 1.0000e+09  25.9%  29.5   28s
 76187 17132 1.0000e+09   48   64 1.3500e+09 1.0000e+09  25.9%  30.1   30s
 84712 15246 infeasible   32      1.3500e+09 1.1000e+09  18.5%  33.2   35s
H87716  7320                    1.200013e+09 1.1000e+09  8.33%  33.8   37s

Cutting planes:
  Gomory: 77
  Cover: 698
  Implied bound: 169
  Projected implied bound: 3
  Clique: 1
  MIR: 79
  Flow cover: 678
  Inf proof: 62
  RLT: 62
  Relax-and-lift: 220

Explored 91947 nodes (3039207 simplex iterations) in 37.88 seconds
Thread count was 8 (of 8 available processors)

Solution count 10: 1.20001e+09 1.35001e+09 1.36668e+09 ... 1.50002e+09

Optimal solution found (tolerance 1.00e-04)
Best objective 1.200012600000e+09, best bound 1.200003400000e+09, gap 0.0008%
